#
# There is insufficient memory for the Java Runtime Environment to continue.
# Native memory allocation (mmap) failed to map 266338304 bytes for G1 virtual space
# Possible reasons:
#   The system is out of physical RAM or swap space
#   The process is running with CompressedOops enabled, and the Java Heap may be blocking the growth of the native heap
# Possible solutions:
#   Reduce memory load on the system
#   Increase physical memory or swap space
#   Check if swap backing store is full
#   Decrease Java heap size (-Xmx/-Xms)
#   Decrease number of Java threads
#   Decrease Java thread stack sizes (-Xss)
#   Set larger code cache with -XX:ReservedCodeCacheSize=
#   JVM is running with Zero Based Compressed Oops mode in which the Java heap is
#     placed in the first 32GB address space. The Java Heap base address is the
#     maximum limit for the native heap growth. Please use -XX:HeapBaseMinAddress
#     to set the Java Heap base and to place the Java Heap above 32GB virtual address.
# This output file may be truncated or incomplete.
#
#  Out of Memory Error (os_windows.cpp:3613), pid=43548, tid=42632
#
# JRE version:  (17.0.10+7) (build )
# Java VM: OpenJDK 64-Bit Server VM (17.0.10+7, mixed mode, sharing, tiered, compressed oops, compressed class ptrs, g1 gc, windows-amd64)
# No core dump will be written. Minidumps are not enabled by default on client versions of Windows
#

---------------  S U M M A R Y ------------

Command Line: -Dfile.encoding=UTF-8 -Dstdout.encoding=UTF-8 -Dstderr.encoding=UTF-8 -XX:+ShowCodeDetailsInExceptionMessages Home

Host: AMD Ryzen 5 3550H with Radeon Vega Mobile Gfx  , 8 cores, 15G,  Windows 10 , 64 bit Build 19041 (10.0.19041.3636)
Time: Sat Jun 22 17:57:34 2024 Taipei Standard Time elapsed time: 0.014475 seconds (0d 0h 0m 0s)

---------------  T H R E A D  ---------------

Current thread (0x000001f7b5b1ed10):  JavaThread "Unknown thread" [_thread_in_vm, id=42632, stack(0x00000004b6200000,0x00000004b6300000)]

Stack: [0x00000004b6200000,0x00000004b6300000]
Native frames: (J=compiled Java code, j=interpreted, Vv=VM code, C=native code)
V  [jvm.dll+0x67d2c9]
V  [jvm.dll+0x834afa]
V  [jvm.dll+0x8365be]
V  [jvm.dll+0x836c23]
V  [jvm.dll+0x2477ff]
V  [jvm.dll+0x67a109]
V  [jvm.dll+0x66eb7a]
V  [jvm.dll+0x30764b]
V  [jvm.dll+0x30eaf6]
V  [jvm.dll+0x35e83e]
V  [jvm.dll+0x35ea6f]
V  [jvm.dll+0x2de248]
V  [jvm.dll+0x2df1b4]
V  [jvm.dll+0x806361]
V  [jvm.dll+0x36c6f1]
V  [jvm.dll+0x7e4e06]
V  [jvm.dll+0x3eff3f]
V  [jvm.dll+0x3f1b71]
C  [jli.dll+0x528f]
C  [ucrtbase.dll+0x21bb2]
C  [KERNEL32.DLL+0x17344]
C  [ntdll.dll+0x4cc91]


---------------  P R O C E S S  ---------------

Threads class SMR info:
_java_thread_list=0x00007ff88f05ee98, length=0, elements={
}

Java Threads: ( => current thread )

Other Threads:
  0x000001f7b5b89160 GCTaskThread "GC Thread#0" [stack: 0x00000004b6300000,0x00000004b6400000] [id=41168]
  0x000001f7b5b9a470 ConcurrentGCThread "G1 Main Marker" [stack: 0x00000004b6400000,0x00000004b6500000] [id=43220]
  0x000001f7b5b9ada0 ConcurrentGCThread "G1 Conc#0" [stack: 0x00000004b6500000,0x00000004b6600000] [id=39316]

[error occurred during error reporting (printing all threads), id 0xc0000005, EXCEPTION_ACCESS_VIOLATION (0xc0000005) at pc=0x00007ff88e81ec87]

VM state: not at safepoint (not fully initialized)

VM Mutex/Monitor currently owned by a thread:  ([mutex/lock_event])
[0x000001f7b5b185a0] Heap_lock - owner thread: 0x000001f7b5b1ed10

Heap address: 0x0000000702e00000, size: 4050 MB, Compressed Oops mode: Zero based, Oop shift amount: 3

CDS archive(s) mapped at: [0x0000000000000000-0x0000000000000000-0x0000000000000000), size 0, SharedBaseAddress: 0x0000000800000000, ArchiveRelocationMode: 1.
Narrow klass base: 0x0000000000000000, Narrow klass shift: 0, Narrow klass range: 0x0

GC Precious Log:
<Empty>

Heap:
 garbage-first heap   total 0K, used 0K [0x0000000702e00000, 0x0000000800000000)
  region size 2048K, 0 young (0K), 0 survivors (0K)

[error occurred during error reporting (printing heap information), id 0xc0000005, EXCEPTION_ACCESS_VIOLATION (0xc0000005) at pc=0x00007ff88ec06fb9]

GC Heap History (0 events):
No events

Dll operation events (1 events):
Event: 0.008 Loaded shared library C:\Users\Najila\.p2\pool\plugins\org.eclipse.justj.openjdk.hotspot.jre.full.win32.x86_64_17.0.10.v20240120-1143\jre\bin\java.dll

Deoptimization events (0 events):
No events

Classes unloaded (0 events):
No events

Classes redefined (0 events):
No events

Internal exceptions (0 events):
No events

VM Operations (0 events):
No events

Events (0 events):
No events


Dynamic libraries:
0x00007ff728e10000 - 0x00007ff728e1e000 	C:\Users\Najila\.p2\pool\plugins\org.eclipse.justj.openjdk.hotspot.jre.full.win32.x86_64_17.0.10.v20240120-1143\jre\bin\javaw.exe
0x00007ff8faa10000 - 0x00007ff8fac08000 	C:\Windows\SYSTEM32\ntdll.dll
0x00007ff8f9c80000 - 0x00007ff8f9d3d000 	C:\Windows\System32\KERNEL32.DLL
0x00007ff8f86a0000 - 0x00007ff8f8996000 	C:\Windows\System32\KERNELBASE.dll
0x00007ff8f81e0000 - 0x00007ff8f82e0000 	C:\Windows\System32\ucrtbase.dll
0x00007ff8f4630000 - 0x00007ff8f4647000 	C:\Users\Najila\.p2\pool\plugins\org.eclipse.justj.openjdk.hotspot.jre.full.win32.x86_64_17.0.10.v20240120-1143\jre\bin\jli.dll
0x00007ff8e2de0000 - 0x00007ff8e2dfb000 	C:\Users\Najila\.p2\pool\plugins\org.eclipse.justj.openjdk.hotspot.jre.full.win32.x86_64_17.0.10.v20240120-1143\jre\bin\VCRUNTIME140.dll
0x00007ff8fa830000 - 0x00007ff8fa9cf000 	C:\Windows\System32\USER32.dll
0x00007ff8f8360000 - 0x00007ff8f8382000 	C:\Windows\System32\win32u.dll
0x00007ff8e3080000 - 0x00007ff8e331a000 	C:\Windows\WinSxS\amd64_microsoft.windows.common-controls_6595b64144ccf1df_6.0.19041.4355_none_60b8b9eb71f62e16\COMCTL32.dll
0x00007ff8f9b80000 - 0x00007ff8f9bab000 	C:\Windows\System32\GDI32.dll
0x00007ff8f9e90000 - 0x00007ff8f9f2e000 	C:\Windows\System32\msvcrt.dll
0x00007ff8f8580000 - 0x00007ff8f8697000 	C:\Windows\System32\gdi32full.dll
0x00007ff8f80d0000 - 0x00007ff8f816d000 	C:\Windows\System32\msvcp_win.dll
0x00007ff8fa060000 - 0x00007ff8fa08f000 	C:\Windows\System32\IMM32.DLL
0x00007ff8f46b0000 - 0x00007ff8f46bc000 	C:\Users\Najila\.p2\pool\plugins\org.eclipse.justj.openjdk.hotspot.jre.full.win32.x86_64_17.0.10.v20240120-1143\jre\bin\vcruntime140_1.dll
0x00007ff88d9f0000 - 0x00007ff88da7d000 	C:\Users\Najila\.p2\pool\plugins\org.eclipse.justj.openjdk.hotspot.jre.full.win32.x86_64_17.0.10.v20240120-1143\jre\bin\msvcp140.dll
0x00007ff88e530000 - 0x00007ff88f192000 	C:\Users\Najila\.p2\pool\plugins\org.eclipse.justj.openjdk.hotspot.jre.full.win32.x86_64_17.0.10.v20240120-1143\jre\bin\server\jvm.dll
0x00007ff8fa1b0000 - 0x00007ff8fa260000 	C:\Windows\System32\ADVAPI32.dll
0x00007ff8f9060000 - 0x00007ff8f9100000 	C:\Windows\System32\sechost.dll
0x00007ff8f9f30000 - 0x00007ff8fa053000 	C:\Windows\System32\RPCRT4.dll
0x00007ff8f8330000 - 0x00007ff8f8357000 	C:\Windows\System32\bcrypt.dll
0x00007ff8a6150000 - 0x00007ff8a6159000 	C:\Windows\SYSTEM32\WSOCK32.dll
0x00007ff8f7650000 - 0x00007ff8f769b000 	C:\Windows\SYSTEM32\POWRPROF.dll
0x00007ff8eea60000 - 0x00007ff8eea87000 	C:\Windows\SYSTEM32\WINMM.dll
0x00007ff8f0130000 - 0x00007ff8f013a000 	C:\Windows\SYSTEM32\VERSION.dll
0x00007ff8f9d40000 - 0x00007ff8f9dab000 	C:\Windows\System32\WS2_32.dll
0x00007ff8f74c0000 - 0x00007ff8f74d2000 	C:\Windows\SYSTEM32\UMPDC.dll
0x00007ff8f5f50000 - 0x00007ff8f5f62000 	C:\Windows\SYSTEM32\kernel.appcore.dll
0x00007ff8f14b0000 - 0x00007ff8f14ba000 	C:\Users\Najila\.p2\pool\plugins\org.eclipse.justj.openjdk.hotspot.jre.full.win32.x86_64_17.0.10.v20240120-1143\jre\bin\jimage.dll
0x00007ff8ef4d0000 - 0x00007ff8ef6b4000 	C:\Windows\SYSTEM32\DBGHELP.DLL
0x00007ff8e9c20000 - 0x00007ff8e9c54000 	C:\Windows\SYSTEM32\dbgcore.DLL
0x00007ff8f8390000 - 0x00007ff8f8412000 	C:\Windows\System32\bcryptPrimitives.dll
0x00007ff8e2a10000 - 0x00007ff8e2a35000 	C:\Users\Najila\.p2\pool\plugins\org.eclipse.justj.openjdk.hotspot.jre.full.win32.x86_64_17.0.10.v20240120-1143\jre\bin\java.dll

dbghelp: loaded successfully - version: 4.0.5 - missing functions: none
symbol engine: initialized successfully - sym options: 0x614 - pdb path: .;C:\Users\Najila\.p2\pool\plugins\org.eclipse.justj.openjdk.hotspot.jre.full.win32.x86_64_17.0.10.v20240120-1143\jre\bin;C:\Windows\SYSTEM32;C:\Windows\WinSxS\amd64_microsoft.windows.common-controls_6595b64144ccf1df_6.0.19041.4355_none_60b8b9eb71f62e16;C:\Users\Najila\.p2\pool\plugins\org.eclipse.justj.openjdk.hotspot.jre.full.win32.x86_64_17.0.10.v20240120-1143\jre\bin\server

VM Arguments:
jvm_args: -Dfile.encoding=UTF-8 -Dstdout.encoding=UTF-8 -Dstderr.encoding=UTF-8 -XX:+ShowCodeDetailsInExceptionMessages 
java_command: Home
java_class_path (initial): C:\Users\Najila\eclipse-workspace\TimerAnimation2\bin
Launcher Type: SUN_STANDARD

[Global flags]
     intx CICompilerCount                          = 4                                         {product} {ergonomic}
     uint ConcGCThreads                            = 2                                         {product} {ergonomic}
     uint G1ConcRefinementThreads                  = 8                                         {product} {ergonomic}
   size_t G1HeapRegionSize                         = 2097152                                   {product} {ergonomic}
    uintx GCDrainStackTargetSize                   = 64                                        {product} {ergonomic}
   size_t InitialHeapSize                          = 266338304                                 {product} {ergonomic}
   size_t MarkStackSize                            = 4194304                                   {product} {ergonomic}
   size_t MaxHeapSize                              = 4246732800                                {product} {ergonomic}
   size_t MinHeapDeltaBytes                        = 2097152                                   {product} {ergonomic}
   size_t MinHeapSize                              = 8388608                                   {product} {ergonomic}
    uintx NonNMethodCodeHeapSize                   = 5839372                                {pd product} {ergonomic}
    uintx NonProfiledCodeHeapSize                  = 122909434                              {pd product} {ergonomic}
    uintx ProfiledCodeHeapSize                     = 122909434                              {pd product} {ergonomic}
    uintx ReservedCodeCacheSize                    = 251658240                              {pd product} {ergonomic}
     bool SegmentedCodeCache                       = true                                      {product} {ergonomic}
     bool ShowCodeDetailsInExceptionMessages       = true                                   {manageable} {command line}
   size_t SoftMaxHeapSize                          = 4246732800                             {manageable} {ergonomic}
     bool UseCompressedClassPointers               = true                           {product lp64_product} {ergonomic}
     bool UseCompressedOops                        = true                           {product lp64_product} {ergonomic}
     bool UseG1GC                                  = true                                      {product} {ergonomic}
     bool UseLargePagesIndividualAllocation        = false                                  {pd product} {ergonomic}

Logging:
Log output configuration:
 #0: stdout all=warning uptime,level,tags
 #1: stderr all=off uptime,level,tags

Environment Variables:
PATH=C:/Users/Najila/.p2/pool/plugins/org.eclipse.justj.openjdk.hotspot.jre.full.win32.x86_64_17.0.10.v20240120-1143/jre/bin/server;C:/Users/Najila/.p2/pool/plugins/org.eclipse.justj.openjdk.hotspot.jre.full.win32.x86_64_17.0.10.v20240120-1143/jre/bin;C:\Program Files (x86)\Common Files\Oracle\Java\javapath;C:\Windows\system32;C:\Windows;C:\Windows\System32\Wbem;C:\Windows\System32\WindowsPowerShell\v1.0\;C:\Windows\System32\OpenSSH\;C:\Program Files (x86)\NVIDIA Corporation\PhysX\Common;C:\Program Files\NVIDIA Corporation\NVIDIA NvDLISR;C:\Program Files\Microsoft SQL Server\150\Tools\Binn\;C:\Program Files\Microsoft SQL Server\Client SDK\ODBC\170\Tools\Binn\;C:\Program Files\dotnet\;C:\yt-dlp;C:\Program Files\get_iplayer;C:\Program Files\MySQL\MySQL Server 8.0\bin;C:\Program Files\MySQL\MySQL Shell 8.0\bin;C:\Program Files\MySQL\MySQL Shell 8.0\bin\;C:\Users\Najila\AppData\Local\Programs\Python\Python312\Scripts\;C:\Users\Najila\AppData\Local\Programs\Python\Python312\;C:\Users\Najila\AppData\Local\Microsoft\WindowsApps;C:\Users\Najila\.dotnet\tools;C:\Users\Najila\AppData\Local\Programs\Microsoft VS Code\bin;C:\Windows\system32;
USERNAME=Najila
OS=Windows_NT
PROCESSOR_IDENTIFIER=AMD64 Family 23 Model 24 Stepping 1, AuthenticAMD
TMP=C:\Users\Najila\AppData\Local\Temp
TEMP=C:\Users\Najila\AppData\Local\Temp



Periodic native trim disabled


---------------  S Y S T E M  ---------------

OS:
 Windows 10 , 64 bit Build 19041 (10.0.19041.3636)
OS uptime: 0 days 19:47 hours

CPU: total 8 (initial active 8) (8 cores per cpu, 2 threads per core) family 23 model 24 stepping 1 microcode 0x0, cx8, cmov, fxsr, ht, mmx, 3dnowpref, sse, sse2, sse3, ssse3, sse4a, sse4.1, sse4.2, popcnt, lzcnt, tsc, tscinvbit, avx, avx2, aes, clmul, bmi1, bmi2, adx, sha, fma, vzeroupper, clflush, clflushopt
Processor Information for all 8 processors :
  Max Mhz: 2100, Current Mhz: 2100, Mhz Limit: 2100

Memory: 4k page, system-wide physical 16192M (458M free)
TotalPageFile size 65344M (AvailPageFile size 98M)
current process WorkingSet (physical memory assigned to process): 10M, peak: 10M
current process commit charge ("private bytes"): 60M, peak: 314M

vm_info: OpenJDK 64-Bit Server VM (17.0.10+7) for windows-amd64 JRE (17.0.10+7), built on Jan 16 2024 23:25:11 by "admin" with MS VC++ 16.10 / 16.11 (VS2019)

END.
