#
# There is insufficient memory for the Java Runtime Environment to continue.
# Native memory allocation (malloc) failed to allocate 707184 bytes for Chunk::new
# Possible reasons:
#   The system is out of physical RAM or swap space
#   The process is running with CompressedOops enabled, and the Java Heap may be blocking the growth of the native heap
# Possible solutions:
#   Reduce memory load on the system
#   Increase physical memory or swap space
#   Check if swap backing store is full
#   Decrease Java heap size (-Xmx/-Xms)
#   Decrease number of Java threads
#   Decrease Java thread stack sizes (-Xss)
#   Set larger code cache with -XX:ReservedCodeCacheSize=
#   JVM is running with Zero Based Compressed Oops mode in which the Java heap is
#     placed in the first 32GB address space. The Java Heap base address is the
#     maximum limit for the native heap growth. Please use -XX:HeapBaseMinAddress
#     to set the Java Heap base and to place the Java Heap above 32GB virtual address.
# This output file may be truncated or incomplete.
#
#  Out of Memory Error (arena.cpp:191), pid=40740, tid=41728
#
# JRE version: OpenJDK Runtime Environment Temurin-17.0.10+7 (17.0.10+7) (build 17.0.10+7)
# Java VM: OpenJDK 64-Bit Server VM Temurin-17.0.10+7 (17.0.10+7, mixed mode, tiered, compressed oops, compressed class ptrs, g1 gc, windows-amd64)
# No core dump will be written. Minidumps are not enabled by default on client versions of Windows
#

---------------  S U M M A R Y ------------

Command Line: -Dfile.encoding=UTF-8 -Dstdout.encoding=UTF-8 -Dstderr.encoding=UTF-8 -XX:+ShowCodeDetailsInExceptionMessages Home

Host: AMD Ryzen 5 3550H with Radeon Vega Mobile Gfx  , 8 cores, 15G,  Windows 10 , 64 bit Build 19041 (10.0.19041.3636)
Time: Sat Jun 22 17:57:48 2024 Taipei Standard Time elapsed time: 0.907623 seconds (0d 0h 0m 0s)

---------------  T H R E A D  ---------------

Current thread (0x0000021a54a04520):  JavaThread "C2 CompilerThread0" daemon [_thread_in_native, id=41728, stack(0x000000238cf00000,0x000000238d000000)]


Current CompileTask:
C2:    907  769 % !   4       sun.awt.image.PNGImageDecoder::produceImage @ 960 (1917 bytes)

Stack: [0x000000238cf00000,0x000000238d000000]
Native frames: (J=compiled Java code, j=interpreted, Vv=VM code, C=native code)
V  [jvm.dll+0x67d2c9]
V  [jvm.dll+0x834afa]
V  [jvm.dll+0x8365be]
V  [jvm.dll+0x836c23]
V  [jvm.dll+0x2477ff]
V  [jvm.dll+0xac514]
V  [jvm.dll+0xacb5c]
V  [jvm.dll+0x3667d7]
V  [jvm.dll+0x1bcd86]
V  [jvm.dll+0x21a049]
V  [jvm.dll+0x219311]
V  [jvm.dll+0x1a502d]
V  [jvm.dll+0x2290de]
V  [jvm.dll+0x2272ac]
V  [jvm.dll+0x7e9bb7]
V  [jvm.dll+0x7e3fba]
V  [jvm.dll+0x67c1b5]
C  [ucrtbase.dll+0x21bb2]
C  [KERNEL32.DLL+0x17344]
C  [ntdll.dll+0x4cc91]


---------------  P R O C E S S  ---------------

Threads class SMR info:
_java_thread_list=0x0000021a5941daa0, length=19, elements={
0x0000021a549d13e0, 0x0000021a549d3c00, 0x0000021a549fb690, 0x0000021a549fd170,
0x0000021a549ffb50, 0x0000021a54a00420, 0x0000021a54a04520, 0x0000021a54a06b00,
0x0000021a54a19010, 0x0000021a54b869f0, 0x0000021a54b95350, 0x0000021a590a8490,
0x0000021a590a8b40, 0x0000021a590a9420, 0x0000021a59370590, 0x0000021a59411f70,
0x0000021a593bc350, 0x0000021a35e7d280, 0x0000021a593e9850
}

Java Threads: ( => current thread )
  0x0000021a549d13e0 JavaThread "Reference Handler" daemon [_thread_blocked, id=40220, stack(0x000000238c900000,0x000000238ca00000)]
  0x0000021a549d3c00 JavaThread "Finalizer" daemon [_thread_blocked, id=38172, stack(0x000000238ca00000,0x000000238cb00000)]
  0x0000021a549fb690 JavaThread "Signal Dispatcher" daemon [_thread_blocked, id=43296, stack(0x000000238cb00000,0x000000238cc00000)]
  0x0000021a549fd170 JavaThread "Attach Listener" daemon [_thread_blocked, id=43288, stack(0x000000238cc00000,0x000000238cd00000)]
  0x0000021a549ffb50 JavaThread "Service Thread" daemon [_thread_blocked, id=40568, stack(0x000000238cd00000,0x000000238ce00000)]
  0x0000021a54a00420 JavaThread "Monitor Deflation Thread" daemon [_thread_blocked, id=43792, stack(0x000000238ce00000,0x000000238cf00000)]
=>0x0000021a54a04520 JavaThread "C2 CompilerThread0" daemon [_thread_in_native, id=41728, stack(0x000000238cf00000,0x000000238d000000)]
  0x0000021a54a06b00 JavaThread "C1 CompilerThread0" daemon [_thread_blocked, id=42052, stack(0x000000238d000000,0x000000238d100000)]
  0x0000021a54a19010 JavaThread "Sweeper thread" daemon [_thread_blocked, id=42720, stack(0x000000238d100000,0x000000238d200000)]
  0x0000021a54b869f0 JavaThread "Notification Thread" daemon [_thread_blocked, id=40668, stack(0x000000238d200000,0x000000238d300000)]
  0x0000021a54b95350 JavaThread "Common-Cleaner" daemon [_thread_blocked, id=40384, stack(0x000000238d400000,0x000000238d500000)]
  0x0000021a590a8490 JavaThread "Java2D Disposer" daemon [_thread_blocked, id=40556, stack(0x000000238d500000,0x000000238d600000)]
  0x0000021a590a8b40 JavaThread "AWT-Shutdown" [_thread_blocked, id=36752, stack(0x000000238d600000,0x000000238d700000)]
  0x0000021a590a9420 JavaThread "AWT-Windows" daemon [_thread_in_native, id=41504, stack(0x000000238d700000,0x000000238d800000)]
  0x0000021a59370590 JavaThread "AWT-EventQueue-0" [_thread_blocked, id=38408, stack(0x000000238da00000,0x000000238db00000)]
  0x0000021a59411f70 JavaThread "D3D Screen Updater" daemon [_thread_blocked, id=37980, stack(0x000000238e100000,0x000000238e200000)]
  0x0000021a593bc350 JavaThread "TimerQueue" daemon [_thread_blocked, id=43636, stack(0x000000238e200000,0x000000238e300000)]
  0x0000021a35e7d280 JavaThread "DestroyJavaVM" [_thread_blocked, id=41464, stack(0x000000238c200000,0x000000238c300000)]
  0x0000021a593e9850 JavaThread "Image Fetcher 0" daemon [_thread_blocked, id=43088, stack(0x000000238e300000,0x000000238e400000)]

Other Threads:
  0x0000021a5496e020 VMThread "VM Thread" [stack: 0x000000238c800000,0x000000238c900000] [id=43176]
  0x0000021a54b88ee0 WatcherThread [stack: 0x000000238d300000,0x000000238d400000] [id=40420]
  0x0000021a35ee7a50 GCTaskThread "GC Thread#0" [stack: 0x000000238c300000,0x000000238c400000] [id=37512]
  0x0000021a35ef8d60 ConcurrentGCThread "G1 Main Marker" [stack: 0x000000238c400000,0x000000238c500000] [id=37460]
  0x0000021a35ef9690 ConcurrentGCThread "G1 Conc#0" [stack: 0x000000238c500000,0x000000238c600000] [id=43728]
  0x0000021a548044f0 ConcurrentGCThread "G1 Refine#0" [stack: 0x000000238c600000,0x000000238c700000] [id=43016]
  0x0000021a54804e30 ConcurrentGCThread "G1 Service" [stack: 0x000000238c700000,0x000000238c800000] [id=42512]

Threads with active compile tasks:
C2 CompilerThread0      936  769 % !   4       sun.awt.image.PNGImageDecoder::produceImage @ 960 (1917 bytes)

VM state: not at safepoint (normal execution)

VM Mutex/Monitor currently owned by a thread: None

Heap address: 0x0000000702e00000, size: 4050 MB, Compressed Oops mode: Zero based, Oop shift amount: 3

CDS archive(s) not mapped
Compressed class space mapped at: 0x0000000800000000-0x0000000840000000, reserved size: 1073741824
Narrow klass base: 0x0000000800000000, Narrow klass shift: 0, Narrow klass range: 0x40000000

GC Precious Log:
 CPUs: 8 total, 8 available
 Memory: 16192M
 Large Page Support: Disabled
 NUMA Support: Disabled
 Compressed Oops: Enabled (Zero based)
 Heap Region Size: 2M
 Heap Min Capacity: 8M
 Heap Initial Capacity: 254M
 Heap Max Capacity: 4050M
 Pre-touch: Disabled
 Parallel Workers: 8
 Concurrent Workers: 2
 Concurrent Refinement Workers: 8
 Periodic GC: Disabled

Heap:
 garbage-first heap   total 260096K, used 16384K [0x0000000702e00000, 0x0000000800000000)
  region size 2048K, 8 young (16384K), 0 survivors (0K)
 Metaspace       used 13622K, committed 13824K, reserved 1114112K
  class space    used 1330K, committed 1472K, reserved 1048576K

Heap Regions: E=young(eden), S=young(survivor), O=old, HS=humongous(starts), HC=humongous(continues), CS=collection set, F=free, OA=open archive, CA=closed archive, TAMS=top-at-mark-start (previous, next)
|   0|0x0000000702e00000, 0x0000000703000000, 0x0000000703000000|100%|HS|  |TAMS 0x0000000702e00000, 0x0000000702e00000| Complete 
|   1|0x0000000703000000, 0x0000000703200000, 0x0000000703200000|100%|HC|  |TAMS 0x0000000703000000, 0x0000000703000000| Complete 
|   2|0x0000000703200000, 0x0000000703200000, 0x0000000703400000|  0%| F|  |TAMS 0x0000000703200000, 0x0000000703200000| Untracked 
|   3|0x0000000703400000, 0x0000000703400000, 0x0000000703600000|  0%| F|  |TAMS 0x0000000703400000, 0x0000000703400000| Untracked 
|   4|0x0000000703600000, 0x0000000703600000, 0x0000000703800000|  0%| F|  |TAMS 0x0000000703600000, 0x0000000703600000| Untracked 
|   5|0x0000000703800000, 0x0000000703800000, 0x0000000703a00000|  0%| F|  |TAMS 0x0000000703800000, 0x0000000703800000| Untracked 
|   6|0x0000000703a00000, 0x0000000703a00000, 0x0000000703c00000|  0%| F|  |TAMS 0x0000000703a00000, 0x0000000703a00000| Untracked 
|   7|0x0000000703c00000, 0x0000000703c00000, 0x0000000703e00000|  0%| F|  |TAMS 0x0000000703c00000, 0x0000000703c00000| Untracked 
|   8|0x0000000703e00000, 0x0000000703e00000, 0x0000000704000000|  0%| F|  |TAMS 0x0000000703e00000, 0x0000000703e00000| Untracked 
|   9|0x0000000704000000, 0x0000000704000000, 0x0000000704200000|  0%| F|  |TAMS 0x0000000704000000, 0x0000000704000000| Untracked 
|  10|0x0000000704200000, 0x0000000704200000, 0x0000000704400000|  0%| F|  |TAMS 0x0000000704200000, 0x0000000704200000| Untracked 
|  11|0x0000000704400000, 0x0000000704400000, 0x0000000704600000|  0%| F|  |TAMS 0x0000000704400000, 0x0000000704400000| Untracked 
|  12|0x0000000704600000, 0x0000000704600000, 0x0000000704800000|  0%| F|  |TAMS 0x0000000704600000, 0x0000000704600000| Untracked 
|  13|0x0000000704800000, 0x0000000704800000, 0x0000000704a00000|  0%| F|  |TAMS 0x0000000704800000, 0x0000000704800000| Untracked 
|  14|0x0000000704a00000, 0x0000000704a00000, 0x0000000704c00000|  0%| F|  |TAMS 0x0000000704a00000, 0x0000000704a00000| Untracked 
|  15|0x0000000704c00000, 0x0000000704c00000, 0x0000000704e00000|  0%| F|  |TAMS 0x0000000704c00000, 0x0000000704c00000| Untracked 
|  16|0x0000000704e00000, 0x0000000704e00000, 0x0000000705000000|  0%| F|  |TAMS 0x0000000704e00000, 0x0000000704e00000| Untracked 
|  17|0x0000000705000000, 0x0000000705000000, 0x0000000705200000|  0%| F|  |TAMS 0x0000000705000000, 0x0000000705000000| Untracked 
|  18|0x0000000705200000, 0x0000000705200000, 0x0000000705400000|  0%| F|  |TAMS 0x0000000705200000, 0x0000000705200000| Untracked 
|  19|0x0000000705400000, 0x0000000705400000, 0x0000000705600000|  0%| F|  |TAMS 0x0000000705400000, 0x0000000705400000| Untracked 
|  20|0x0000000705600000, 0x0000000705600000, 0x0000000705800000|  0%| F|  |TAMS 0x0000000705600000, 0x0000000705600000| Untracked 
|  21|0x0000000705800000, 0x0000000705800000, 0x0000000705a00000|  0%| F|  |TAMS 0x0000000705800000, 0x0000000705800000| Untracked 
|  22|0x0000000705a00000, 0x0000000705a00000, 0x0000000705c00000|  0%| F|  |TAMS 0x0000000705a00000, 0x0000000705a00000| Untracked 
|  23|0x0000000705c00000, 0x0000000705c00000, 0x0000000705e00000|  0%| F|  |TAMS 0x0000000705c00000, 0x0000000705c00000| Untracked 
|  24|0x0000000705e00000, 0x0000000705e00000, 0x0000000706000000|  0%| F|  |TAMS 0x0000000705e00000, 0x0000000705e00000| Untracked 
|  25|0x0000000706000000, 0x0000000706000000, 0x0000000706200000|  0%| F|  |TAMS 0x0000000706000000, 0x0000000706000000| Untracked 
|  26|0x0000000706200000, 0x0000000706200000, 0x0000000706400000|  0%| F|  |TAMS 0x0000000706200000, 0x0000000706200000| Untracked 
|  27|0x0000000706400000, 0x0000000706400000, 0x0000000706600000|  0%| F|  |TAMS 0x0000000706400000, 0x0000000706400000| Untracked 
|  28|0x0000000706600000, 0x0000000706600000, 0x0000000706800000|  0%| F|  |TAMS 0x0000000706600000, 0x0000000706600000| Untracked 
|  29|0x0000000706800000, 0x0000000706800000, 0x0000000706a00000|  0%| F|  |TAMS 0x0000000706800000, 0x0000000706800000| Untracked 
|  30|0x0000000706a00000, 0x0000000706a00000, 0x0000000706c00000|  0%| F|  |TAMS 0x0000000706a00000, 0x0000000706a00000| Untracked 
|  31|0x0000000706c00000, 0x0000000706c00000, 0x0000000706e00000|  0%| F|  |TAMS 0x0000000706c00000, 0x0000000706c00000| Untracked 
|  32|0x0000000706e00000, 0x0000000706e00000, 0x0000000707000000|  0%| F|  |TAMS 0x0000000706e00000, 0x0000000706e00000| Untracked 
|  33|0x0000000707000000, 0x0000000707000000, 0x0000000707200000|  0%| F|  |TAMS 0x0000000707000000, 0x0000000707000000| Untracked 
|  34|0x0000000707200000, 0x0000000707200000, 0x0000000707400000|  0%| F|  |TAMS 0x0000000707200000, 0x0000000707200000| Untracked 
|  35|0x0000000707400000, 0x0000000707400000, 0x0000000707600000|  0%| F|  |TAMS 0x0000000707400000, 0x0000000707400000| Untracked 
|  36|0x0000000707600000, 0x0000000707600000, 0x0000000707800000|  0%| F|  |TAMS 0x0000000707600000, 0x0000000707600000| Untracked 
|  37|0x0000000707800000, 0x0000000707800000, 0x0000000707a00000|  0%| F|  |TAMS 0x0000000707800000, 0x0000000707800000| Untracked 
|  38|0x0000000707a00000, 0x0000000707a00000, 0x0000000707c00000|  0%| F|  |TAMS 0x0000000707a00000, 0x0000000707a00000| Untracked 
|  39|0x0000000707c00000, 0x0000000707c00000, 0x0000000707e00000|  0%| F|  |TAMS 0x0000000707c00000, 0x0000000707c00000| Untracked 
|  40|0x0000000707e00000, 0x0000000707e00000, 0x0000000708000000|  0%| F|  |TAMS 0x0000000707e00000, 0x0000000707e00000| Untracked 
|  41|0x0000000708000000, 0x0000000708000000, 0x0000000708200000|  0%| F|  |TAMS 0x0000000708000000, 0x0000000708000000| Untracked 
|  42|0x0000000708200000, 0x0000000708200000, 0x0000000708400000|  0%| F|  |TAMS 0x0000000708200000, 0x0000000708200000| Untracked 
|  43|0x0000000708400000, 0x0000000708400000, 0x0000000708600000|  0%| F|  |TAMS 0x0000000708400000, 0x0000000708400000| Untracked 
|  44|0x0000000708600000, 0x0000000708600000, 0x0000000708800000|  0%| F|  |TAMS 0x0000000708600000, 0x0000000708600000| Untracked 
|  45|0x0000000708800000, 0x0000000708800000, 0x0000000708a00000|  0%| F|  |TAMS 0x0000000708800000, 0x0000000708800000| Untracked 
|  46|0x0000000708a00000, 0x0000000708a00000, 0x0000000708c00000|  0%| F|  |TAMS 0x0000000708a00000, 0x0000000708a00000| Untracked 
|  47|0x0000000708c00000, 0x0000000708c00000, 0x0000000708e00000|  0%| F|  |TAMS 0x0000000708c00000, 0x0000000708c00000| Untracked 
|  48|0x0000000708e00000, 0x0000000708e00000, 0x0000000709000000|  0%| F|  |TAMS 0x0000000708e00000, 0x0000000708e00000| Untracked 
|  49|0x0000000709000000, 0x0000000709000000, 0x0000000709200000|  0%| F|  |TAMS 0x0000000709000000, 0x0000000709000000| Untracked 
|  50|0x0000000709200000, 0x0000000709200000, 0x0000000709400000|  0%| F|  |TAMS 0x0000000709200000, 0x0000000709200000| Untracked 
|  51|0x0000000709400000, 0x0000000709400000, 0x0000000709600000|  0%| F|  |TAMS 0x0000000709400000, 0x0000000709400000| Untracked 
|  52|0x0000000709600000, 0x0000000709600000, 0x0000000709800000|  0%| F|  |TAMS 0x0000000709600000, 0x0000000709600000| Untracked 
|  53|0x0000000709800000, 0x0000000709800000, 0x0000000709a00000|  0%| F|  |TAMS 0x0000000709800000, 0x0000000709800000| Untracked 
|  54|0x0000000709a00000, 0x0000000709a00000, 0x0000000709c00000|  0%| F|  |TAMS 0x0000000709a00000, 0x0000000709a00000| Untracked 
|  55|0x0000000709c00000, 0x0000000709c00000, 0x0000000709e00000|  0%| F|  |TAMS 0x0000000709c00000, 0x0000000709c00000| Untracked 
|  56|0x0000000709e00000, 0x0000000709e00000, 0x000000070a000000|  0%| F|  |TAMS 0x0000000709e00000, 0x0000000709e00000| Untracked 
|  57|0x000000070a000000, 0x000000070a000000, 0x000000070a200000|  0%| F|  |TAMS 0x000000070a000000, 0x000000070a000000| Untracked 
|  58|0x000000070a200000, 0x000000070a200000, 0x000000070a400000|  0%| F|  |TAMS 0x000000070a200000, 0x000000070a200000| Untracked 
|  59|0x000000070a400000, 0x000000070a400000, 0x000000070a600000|  0%| F|  |TAMS 0x000000070a400000, 0x000000070a400000| Untracked 
|  60|0x000000070a600000, 0x000000070a600000, 0x000000070a800000|  0%| F|  |TAMS 0x000000070a600000, 0x000000070a600000| Untracked 
|  61|0x000000070a800000, 0x000000070a800000, 0x000000070aa00000|  0%| F|  |TAMS 0x000000070a800000, 0x000000070a800000| Untracked 
|  62|0x000000070aa00000, 0x000000070aa00000, 0x000000070ac00000|  0%| F|  |TAMS 0x000000070aa00000, 0x000000070aa00000| Untracked 
|  63|0x000000070ac00000, 0x000000070ac00000, 0x000000070ae00000|  0%| F|  |TAMS 0x000000070ac00000, 0x000000070ac00000| Untracked 
|  64|0x000000070ae00000, 0x000000070ae00000, 0x000000070b000000|  0%| F|  |TAMS 0x000000070ae00000, 0x000000070ae00000| Untracked 
|  65|0x000000070b000000, 0x000000070b000000, 0x000000070b200000|  0%| F|  |TAMS 0x000000070b000000, 0x000000070b000000| Untracked 
|  66|0x000000070b200000, 0x000000070b200000, 0x000000070b400000|  0%| F|  |TAMS 0x000000070b200000, 0x000000070b200000| Untracked 
|  67|0x000000070b400000, 0x000000070b400000, 0x000000070b600000|  0%| F|  |TAMS 0x000000070b400000, 0x000000070b400000| Untracked 
|  68|0x000000070b600000, 0x000000070b600000, 0x000000070b800000|  0%| F|  |TAMS 0x000000070b600000, 0x000000070b600000| Untracked 
|  69|0x000000070b800000, 0x000000070b800000, 0x000000070ba00000|  0%| F|  |TAMS 0x000000070b800000, 0x000000070b800000| Untracked 
|  70|0x000000070ba00000, 0x000000070ba00000, 0x000000070bc00000|  0%| F|  |TAMS 0x000000070ba00000, 0x000000070ba00000| Untracked 
|  71|0x000000070bc00000, 0x000000070bc00000, 0x000000070be00000|  0%| F|  |TAMS 0x000000070bc00000, 0x000000070bc00000| Untracked 
|  72|0x000000070be00000, 0x000000070be00000, 0x000000070c000000|  0%| F|  |TAMS 0x000000070be00000, 0x000000070be00000| Untracked 
|  73|0x000000070c000000, 0x000000070c000000, 0x000000070c200000|  0%| F|  |TAMS 0x000000070c000000, 0x000000070c000000| Untracked 
|  74|0x000000070c200000, 0x000000070c200000, 0x000000070c400000|  0%| F|  |TAMS 0x000000070c200000, 0x000000070c200000| Untracked 
|  75|0x000000070c400000, 0x000000070c400000, 0x000000070c600000|  0%| F|  |TAMS 0x000000070c400000, 0x000000070c400000| Untracked 
|  76|0x000000070c600000, 0x000000070c600000, 0x000000070c800000|  0%| F|  |TAMS 0x000000070c600000, 0x000000070c600000| Untracked 
|  77|0x000000070c800000, 0x000000070c800000, 0x000000070ca00000|  0%| F|  |TAMS 0x000000070c800000, 0x000000070c800000| Untracked 
|  78|0x000000070ca00000, 0x000000070ca00000, 0x000000070cc00000|  0%| F|  |TAMS 0x000000070ca00000, 0x000000070ca00000| Untracked 
|  79|0x000000070cc00000, 0x000000070cc00000, 0x000000070ce00000|  0%| F|  |TAMS 0x000000070cc00000, 0x000000070cc00000| Untracked 
|  80|0x000000070ce00000, 0x000000070ce00000, 0x000000070d000000|  0%| F|  |TAMS 0x000000070ce00000, 0x000000070ce00000| Untracked 
|  81|0x000000070d000000, 0x000000070d000000, 0x000000070d200000|  0%| F|  |TAMS 0x000000070d000000, 0x000000070d000000| Untracked 
|  82|0x000000070d200000, 0x000000070d200000, 0x000000070d400000|  0%| F|  |TAMS 0x000000070d200000, 0x000000070d200000| Untracked 
|  83|0x000000070d400000, 0x000000070d400000, 0x000000070d600000|  0%| F|  |TAMS 0x000000070d400000, 0x000000070d400000| Untracked 
|  84|0x000000070d600000, 0x000000070d600000, 0x000000070d800000|  0%| F|  |TAMS 0x000000070d600000, 0x000000070d600000| Untracked 
|  85|0x000000070d800000, 0x000000070d800000, 0x000000070da00000|  0%| F|  |TAMS 0x000000070d800000, 0x000000070d800000| Untracked 
|  86|0x000000070da00000, 0x000000070da00000, 0x000000070dc00000|  0%| F|  |TAMS 0x000000070da00000, 0x000000070da00000| Untracked 
|  87|0x000000070dc00000, 0x000000070dc00000, 0x000000070de00000|  0%| F|  |TAMS 0x000000070dc00000, 0x000000070dc00000| Untracked 
|  88|0x000000070de00000, 0x000000070de00000, 0x000000070e000000|  0%| F|  |TAMS 0x000000070de00000, 0x000000070de00000| Untracked 
|  89|0x000000070e000000, 0x000000070e000000, 0x000000070e200000|  0%| F|  |TAMS 0x000000070e000000, 0x000000070e000000| Untracked 
|  90|0x000000070e200000, 0x000000070e200000, 0x000000070e400000|  0%| F|  |TAMS 0x000000070e200000, 0x000000070e200000| Untracked 
|  91|0x000000070e400000, 0x000000070e400000, 0x000000070e600000|  0%| F|  |TAMS 0x000000070e400000, 0x000000070e400000| Untracked 
|  92|0x000000070e600000, 0x000000070e600000, 0x000000070e800000|  0%| F|  |TAMS 0x000000070e600000, 0x000000070e600000| Untracked 
|  93|0x000000070e800000, 0x000000070e800000, 0x000000070ea00000|  0%| F|  |TAMS 0x000000070e800000, 0x000000070e800000| Untracked 
|  94|0x000000070ea00000, 0x000000070ea00000, 0x000000070ec00000|  0%| F|  |TAMS 0x000000070ea00000, 0x000000070ea00000| Untracked 
|  95|0x000000070ec00000, 0x000000070ec00000, 0x000000070ee00000|  0%| F|  |TAMS 0x000000070ec00000, 0x000000070ec00000| Untracked 
|  96|0x000000070ee00000, 0x000000070ee00000, 0x000000070f000000|  0%| F|  |TAMS 0x000000070ee00000, 0x000000070ee00000| Untracked 
|  97|0x000000070f000000, 0x000000070f000000, 0x000000070f200000|  0%| F|  |TAMS 0x000000070f000000, 0x000000070f000000| Untracked 
|  98|0x000000070f200000, 0x000000070f200000, 0x000000070f400000|  0%| F|  |TAMS 0x000000070f200000, 0x000000070f200000| Untracked 
|  99|0x000000070f400000, 0x000000070f400000, 0x000000070f600000|  0%| F|  |TAMS 0x000000070f400000, 0x000000070f400000| Untracked 
| 100|0x000000070f600000, 0x000000070f600000, 0x000000070f800000|  0%| F|  |TAMS 0x000000070f600000, 0x000000070f600000| Untracked 
| 101|0x000000070f800000, 0x000000070f800000, 0x000000070fa00000|  0%| F|  |TAMS 0x000000070f800000, 0x000000070f800000| Untracked 
| 102|0x000000070fa00000, 0x000000070fa00000, 0x000000070fc00000|  0%| F|  |TAMS 0x000000070fa00000, 0x000000070fa00000| Untracked 
| 103|0x000000070fc00000, 0x000000070fc00000, 0x000000070fe00000|  0%| F|  |TAMS 0x000000070fc00000, 0x000000070fc00000| Untracked 
| 104|0x000000070fe00000, 0x000000070fe00000, 0x0000000710000000|  0%| F|  |TAMS 0x000000070fe00000, 0x000000070fe00000| Untracked 
| 105|0x0000000710000000, 0x0000000710000000, 0x0000000710200000|  0%| F|  |TAMS 0x0000000710000000, 0x0000000710000000| Untracked 
| 106|0x0000000710200000, 0x0000000710200000, 0x0000000710400000|  0%| F|  |TAMS 0x0000000710200000, 0x0000000710200000| Untracked 
| 107|0x0000000710400000, 0x0000000710400000, 0x0000000710600000|  0%| F|  |TAMS 0x0000000710400000, 0x0000000710400000| Untracked 
| 108|0x0000000710600000, 0x0000000710600000, 0x0000000710800000|  0%| F|  |TAMS 0x0000000710600000, 0x0000000710600000| Untracked 
| 109|0x0000000710800000, 0x0000000710800000, 0x0000000710a00000|  0%| F|  |TAMS 0x0000000710800000, 0x0000000710800000| Untracked 
| 110|0x0000000710a00000, 0x0000000710a00000, 0x0000000710c00000|  0%| F|  |TAMS 0x0000000710a00000, 0x0000000710a00000| Untracked 
| 111|0x0000000710c00000, 0x0000000710c00000, 0x0000000710e00000|  0%| F|  |TAMS 0x0000000710c00000, 0x0000000710c00000| Untracked 
| 112|0x0000000710e00000, 0x0000000710e00000, 0x0000000711000000|  0%| F|  |TAMS 0x0000000710e00000, 0x0000000710e00000| Untracked 
| 113|0x0000000711000000, 0x0000000711000000, 0x0000000711200000|  0%| F|  |TAMS 0x0000000711000000, 0x0000000711000000| Untracked 
| 114|0x0000000711200000, 0x0000000711200000, 0x0000000711400000|  0%| F|  |TAMS 0x0000000711200000, 0x0000000711200000| Untracked 
| 115|0x0000000711400000, 0x0000000711400000, 0x0000000711600000|  0%| F|  |TAMS 0x0000000711400000, 0x0000000711400000| Untracked 
| 116|0x0000000711600000, 0x0000000711600000, 0x0000000711800000|  0%| F|  |TAMS 0x0000000711600000, 0x0000000711600000| Untracked 
| 117|0x0000000711800000, 0x0000000711800000, 0x0000000711a00000|  0%| F|  |TAMS 0x0000000711800000, 0x0000000711800000| Untracked 
| 118|0x0000000711a00000, 0x0000000711a00000, 0x0000000711c00000|  0%| F|  |TAMS 0x0000000711a00000, 0x0000000711a00000| Untracked 
| 119|0x0000000711c00000, 0x0000000711d53998, 0x0000000711e00000| 66%| E|  |TAMS 0x0000000711c00000, 0x0000000711c00000| Complete 
| 120|0x0000000711e00000, 0x0000000712000000, 0x0000000712000000|100%| E|CS|TAMS 0x0000000711e00000, 0x0000000711e00000| Complete 
| 121|0x0000000712000000, 0x0000000712200000, 0x0000000712200000|100%| E|CS|TAMS 0x0000000712000000, 0x0000000712000000| Complete 
| 122|0x0000000712200000, 0x0000000712400000, 0x0000000712400000|100%| E|  |TAMS 0x0000000712200000, 0x0000000712200000| Complete 
| 123|0x0000000712400000, 0x0000000712600000, 0x0000000712600000|100%| E|CS|TAMS 0x0000000712400000, 0x0000000712400000| Complete 
| 124|0x0000000712600000, 0x0000000712800000, 0x0000000712800000|100%| E|CS|TAMS 0x0000000712600000, 0x0000000712600000| Complete 
| 125|0x0000000712800000, 0x0000000712a00000, 0x0000000712a00000|100%| E|CS|TAMS 0x0000000712800000, 0x0000000712800000| Complete 
| 126|0x0000000712a00000, 0x0000000712c00000, 0x0000000712c00000|100%| E|CS|TAMS 0x0000000712a00000, 0x0000000712a00000| Complete 

Card table byte_map: [0x0000021a49070000,0x0000021a49860000] _byte_map_base: 0x0000021a45859000

Marking Bits (Prev, Next): (CMBitMap*) 0x0000021a35ee7f80, (CMBitMap*) 0x0000021a35ee7fc0
 Prev Bits: [0x0000021a4a050000, 0x0000021a4df98000)
 Next Bits: [0x0000021a4dfa0000, 0x0000021a51ee8000)

Polling page: 0x0000021a33e00000

Metaspace:

Usage:
  Non-class:     12.01 MB used.
      Class:      1.30 MB used.
       Both:     13.31 MB used.

Virtual space:
  Non-class space:       64.00 MB reserved,      12.06 MB ( 19%) committed,  1 nodes.
      Class space:        1.00 GB reserved,       1.44 MB ( <1%) committed,  1 nodes.
             Both:        1.06 GB reserved,      13.50 MB (  1%) committed. 

Chunk freelists:
   Non-Class:  3.00 MB
       Class:  14.61 MB
        Both:  17.61 MB

MaxMetaspaceSize: unlimited
CompressedClassSpaceSize: 1.00 GB
Initial GC threshold: 21.00 MB
Current GC threshold: 21.00 MB
CDS: off
MetaspaceReclaimPolicy: balanced
 - commit_granule_bytes: 65536.
 - commit_granule_words: 8192.
 - virtual_space_node_default_size: 8388608.
 - enlarge_chunks_in_place: 1.
 - new_chunks_are_fully_committed: 0.
 - uncommit_free_chunks: 1.
 - use_allocation_guard: 0.
 - handle_deallocations: 1.


Internal statistics:

num_allocs_failed_limit: 0.
num_arena_births: 118.
num_arena_deaths: 0.
num_vsnodes_births: 2.
num_vsnodes_deaths: 0.
num_space_committed: 216.
num_space_uncommitted: 0.
num_chunks_returned_to_freelist: 0.
num_chunks_taken_from_freelist: 199.
num_chunk_merges: 0.
num_chunk_splits: 97.
num_chunks_enlarged: 26.
num_inconsistent_stats: 0.

CodeHeap 'non-profiled nmethods': size=120000Kb used=244Kb max_used=244Kb free=119755Kb
 bounds [0x0000021a41020000, 0x0000021a41290000, 0x0000021a48550000]
CodeHeap 'profiled nmethods': size=120000Kb used=1322Kb max_used=1322Kb free=118677Kb
 bounds [0x0000021a39550000, 0x0000021a397c0000, 0x0000021a40a80000]
CodeHeap 'non-nmethods': size=5760Kb used=1253Kb max_used=1277Kb free=4506Kb
 bounds [0x0000021a40a80000, 0x0000021a40cf0000, 0x0000021a41020000]
 total_blobs=1376 nmethods=803 adapters=486
 compilation: enabled
              stopped_count=0, restarted_count=0
 full_count=0

Compilation events (20 events):
Event: 0.883 Thread 0x0000021a54a06b00  777       3       jdk.internal.misc.Unsafe::putInt (8 bytes)
Event: 0.883 Thread 0x0000021a54a06b00 nmethod 777 0x0000021a39691310 code [0x0000021a396914a0, 0x0000021a396915b8]
Event: 0.883 Thread 0x0000021a54a06b00  778       1       sun.java2d.SurfaceData::isSurfaceLost (5 bytes)
Event: 0.883 Thread 0x0000021a54a06b00 nmethod 778 0x0000021a4105b510 code [0x0000021a4105b6a0, 0x0000021a4105b778]
Event: 0.883 Thread 0x0000021a54a06b00  779       3       java.awt.geom.EllipseIterator::currentSegment (229 bytes)
Event: 0.883 Thread 0x0000021a54a06b00 nmethod 779 0x0000021a39691690 code [0x0000021a396918c0, 0x0000021a396920e8]
Event: 0.884 Thread 0x0000021a54a06b00  781       3       java.awt.geom.EllipseIterator::next (11 bytes)
Event: 0.884 Thread 0x0000021a54a06b00 nmethod 781 0x0000021a39692510 code [0x0000021a396926a0, 0x0000021a396927b8]
Event: 0.886 Thread 0x0000021a54a06b00  782       3       java.util.concurrent.locks.AbstractQueuedSynchronizer::compareAndSetState (13 bytes)
Event: 0.886 Thread 0x0000021a54a06b00 nmethod 782 0x0000021a39692890 code [0x0000021a39692a20, 0x0000021a39692b58]
Event: 0.892 Thread 0x0000021a54a06b00  783       3       java.util.concurrent.locks.AbstractQueuedSynchronizer::release (19 bytes)
Event: 0.893 Thread 0x0000021a54a06b00 nmethod 783 0x0000021a39692c10 code [0x0000021a39692e00, 0x0000021a39693288]
Event: 0.893 Thread 0x0000021a54a06b00  784       3       java.util.concurrent.locks.ReentrantLock$Sync::tryRelease (51 bytes)
Event: 0.894 Thread 0x0000021a54a06b00 nmethod 784 0x0000021a39693410 code [0x0000021a396935c0, 0x0000021a39693928]
Event: 0.897 Thread 0x0000021a54a06b00  785       3       java.util.concurrent.locks.ReentrantLock$NonfairSync::initialTryLock (58 bytes)
Event: 0.898 Thread 0x0000021a54a06b00 nmethod 785 0x0000021a39693a10 code [0x0000021a39693be0, 0x0000021a39693ff8]
Event: 0.898 Thread 0x0000021a54a06b00  786       3       java.util.concurrent.locks.ReentrantLock::unlock (10 bytes)
Event: 0.898 Thread 0x0000021a54a06b00 nmethod 786 0x0000021a39694110 code [0x0000021a396942e0, 0x0000021a396945b8]
Event: 0.898 Thread 0x0000021a54a06b00  787       3       java.awt.geom.RectangularShape::<init> (5 bytes)
Event: 0.898 Thread 0x0000021a54a06b00 nmethod 787 0x0000021a39694710 code [0x0000021a396948a0, 0x0000021a396949f8]

GC Heap History (0 events):
No events

Dll operation events (6 events):
Event: 0.008 Loaded shared library C:\Users\Najila\.p2\pool\plugins\org.eclipse.justj.openjdk.hotspot.jre.full.win32.x86_64_17.0.10.v20240120-1143\jre\bin\java.dll
Event: 0.133 Loaded shared library C:\Users\Najila\.p2\pool\plugins\org.eclipse.justj.openjdk.hotspot.jre.full.win32.x86_64_17.0.10.v20240120-1143\jre\bin\jimage.dll
Event: 0.179 Loaded shared library C:\Users\Najila\.p2\pool\plugins\org.eclipse.justj.openjdk.hotspot.jre.full.win32.x86_64_17.0.10.v20240120-1143\jre\bin\awt.dll
Event: 0.529 Loaded shared library C:\Users\Najila\.p2\pool\plugins\org.eclipse.justj.openjdk.hotspot.jre.full.win32.x86_64_17.0.10.v20240120-1143\jre\bin\freetype.dll
Event: 0.531 Loaded shared library C:\Users\Najila\.p2\pool\plugins\org.eclipse.justj.openjdk.hotspot.jre.full.win32.x86_64_17.0.10.v20240120-1143\jre\bin\fontmanager.dll
Event: 0.657 Loaded shared library C:\Users\Najila\.p2\pool\plugins\org.eclipse.justj.openjdk.hotspot.jre.full.win32.x86_64_17.0.10.v20240120-1143\jre\bin\zip.dll

Deoptimization events (20 events):
Event: 0.859 Thread 0x0000021a593e9850 DEOPT PACKING pc=0x0000021a396682ed sp=0x000000238e3ff100
Event: 0.859 Thread 0x0000021a593e9850 DEOPT UNPACKING pc=0x0000021a40ad7143 sp=0x000000238e3fe5a0 mode 0
Event: 0.859 Thread 0x0000021a593e9850 DEOPT PACKING pc=0x0000021a396682ed sp=0x000000238e3ff100
Event: 0.859 Thread 0x0000021a593e9850 DEOPT UNPACKING pc=0x0000021a40ad7143 sp=0x000000238e3fe5a0 mode 0
Event: 0.859 Thread 0x0000021a593e9850 DEOPT PACKING pc=0x0000021a396682ed sp=0x000000238e3ff100
Event: 0.859 Thread 0x0000021a593e9850 DEOPT UNPACKING pc=0x0000021a40ad7143 sp=0x000000238e3fe5a0 mode 0
Event: 0.859 Thread 0x0000021a593e9850 DEOPT PACKING pc=0x0000021a396682ed sp=0x000000238e3ff100
Event: 0.859 Thread 0x0000021a593e9850 DEOPT UNPACKING pc=0x0000021a40ad7143 sp=0x000000238e3fe5a0 mode 0
Event: 0.860 Thread 0x0000021a593e9850 DEOPT PACKING pc=0x0000021a396682ed sp=0x000000238e3ff100
Event: 0.860 Thread 0x0000021a593e9850 DEOPT UNPACKING pc=0x0000021a40ad7143 sp=0x000000238e3fe5a0 mode 0
Event: 0.860 Thread 0x0000021a593e9850 DEOPT PACKING pc=0x0000021a396682ed sp=0x000000238e3ff100
Event: 0.860 Thread 0x0000021a593e9850 DEOPT UNPACKING pc=0x0000021a40ad7143 sp=0x000000238e3fe5a0 mode 0
Event: 0.860 Thread 0x0000021a593e9850 DEOPT PACKING pc=0x0000021a396682ed sp=0x000000238e3ff100
Event: 0.860 Thread 0x0000021a593e9850 DEOPT UNPACKING pc=0x0000021a40ad7143 sp=0x000000238e3fe5a0 mode 0
Event: 0.861 Thread 0x0000021a593e9850 DEOPT PACKING pc=0x0000021a396682ed sp=0x000000238e3ff100
Event: 0.861 Thread 0x0000021a593e9850 DEOPT UNPACKING pc=0x0000021a40ad7143 sp=0x000000238e3fe5a0 mode 0
Event: 0.861 Thread 0x0000021a593e9850 DEOPT PACKING pc=0x0000021a396682ed sp=0x000000238e3ff100
Event: 0.861 Thread 0x0000021a593e9850 DEOPT UNPACKING pc=0x0000021a40ad7143 sp=0x000000238e3fe5a0 mode 0
Event: 0.861 Thread 0x0000021a593e9850 DEOPT PACKING pc=0x0000021a396682ed sp=0x000000238e3ff100
Event: 0.861 Thread 0x0000021a593e9850 DEOPT UNPACKING pc=0x0000021a40ad7143 sp=0x000000238e3fe5a0 mode 0

Classes unloaded (0 events):
No events

Classes redefined (0 events):
No events

Internal exceptions (13 events):
Event: 0.164 Thread 0x0000021a35e7d280 Exception <a 'java/lang/ClassNotFoundException'{0x0000000712b9c230}: sun/awt/resources/spi/awtProvider> (0x0000000712b9c230) 
thrown [s\src\hotspot\share\classfile\systemDictionary.cpp, line 256]
Event: 0.201 Thread 0x0000021a35e7d280 Exception <a 'java/io/FileNotFoundException'{0x0000000712bf5f48}> (0x0000000712bf5f48) 
thrown [s\src\hotspot\share\prims\jni.cpp, line 516]
Event: 0.213 Thread 0x0000021a35e7d280 Exception <a 'java/io/FileNotFoundException'{0x0000000712823378}> (0x0000000712823378) 
thrown [s\src\hotspot\share\prims\jni.cpp, line 516]
Event: 0.278 Thread 0x0000021a35e7d280 Exception <a 'java/lang/NoSuchMethodError'{0x0000000712863c48}: 'java.lang.Object java.lang.invoke.DirectMethodHandle$Holder.invokeStaticInit(java.lang.Object)'> (0x0000000712863c48) 
thrown [s\src\hotspot\share\interpreter\linkResolver.cpp, line 759]
Event: 0.420 Thread 0x0000021a35e7d280 Exception <a 'java/lang/NoSuchMethodError'{0x00000007128b1678}: 'void java.lang.invoke.DirectMethodHandle$Holder.invokeSpecial(java.lang.Object, java.lang.Object, java.lang.Object)'> (0x00000007128b1678) 
thrown [s\src\hotspot\share\interpreter\linkResolver.cpp, line 759]
Event: 0.432 Thread 0x0000021a35e7d280 Exception <a 'java/lang/NoSuchMethodError'{0x00000007128db690}: 'java.lang.Object java.lang.invoke.DirectMethodHandle$Holder.newInvokeSpecial(java.lang.Object, java.lang.Object, java.lang.Object, java.lang.Object, java.lang.Object)'> (0x00000007128db690) 
thrown [s\src\hotspot\share\interpreter\linkResolver.cpp, line 759]
Event: 0.435 Thread 0x0000021a35e7d280 Exception <a 'java/lang/NoSuchMethodError'{0x0000000712957d10}: 'java.lang.Object java.lang.invoke.DirectMethodHandle$Holder.invokeStatic(java.lang.Object, int, java.lang.Object, java.lang.Object, java.lang.Object, java.lang.Object)'> (0x0000000712957d10) 
thrown [s\src\hotspot\share\interpreter\linkResolver.cpp, line 759]
Event: 0.444 Thread 0x0000021a35e7d280 Exception <a 'java/lang/NoSuchMethodError'{0x000000071297d4d0}: 'java.lang.Object java.lang.invoke.DirectMethodHandle$Holder.invokeStatic(java.lang.Object, int, java.lang.Object)'> (0x000000071297d4d0) 
thrown [s\src\hotspot\share\interpreter\linkResolver.cpp, line 759]
Event: 0.479 Thread 0x0000021a35e7d280 Exception <a 'java/lang/ClassNotFoundException'{0x00000007126353e0}: com/sun/swing/internal/plaf/metal/resources/spi/metalProvider> (0x00000007126353e0) 
thrown [s\src\hotspot\share\classfile\systemDictionary.cpp, line 256]
Event: 0.480 Thread 0x0000021a35e7d280 Exception <a 'java/lang/ClassNotFoundException'{0x0000000712638fc0}: com/sun/swing/internal/plaf/basic/resources/spi/basicProvider> (0x0000000712638fc0) 
thrown [s\src\hotspot\share\classfile\systemDictionary.cpp, line 256]
Event: 0.503 Thread 0x0000021a590a9420 Exception <a 'java/lang/NoSuchMethodError'{0x00000007128f1e38}: 'void java.lang.invoke.DirectMethodHandle$Holder.invokeVirtual(java.lang.Object, java.lang.Object)'> (0x00000007128f1e38) 
thrown [s\src\hotspot\share\interpreter\linkResolver.cpp, line 759]
Event: 0.523 Thread 0x0000021a35e7d280 Exception <a 'java/lang/NoSuchMethodError'{0x00000007126e7df8}: 'void java.lang.invoke.DirectMethodHandle$Holder.invokeStaticInit(java.lang.Object)'> (0x00000007126e7df8) 
thrown [s\src\hotspot\share\interpreter\linkResolver.cpp, line 759]
Event: 0.724 Thread 0x0000021a593e9850 Exception <a 'java/lang/NoSuchMethodError'{0x0000000712219188}: 'java.lang.Object java.lang.invoke.DirectMethodHandle$Holder.newInvokeSpecial(java.lang.Object, java.lang.Object, java.lang.Object, int, int, int, int, int)'> (0x0000000712219188) 
thrown [s\src\hotspot\share\interpreter\linkResolver.cpp, line 759]

VM Operations (6 events):
Event: 0.478 Executing VM operation: HandshakeAllThreads
Event: 0.478 Executing VM operation: HandshakeAllThreads done
Event: 0.512 Executing VM operation: HandshakeAllThreads
Event: 0.512 Executing VM operation: HandshakeAllThreads done
Event: 0.552 Executing VM operation: HandshakeAllThreads
Event: 0.552 Executing VM operation: HandshakeAllThreads done

Events (20 events):
Event: 0.900 loading class java/lang/invoke/VarHandleLongs$FieldInstanceReadWrite
Event: 0.900 loading class java/lang/invoke/VarHandleLongs$FieldInstanceReadOnly
Event: 0.900 loading class java/lang/invoke/VarHandleLongs$FieldInstanceReadOnly done
Event: 0.900 loading class java/lang/invoke/VarHandleLongs$FieldInstanceReadWrite done
Event: 0.900 loading class java/lang/invoke/VarHandleInts$FieldStaticReadWrite
Event: 0.900 loading class java/lang/invoke/VarHandleInts$FieldStaticReadOnly
Event: 0.901 loading class java/lang/invoke/VarHandleInts$FieldStaticReadOnly done
Event: 0.901 loading class java/lang/invoke/VarHandleInts$FieldStaticReadWrite done
Event: 0.901 loading class java/util/concurrent/ForkJoinPool$DefaultForkJoinWorkerThreadFactory
Event: 0.901 loading class java/util/concurrent/ForkJoinPool$ForkJoinWorkerThreadFactory
Event: 0.901 loading class java/util/concurrent/ForkJoinPool$ForkJoinWorkerThreadFactory done
Event: 0.901 loading class java/util/concurrent/ForkJoinPool$DefaultForkJoinWorkerThreadFactory done
Event: 0.901 loading class java/util/concurrent/ForkJoinPool$1
Event: 0.901 loading class java/util/concurrent/ForkJoinPool$1 done
Event: 0.901 loading class java/util/concurrent/ForkJoinPool$DefaultCommonPoolForkJoinWorkerThreadFactory
Event: 0.901 loading class java/util/concurrent/ForkJoinPool$DefaultCommonPoolForkJoinWorkerThreadFactory done
Event: 0.901 loading class java/util/concurrent/ForkJoinPool$WorkQueue
Event: 0.901 loading class java/util/concurrent/ForkJoinPool$WorkQueue done
Event: 0.901 loading class java/util/concurrent/ForkJoinWorkerThread
Event: 0.901 loading class java/util/concurrent/ForkJoinWorkerThread done


Dynamic libraries:
0x00007ff728e10000 - 0x00007ff728e1e000 	C:\Users\Najila\.p2\pool\plugins\org.eclipse.justj.openjdk.hotspot.jre.full.win32.x86_64_17.0.10.v20240120-1143\jre\bin\javaw.exe
0x00007ff8faa10000 - 0x00007ff8fac08000 	C:\Windows\SYSTEM32\ntdll.dll
0x00007ff8f9c80000 - 0x00007ff8f9d3d000 	C:\Windows\System32\KERNEL32.DLL
0x00007ff8f86a0000 - 0x00007ff8f8996000 	C:\Windows\System32\KERNELBASE.dll
0x00007ff8f81e0000 - 0x00007ff8f82e0000 	C:\Windows\System32\ucrtbase.dll
0x00007ff8f4630000 - 0x00007ff8f4647000 	C:\Users\Najila\.p2\pool\plugins\org.eclipse.justj.openjdk.hotspot.jre.full.win32.x86_64_17.0.10.v20240120-1143\jre\bin\jli.dll
0x00007ff8e2de0000 - 0x00007ff8e2dfb000 	C:\Users\Najila\.p2\pool\plugins\org.eclipse.justj.openjdk.hotspot.jre.full.win32.x86_64_17.0.10.v20240120-1143\jre\bin\VCRUNTIME140.dll
0x00007ff8fa830000 - 0x00007ff8fa9cf000 	C:\Windows\System32\USER32.dll
0x00007ff8f8360000 - 0x00007ff8f8382000 	C:\Windows\System32\win32u.dll
0x00007ff8e3080000 - 0x00007ff8e331a000 	C:\Windows\WinSxS\amd64_microsoft.windows.common-controls_6595b64144ccf1df_6.0.19041.4355_none_60b8b9eb71f62e16\COMCTL32.dll
0x00007ff8f9b80000 - 0x00007ff8f9bab000 	C:\Windows\System32\GDI32.dll
0x00007ff8f9e90000 - 0x00007ff8f9f2e000 	C:\Windows\System32\msvcrt.dll
0x00007ff8f8580000 - 0x00007ff8f8697000 	C:\Windows\System32\gdi32full.dll
0x00007ff8f80d0000 - 0x00007ff8f816d000 	C:\Windows\System32\msvcp_win.dll
0x00007ff8fa060000 - 0x00007ff8fa08f000 	C:\Windows\System32\IMM32.DLL
0x00007ff8f46b0000 - 0x00007ff8f46bc000 	C:\Users\Najila\.p2\pool\plugins\org.eclipse.justj.openjdk.hotspot.jre.full.win32.x86_64_17.0.10.v20240120-1143\jre\bin\vcruntime140_1.dll
0x00007ff88d9f0000 - 0x00007ff88da7d000 	C:\Users\Najila\.p2\pool\plugins\org.eclipse.justj.openjdk.hotspot.jre.full.win32.x86_64_17.0.10.v20240120-1143\jre\bin\msvcp140.dll
0x00007ff88e530000 - 0x00007ff88f192000 	C:\Users\Najila\.p2\pool\plugins\org.eclipse.justj.openjdk.hotspot.jre.full.win32.x86_64_17.0.10.v20240120-1143\jre\bin\server\jvm.dll
0x00007ff8fa1b0000 - 0x00007ff8fa260000 	C:\Windows\System32\ADVAPI32.dll
0x00007ff8f9060000 - 0x00007ff8f9100000 	C:\Windows\System32\sechost.dll
0x00007ff8f9f30000 - 0x00007ff8fa053000 	C:\Windows\System32\RPCRT4.dll
0x00007ff8f8330000 - 0x00007ff8f8357000 	C:\Windows\System32\bcrypt.dll
0x00007ff8a6150000 - 0x00007ff8a6159000 	C:\Windows\SYSTEM32\WSOCK32.dll
0x00007ff8f7650000 - 0x00007ff8f769b000 	C:\Windows\SYSTEM32\POWRPROF.dll
0x00007ff8eea60000 - 0x00007ff8eea87000 	C:\Windows\SYSTEM32\WINMM.dll
0x00007ff8f0130000 - 0x00007ff8f013a000 	C:\Windows\SYSTEM32\VERSION.dll
0x00007ff8f9d40000 - 0x00007ff8f9dab000 	C:\Windows\System32\WS2_32.dll
0x00007ff8f74c0000 - 0x00007ff8f74d2000 	C:\Windows\SYSTEM32\UMPDC.dll
0x00007ff8f5f50000 - 0x00007ff8f5f62000 	C:\Windows\SYSTEM32\kernel.appcore.dll
0x00007ff8f14b0000 - 0x00007ff8f14ba000 	C:\Users\Najila\.p2\pool\plugins\org.eclipse.justj.openjdk.hotspot.jre.full.win32.x86_64_17.0.10.v20240120-1143\jre\bin\jimage.dll
0x00007ff8ef4d0000 - 0x00007ff8ef6b4000 	C:\Windows\SYSTEM32\DBGHELP.DLL
0x00007ff8e9c20000 - 0x00007ff8e9c54000 	C:\Windows\SYSTEM32\dbgcore.DLL
0x00007ff8f8390000 - 0x00007ff8f8412000 	C:\Windows\System32\bcryptPrimitives.dll
0x00007ff8e2a10000 - 0x00007ff8e2a35000 	C:\Users\Najila\.p2\pool\plugins\org.eclipse.justj.openjdk.hotspot.jre.full.win32.x86_64_17.0.10.v20240120-1143\jre\bin\java.dll
0x00007ff8f1480000 - 0x00007ff8f1498000 	C:\Users\Najila\.p2\pool\plugins\org.eclipse.justj.openjdk.hotspot.jre.full.win32.x86_64_17.0.10.v20240120-1143\jre\bin\zip.dll
0x00007ff8f9360000 - 0x00007ff8f9acc000 	C:\Windows\System32\SHELL32.dll
0x00007ff8f6150000 - 0x00007ff8f68ed000 	C:\Windows\SYSTEM32\windows.storage.dll
0x00007ff8fa280000 - 0x00007ff8fa5d3000 	C:\Windows\System32\combase.dll
0x00007ff8f7af0000 - 0x00007ff8f7b1e000 	C:\Windows\SYSTEM32\Wldp.dll
0x00007ff8f9bb0000 - 0x00007ff8f9c7d000 	C:\Windows\System32\OLEAUT32.dll
0x00007ff8f9ad0000 - 0x00007ff8f9b7d000 	C:\Windows\System32\SHCORE.dll
0x00007ff8fa6a0000 - 0x00007ff8fa6f5000 	C:\Windows\System32\shlwapi.dll
0x00007ff8f8000000 - 0x00007ff8f8024000 	C:\Windows\SYSTEM32\profapi.dll
0x00007ff876830000 - 0x00007ff8769c0000 	C:\Users\Najila\.p2\pool\plugins\org.eclipse.justj.openjdk.hotspot.jre.full.win32.x86_64_17.0.10.v20240120-1143\jre\bin\awt.dll
0x00007ff8f3560000 - 0x00007ff8f35f0000 	C:\Windows\SYSTEM32\apphelp.dll
0x00007ff8f5d70000 - 0x00007ff8f5d9f000 	C:\Windows\system32\DWMAPI.DLL
0x00007ff8f5a50000 - 0x00007ff8f5aee000 	C:\Windows\system32\uxtheme.dll
0x00007ff889350000 - 0x00007ff889475000 	C:\Windows\system32\opengl32.dll
0x00007ff8e2db0000 - 0x00007ff8e2ddc000 	C:\Windows\SYSTEM32\GLU32.dll
0x00007ff8fa090000 - 0x00007ff8fa1a4000 	C:\Windows\System32\MSCTF.dll
0x00007ff8fa700000 - 0x00007ff8fa82b000 	C:\Windows\System32\ole32.dll
0x00007ff8c3150000 - 0x00007ff8c331e000 	C:\Windows\system32\d3d9.dll
0x00007ff8ec050000 - 0x00007ff8ec213000 	C:\Windows\System32\DriverStore\FileRepository\u0374485.inf_amd64_abfb7dc77f8ab6ca\B374507\aticfx64.dll
0x00007ff8a13d0000 - 0x00007ff8a1403000 	C:\Windows\System32\DriverStore\FileRepository\u0374485.inf_amd64_abfb7dc77f8ab6ca\B374507\atiu9p64.dll
0x00007ff89cad0000 - 0x00007ff89d81c000 	C:\Windows\System32\DriverStore\FileRepository\u0374485.inf_amd64_abfb7dc77f8ab6ca\B374507\atiumd64.dll
0x0000000075d90000 - 0x0000000076c5c000 	C:\Windows\System32\DriverStore\FileRepository\u0374485.inf_amd64_abfb7dc77f8ab6ca\B374507\atiumd6a.dll
0x00007ff8e9bd0000 - 0x00007ff8e9c00000 	C:\Windows\SYSTEM32\amdihk64.dll
0x00007ff8ec220000 - 0x00007ff8ec25b000 	C:\Windows\SYSTEM32\dxcore.dll
0x00007ff8f82e0000 - 0x00007ff8f832e000 	C:\Windows\System32\cfgmgr32.dll
0x00007ff88d960000 - 0x00007ff88d9e7000 	C:\Users\Najila\.p2\pool\plugins\org.eclipse.justj.openjdk.hotspot.jre.full.win32.x86_64_17.0.10.v20240120-1143\jre\bin\freetype.dll
0x00007ff88a180000 - 0x00007ff88a253000 	C:\Users\Najila\.p2\pool\plugins\org.eclipse.justj.openjdk.hotspot.jre.full.win32.x86_64_17.0.10.v20240120-1143\jre\bin\fontmanager.dll
0x00007ff8e5a50000 - 0x00007ff8e5b49000 	C:\Windows\SYSTEM32\textinputframework.dll
0x00007ff8f2730000 - 0x00007ff8f2a8b000 	C:\Windows\System32\CoreUIComponents.dll
0x00007ff8f2e10000 - 0x00007ff8f2f02000 	C:\Windows\System32\CoreMessaging.dll
0x00007ff8f7220000 - 0x00007ff8f7253000 	C:\Windows\SYSTEM32\ntmarta.dll
0x00007ff8f4b90000 - 0x00007ff8f4ce7000 	C:\Windows\SYSTEM32\wintypes.dll

dbghelp: loaded successfully - version: 4.0.5 - missing functions: none
symbol engine: initialized successfully - sym options: 0x614 - pdb path: .;C:\Users\Najila\.p2\pool\plugins\org.eclipse.justj.openjdk.hotspot.jre.full.win32.x86_64_17.0.10.v20240120-1143\jre\bin;C:\Windows\SYSTEM32;C:\Windows\WinSxS\amd64_microsoft.windows.common-controls_6595b64144ccf1df_6.0.19041.4355_none_60b8b9eb71f62e16;C:\Users\Najila\.p2\pool\plugins\org.eclipse.justj.openjdk.hotspot.jre.full.win32.x86_64_17.0.10.v20240120-1143\jre\bin\server;C:\Windows\System32\DriverStore\FileRepository\u0374485.inf_amd64_abfb7dc77f8ab6ca\B374507

VM Arguments:
jvm_args: -Dfile.encoding=UTF-8 -Dstdout.encoding=UTF-8 -Dstderr.encoding=UTF-8 -XX:+ShowCodeDetailsInExceptionMessages 
java_command: Home
java_class_path (initial): C:\Users\Najila\eclipse-workspace\TimerAnimation2\bin
Launcher Type: SUN_STANDARD

[Global flags]
     intx CICompilerCount                          = 4                                         {product} {ergonomic}
     uint ConcGCThreads                            = 2                                         {product} {ergonomic}
     uint G1ConcRefinementThreads                  = 8                                         {product} {ergonomic}
   size_t G1HeapRegionSize                         = 2097152                                   {product} {ergonomic}
    uintx GCDrainStackTargetSize                   = 64                                        {product} {ergonomic}
   size_t InitialHeapSize                          = 266338304                                 {product} {ergonomic}
   size_t MarkStackSize                            = 4194304                                   {product} {ergonomic}
   size_t MaxHeapSize                              = 4246732800                                {product} {ergonomic}
   size_t MaxNewSize                               = 2548039680                                {product} {ergonomic}
   size_t MinHeapDeltaBytes                        = 2097152                                   {product} {ergonomic}
   size_t MinHeapSize                              = 8388608                                   {product} {ergonomic}
    uintx NonNMethodCodeHeapSize                   = 5839372                                {pd product} {ergonomic}
    uintx NonProfiledCodeHeapSize                  = 122909434                              {pd product} {ergonomic}
    uintx ProfiledCodeHeapSize                     = 122909434                              {pd product} {ergonomic}
    uintx ReservedCodeCacheSize                    = 251658240                              {pd product} {ergonomic}
     bool SegmentedCodeCache                       = true                                      {product} {ergonomic}
     bool ShowCodeDetailsInExceptionMessages       = true                                   {manageable} {command line}
   size_t SoftMaxHeapSize                          = 4246732800                             {manageable} {ergonomic}
     bool UseCompressedClassPointers               = true                           {product lp64_product} {ergonomic}
     bool UseCompressedOops                        = true                           {product lp64_product} {ergonomic}
     bool UseG1GC                                  = true                                      {product} {ergonomic}
     bool UseLargePagesIndividualAllocation        = false                                  {pd product} {ergonomic}

Logging:
Log output configuration:
 #0: stdout all=warning uptime,level,tags
 #1: stderr all=off uptime,level,tags

Environment Variables:
PATH=C:/Users/Najila/.p2/pool/plugins/org.eclipse.justj.openjdk.hotspot.jre.full.win32.x86_64_17.0.10.v20240120-1143/jre/bin/server;C:/Users/Najila/.p2/pool/plugins/org.eclipse.justj.openjdk.hotspot.jre.full.win32.x86_64_17.0.10.v20240120-1143/jre/bin;C:\Program Files (x86)\Common Files\Oracle\Java\javapath;C:\Windows\system32;C:\Windows;C:\Windows\System32\Wbem;C:\Windows\System32\WindowsPowerShell\v1.0\;C:\Windows\System32\OpenSSH\;C:\Program Files (x86)\NVIDIA Corporation\PhysX\Common;C:\Program Files\NVIDIA Corporation\NVIDIA NvDLISR;C:\Program Files\Microsoft SQL Server\150\Tools\Binn\;C:\Program Files\Microsoft SQL Server\Client SDK\ODBC\170\Tools\Binn\;C:\Program Files\dotnet\;C:\yt-dlp;C:\Program Files\get_iplayer;C:\Program Files\MySQL\MySQL Server 8.0\bin;C:\Program Files\MySQL\MySQL Shell 8.0\bin;C:\Program Files\MySQL\MySQL Shell 8.0\bin\;C:\Users\Najila\AppData\Local\Programs\Python\Python312\Scripts\;C:\Users\Najila\AppData\Local\Programs\Python\Python312\;C:\Users\Najila\AppData\Local\Microsoft\WindowsApps;C:\Users\Najila\.dotnet\tools;C:\Users\Najila\AppData\Local\Programs\Microsoft VS Code\bin;C:\Windows\system32;
USERNAME=Najila
OS=Windows_NT
PROCESSOR_IDENTIFIER=AMD64 Family 23 Model 24 Stepping 1, AuthenticAMD
TMP=C:\Users\Najila\AppData\Local\Temp
TEMP=C:\Users\Najila\AppData\Local\Temp



Periodic native trim disabled


---------------  S Y S T E M  ---------------

OS:
 Windows 10 , 64 bit Build 19041 (10.0.19041.3636)
OS uptime: 0 days 19:48 hours

CPU: total 8 (initial active 8) (8 cores per cpu, 2 threads per core) family 23 model 24 stepping 1 microcode 0x0, cx8, cmov, fxsr, ht, mmx, 3dnowpref, sse, sse2, sse3, ssse3, sse4a, sse4.1, sse4.2, popcnt, lzcnt, tsc, tscinvbit, avx, avx2, aes, clmul, bmi1, bmi2, adx, sha, fma, vzeroupper, clflush, clflushopt
Processor Information for all 8 processors :
  Max Mhz: 2100, Current Mhz: 2100, Mhz Limit: 2100

Memory: 4k page, system-wide physical 16192M (292M free)
TotalPageFile size 65344M (AvailPageFile size 4M)
current process WorkingSet (physical memory assigned to process): 115M, peak: 115M
current process commit charge ("private bytes"): 399M, peak: 400M

vm_info: OpenJDK 64-Bit Server VM (17.0.10+7) for windows-amd64 JRE (17.0.10+7), built on Jan 16 2024 23:25:11 by "admin" with MS VC++ 16.10 / 16.11 (VS2019)

END.
