#
# There is insufficient memory for the Java Runtime Environment to continue.
# Native memory allocation (malloc) failed to allocate 653504 bytes for Chunk::new
# Possible reasons:
#   The system is out of physical RAM or swap space
#   The process is running with CompressedOops enabled, and the Java Heap may be blocking the growth of the native heap
# Possible solutions:
#   Reduce memory load on the system
#   Increase physical memory or swap space
#   Check if swap backing store is full
#   Decrease Java heap size (-Xmx/-Xms)
#   Decrease number of Java threads
#   Decrease Java thread stack sizes (-Xss)
#   Set larger code cache with -XX:ReservedCodeCacheSize=
#   JVM is running with Zero Based Compressed Oops mode in which the Java heap is
#     placed in the first 32GB address space. The Java Heap base address is the
#     maximum limit for the native heap growth. Please use -XX:HeapBaseMinAddress
#     to set the Java Heap base and to place the Java Heap above 32GB virtual address.
# This output file may be truncated or incomplete.
#
#  Out of Memory Error (arena.cpp:191), pid=38056, tid=38160
#
# JRE version: OpenJDK Runtime Environment Temurin-17.0.10+7 (17.0.10+7) (build 17.0.10+7)
# Java VM: OpenJDK 64-Bit Server VM Temurin-17.0.10+7 (17.0.10+7, mixed mode, tiered, compressed oops, compressed class ptrs, g1 gc, windows-amd64)
# No core dump will be written. Minidumps are not enabled by default on client versions of Windows
#

---------------  S U M M A R Y ------------

Command Line: -Dfile.encoding=UTF-8 -Dstdout.encoding=UTF-8 -Dstderr.encoding=UTF-8 -XX:+ShowCodeDetailsInExceptionMessages Home

Host: AMD Ryzen 5 3550H with Radeon Vega Mobile Gfx  , 8 cores, 15G,  Windows 10 , 64 bit Build 19041 (10.0.19041.3636)
Time: Thu Jun 20 23:06:25 2024 Taipei Standard Time elapsed time: 3355.509305 seconds (0d 0h 55m 55s)

---------------  T H R E A D  ---------------

Current thread (0x000001cbffb34ad0):  JavaThread "C2 CompilerThread0" daemon [_thread_in_native, id=38160, stack(0x000000827a900000,0x000000827aa00000)]


Current CompileTask:
C2:3355509 1435   !   4       java.awt.EventQueue::getNextEvent (84 bytes)

Stack: [0x000000827a900000,0x000000827aa00000]
Native frames: (J=compiled Java code, j=interpreted, Vv=VM code, C=native code)
V  [jvm.dll+0x67d2c9]
V  [jvm.dll+0x834afa]
V  [jvm.dll+0x8365be]
V  [jvm.dll+0x836c23]
V  [jvm.dll+0x2477ff]
V  [jvm.dll+0xac514]
V  [jvm.dll+0xacb5c]
V  [jvm.dll+0x3667d7]
V  [jvm.dll+0x330bfa]
V  [jvm.dll+0x33009a]
V  [jvm.dll+0x219ef1]
V  [jvm.dll+0x219311]
V  [jvm.dll+0x1a502d]
V  [jvm.dll+0x2290de]
V  [jvm.dll+0x2272ac]
V  [jvm.dll+0x7e9bb7]
V  [jvm.dll+0x7e3fba]
V  [jvm.dll+0x67c1b5]
C  [ucrtbase.dll+0x21bb2]
C  [KERNEL32.DLL+0x17344]
C  [ntdll.dll+0x4cc91]


---------------  P R O C E S S  ---------------

Threads class SMR info:
_java_thread_list=0x000001cb93699ac0, length=18, elements={
0x000001cbffaf0910, 0x000001cbffaf22e0, 0x000001cbffb2cc80, 0x000001cbffb2d550,
0x000001cbffb2df10, 0x000001cbffb308e0, 0x000001cbffb34ad0, 0x000001cbffb384c0,
0x000001cbffbae980, 0x000001cbffca5e70, 0x000001cbffcce010, 0x000001cb931f7e20,
0x000001cb93236ae0, 0x000001cb93237de0, 0x000001cb934d5500, 0x000001cb93347fe0,
0x000001cb93518560, 0x000001cbedfac630
}

Java Threads: ( => current thread )
  0x000001cbffaf0910 JavaThread "Reference Handler" daemon [_thread_blocked, id=38136, stack(0x000000827a300000,0x000000827a400000)]
  0x000001cbffaf22e0 JavaThread "Finalizer" daemon [_thread_blocked, id=38140, stack(0x000000827a400000,0x000000827a500000)]
  0x000001cbffb2cc80 JavaThread "Signal Dispatcher" daemon [_thread_blocked, id=38144, stack(0x000000827a500000,0x000000827a600000)]
  0x000001cbffb2d550 JavaThread "Attach Listener" daemon [_thread_blocked, id=38148, stack(0x000000827a600000,0x000000827a700000)]
  0x000001cbffb2df10 JavaThread "Service Thread" daemon [_thread_blocked, id=38152, stack(0x000000827a700000,0x000000827a800000)]
  0x000001cbffb308e0 JavaThread "Monitor Deflation Thread" daemon [_thread_blocked, id=38156, stack(0x000000827a800000,0x000000827a900000)]
=>0x000001cbffb34ad0 JavaThread "C2 CompilerThread0" daemon [_thread_in_native, id=38160, stack(0x000000827a900000,0x000000827aa00000)]
  0x000001cbffb384c0 JavaThread "C1 CompilerThread0" daemon [_thread_blocked, id=38164, stack(0x000000827aa00000,0x000000827ab00000)]
  0x000001cbffbae980 JavaThread "Sweeper thread" daemon [_thread_blocked, id=38168, stack(0x000000827ab00000,0x000000827ac00000)]
  0x000001cbffca5e70 JavaThread "Notification Thread" daemon [_thread_blocked, id=38180, stack(0x000000827ac00000,0x000000827ad00000)]
  0x000001cbffcce010 JavaThread "Common-Cleaner" daemon [_thread_blocked, id=38188, stack(0x000000827ae00000,0x000000827af00000)]
  0x000001cb931f7e20 JavaThread "Java2D Disposer" daemon [_thread_blocked, id=38196, stack(0x000000827af00000,0x000000827b000000)]
  0x000001cb93236ae0 JavaThread "AWT-Shutdown" [_thread_blocked, id=38200, stack(0x000000827b000000,0x000000827b100000)]
  0x000001cb93237de0 JavaThread "AWT-Windows" daemon [_thread_in_native, id=38204, stack(0x000000827b100000,0x000000827b200000)]
  0x000001cb934d5500 JavaThread "AWT-EventQueue-0" [_thread_blocked, id=38252, stack(0x000000827ba00000,0x000000827bb00000)]
  0x000001cb93347fe0 JavaThread "D3D Screen Updater" daemon [_thread_blocked, id=38260, stack(0x000000827bb00000,0x000000827bc00000)]
  0x000001cb93518560 JavaThread "TimerQueue" daemon [_thread_blocked, id=38264, stack(0x000000827bc00000,0x000000827bd00000)]
  0x000001cbedfac630 JavaThread "DestroyJavaVM" [_thread_blocked, id=38108, stack(0x0000008279c00000,0x0000008279d00000)]

Other Threads:
  0x000001cbffa9e490 VMThread "VM Thread" [stack: 0x000000827a200000,0x000000827a300000] [id=38132]
  0x000001cbffbe4d20 WatcherThread [stack: 0x000000827ad00000,0x000000827ae00000] [id=38184]
  0x000001cbee016c20 GCTaskThread "GC Thread#0" [stack: 0x0000008279d00000,0x0000008279e00000] [id=38112]
  0x000001cb932ab280 GCTaskThread "GC Thread#1" [stack: 0x0000008279a00000,0x0000008279b00000] [id=35436]
  0x000001cb932ab540 GCTaskThread "GC Thread#2" [stack: 0x0000008279b00000,0x0000008279c00000] [id=31552]
  0x000001cb932a5660 GCTaskThread "GC Thread#3" [stack: 0x000000827b200000,0x000000827b300000] [id=37492]
  0x000001cb932a5920 GCTaskThread "GC Thread#4" [stack: 0x000000827b300000,0x000000827b400000] [id=36908]
  0x000001cb932a5be0 GCTaskThread "GC Thread#5" [stack: 0x000000827bd00000,0x000000827be00000] [id=24896]
  0x000001cb9333dc40 GCTaskThread "GC Thread#6" [stack: 0x000000827c000000,0x000000827c100000] [id=37640]
  0x000001cb9329b6c0 GCTaskThread "GC Thread#7" [stack: 0x000000827c100000,0x000000827c200000] [id=33932]
  0x000001cbee028020 ConcurrentGCThread "G1 Main Marker" [stack: 0x0000008279e00000,0x0000008279f00000] [id=38116]
  0x000001cbee028a40 ConcurrentGCThread "G1 Conc#0" [stack: 0x0000008279f00000,0x000000827a000000] [id=38120]
  0x000001cbff9344f0 ConcurrentGCThread "G1 Refine#0" [stack: 0x000000827a000000,0x000000827a100000] [id=38124]
  0x000001cbee06d730 ConcurrentGCThread "G1 Service" [stack: 0x000000827a100000,0x000000827a200000] [id=38128]

Threads with active compile tasks:
C2 CompilerThread0  3355542 1435   !   4       java.awt.EventQueue::getNextEvent (84 bytes)

VM state: not at safepoint (normal execution)

VM Mutex/Monitor currently owned by a thread: None

Heap address: 0x0000000702e00000, size: 4050 MB, Compressed Oops mode: Zero based, Oop shift amount: 3

CDS archive(s) not mapped
Compressed class space mapped at: 0x0000000800000000-0x0000000840000000, reserved size: 1073741824
Narrow klass base: 0x0000000800000000, Narrow klass shift: 0, Narrow klass range: 0x40000000

GC Precious Log:
 CPUs: 8 total, 8 available
 Memory: 16192M
 Large Page Support: Disabled
 NUMA Support: Disabled
 Compressed Oops: Enabled (Zero based)
 Heap Region Size: 2M
 Heap Min Capacity: 8M
 Heap Initial Capacity: 254M
 Heap Max Capacity: 4050M
 Pre-touch: Disabled
 Parallel Workers: 8
 Concurrent Workers: 2
 Concurrent Refinement Workers: 8
 Periodic GC: Disabled

Heap:
 garbage-first heap   total 260096K, used 30717K [0x0000000702e00000, 0x0000000800000000)
  region size 2048K, 13 young (26624K), 1 survivors (2048K)
 Metaspace       used 14038K, committed 14272K, reserved 1114112K
  class space    used 1329K, committed 1472K, reserved 1048576K

Heap Regions: E=young(eden), S=young(survivor), O=old, HS=humongous(starts), HC=humongous(continues), CS=collection set, F=free, OA=open archive, CA=closed archive, TAMS=top-at-mark-start (previous, next)
|   0|0x0000000702e00000, 0x0000000703000000, 0x0000000703000000|100%| O|  |TAMS 0x0000000702e00000, 0x0000000702e00000| Untracked 
|   1|0x0000000703000000, 0x00000007031df200, 0x0000000703200000| 93%| O|  |TAMS 0x0000000703000000, 0x0000000703000000| Untracked 
|   2|0x0000000703200000, 0x0000000703400000, 0x0000000703400000|100%|HS|  |TAMS 0x0000000703200000, 0x0000000703200000| Complete 
|   3|0x0000000703400000, 0x0000000703600000, 0x0000000703600000|100%|HC|  |TAMS 0x0000000703400000, 0x0000000703400000| Complete 
|   4|0x0000000703600000, 0x0000000703600000, 0x0000000703800000|  0%| F|  |TAMS 0x0000000703600000, 0x0000000703600000| Untracked 
|   5|0x0000000703800000, 0x0000000703800000, 0x0000000703a00000|  0%| F|  |TAMS 0x0000000703800000, 0x0000000703800000| Untracked 
|   6|0x0000000703a00000, 0x0000000703a00000, 0x0000000703c00000|  0%| F|  |TAMS 0x0000000703a00000, 0x0000000703a00000| Untracked 
|   7|0x0000000703c00000, 0x0000000703c00000, 0x0000000703e00000|  0%| F|  |TAMS 0x0000000703c00000, 0x0000000703c00000| Untracked 
|   8|0x0000000703e00000, 0x0000000703e00000, 0x0000000704000000|  0%| F|  |TAMS 0x0000000703e00000, 0x0000000703e00000| Untracked 
|   9|0x0000000704000000, 0x0000000704000000, 0x0000000704200000|  0%| F|  |TAMS 0x0000000704000000, 0x0000000704000000| Untracked 
|  10|0x0000000704200000, 0x0000000704200000, 0x0000000704400000|  0%| F|  |TAMS 0x0000000704200000, 0x0000000704200000| Untracked 
|  11|0x0000000704400000, 0x0000000704400000, 0x0000000704600000|  0%| F|  |TAMS 0x0000000704400000, 0x0000000704400000| Untracked 
|  12|0x0000000704600000, 0x0000000704600000, 0x0000000704800000|  0%| F|  |TAMS 0x0000000704600000, 0x0000000704600000| Untracked 
|  13|0x0000000704800000, 0x0000000704800000, 0x0000000704a00000|  0%| F|  |TAMS 0x0000000704800000, 0x0000000704800000| Untracked 
|  14|0x0000000704a00000, 0x0000000704a00000, 0x0000000704c00000|  0%| F|  |TAMS 0x0000000704a00000, 0x0000000704a00000| Untracked 
|  15|0x0000000704c00000, 0x0000000704c00000, 0x0000000704e00000|  0%| F|  |TAMS 0x0000000704c00000, 0x0000000704c00000| Untracked 
|  16|0x0000000704e00000, 0x0000000704e00000, 0x0000000705000000|  0%| F|  |TAMS 0x0000000704e00000, 0x0000000704e00000| Untracked 
|  17|0x0000000705000000, 0x0000000705000000, 0x0000000705200000|  0%| F|  |TAMS 0x0000000705000000, 0x0000000705000000| Untracked 
|  18|0x0000000705200000, 0x0000000705200000, 0x0000000705400000|  0%| F|  |TAMS 0x0000000705200000, 0x0000000705200000| Untracked 
|  19|0x0000000705400000, 0x0000000705400000, 0x0000000705600000|  0%| F|  |TAMS 0x0000000705400000, 0x0000000705400000| Untracked 
|  20|0x0000000705600000, 0x0000000705600000, 0x0000000705800000|  0%| F|  |TAMS 0x0000000705600000, 0x0000000705600000| Untracked 
|  21|0x0000000705800000, 0x0000000705800000, 0x0000000705a00000|  0%| F|  |TAMS 0x0000000705800000, 0x0000000705800000| Untracked 
|  22|0x0000000705a00000, 0x0000000705a00000, 0x0000000705c00000|  0%| F|  |TAMS 0x0000000705a00000, 0x0000000705a00000| Untracked 
|  23|0x0000000705c00000, 0x0000000705c00000, 0x0000000705e00000|  0%| F|  |TAMS 0x0000000705c00000, 0x0000000705c00000| Untracked 
|  24|0x0000000705e00000, 0x0000000705e00000, 0x0000000706000000|  0%| F|  |TAMS 0x0000000705e00000, 0x0000000705e00000| Untracked 
|  25|0x0000000706000000, 0x0000000706000000, 0x0000000706200000|  0%| F|  |TAMS 0x0000000706000000, 0x0000000706000000| Untracked 
|  26|0x0000000706200000, 0x0000000706200000, 0x0000000706400000|  0%| F|  |TAMS 0x0000000706200000, 0x0000000706200000| Untracked 
|  27|0x0000000706400000, 0x0000000706400000, 0x0000000706600000|  0%| F|  |TAMS 0x0000000706400000, 0x0000000706400000| Untracked 
|  28|0x0000000706600000, 0x0000000706600000, 0x0000000706800000|  0%| F|  |TAMS 0x0000000706600000, 0x0000000706600000| Untracked 
|  29|0x0000000706800000, 0x0000000706800000, 0x0000000706a00000|  0%| F|  |TAMS 0x0000000706800000, 0x0000000706800000| Untracked 
|  30|0x0000000706a00000, 0x0000000706a00000, 0x0000000706c00000|  0%| F|  |TAMS 0x0000000706a00000, 0x0000000706a00000| Untracked 
|  31|0x0000000706c00000, 0x0000000706c00000, 0x0000000706e00000|  0%| F|  |TAMS 0x0000000706c00000, 0x0000000706c00000| Untracked 
|  32|0x0000000706e00000, 0x0000000706e00000, 0x0000000707000000|  0%| F|  |TAMS 0x0000000706e00000, 0x0000000706e00000| Untracked 
|  33|0x0000000707000000, 0x0000000707000000, 0x0000000707200000|  0%| F|  |TAMS 0x0000000707000000, 0x0000000707000000| Untracked 
|  34|0x0000000707200000, 0x0000000707200000, 0x0000000707400000|  0%| F|  |TAMS 0x0000000707200000, 0x0000000707200000| Untracked 
|  35|0x0000000707400000, 0x0000000707400000, 0x0000000707600000|  0%| F|  |TAMS 0x0000000707400000, 0x0000000707400000| Untracked 
|  36|0x0000000707600000, 0x0000000707600000, 0x0000000707800000|  0%| F|  |TAMS 0x0000000707600000, 0x0000000707600000| Untracked 
|  37|0x0000000707800000, 0x0000000707800000, 0x0000000707a00000|  0%| F|  |TAMS 0x0000000707800000, 0x0000000707800000| Untracked 
|  38|0x0000000707a00000, 0x0000000707a00000, 0x0000000707c00000|  0%| F|  |TAMS 0x0000000707a00000, 0x0000000707a00000| Untracked 
|  39|0x0000000707c00000, 0x0000000707c00000, 0x0000000707e00000|  0%| F|  |TAMS 0x0000000707c00000, 0x0000000707c00000| Untracked 
|  40|0x0000000707e00000, 0x0000000707e00000, 0x0000000708000000|  0%| F|  |TAMS 0x0000000707e00000, 0x0000000707e00000| Untracked 
|  41|0x0000000708000000, 0x0000000708000000, 0x0000000708200000|  0%| F|  |TAMS 0x0000000708000000, 0x0000000708000000| Untracked 
|  42|0x0000000708200000, 0x0000000708200000, 0x0000000708400000|  0%| F|  |TAMS 0x0000000708200000, 0x0000000708200000| Untracked 
|  43|0x0000000708400000, 0x0000000708400000, 0x0000000708600000|  0%| F|  |TAMS 0x0000000708400000, 0x0000000708400000| Untracked 
|  44|0x0000000708600000, 0x0000000708600000, 0x0000000708800000|  0%| F|  |TAMS 0x0000000708600000, 0x0000000708600000| Untracked 
|  45|0x0000000708800000, 0x0000000708800000, 0x0000000708a00000|  0%| F|  |TAMS 0x0000000708800000, 0x0000000708800000| Untracked 
|  46|0x0000000708a00000, 0x0000000708a00000, 0x0000000708c00000|  0%| F|  |TAMS 0x0000000708a00000, 0x0000000708a00000| Untracked 
|  47|0x0000000708c00000, 0x0000000708c00000, 0x0000000708e00000|  0%| F|  |TAMS 0x0000000708c00000, 0x0000000708c00000| Untracked 
|  48|0x0000000708e00000, 0x0000000708e00000, 0x0000000709000000|  0%| F|  |TAMS 0x0000000708e00000, 0x0000000708e00000| Untracked 
|  49|0x0000000709000000, 0x0000000709000000, 0x0000000709200000|  0%| F|  |TAMS 0x0000000709000000, 0x0000000709000000| Untracked 
|  50|0x0000000709200000, 0x0000000709200000, 0x0000000709400000|  0%| F|  |TAMS 0x0000000709200000, 0x0000000709200000| Untracked 
|  51|0x0000000709400000, 0x0000000709400000, 0x0000000709600000|  0%| F|  |TAMS 0x0000000709400000, 0x0000000709400000| Untracked 
|  52|0x0000000709600000, 0x0000000709600000, 0x0000000709800000|  0%| F|  |TAMS 0x0000000709600000, 0x0000000709600000| Untracked 
|  53|0x0000000709800000, 0x0000000709800000, 0x0000000709a00000|  0%| F|  |TAMS 0x0000000709800000, 0x0000000709800000| Untracked 
|  54|0x0000000709a00000, 0x0000000709a00000, 0x0000000709c00000|  0%| F|  |TAMS 0x0000000709a00000, 0x0000000709a00000| Untracked 
|  55|0x0000000709c00000, 0x0000000709c00000, 0x0000000709e00000|  0%| F|  |TAMS 0x0000000709c00000, 0x0000000709c00000| Untracked 
|  56|0x0000000709e00000, 0x0000000709e00000, 0x000000070a000000|  0%| F|  |TAMS 0x0000000709e00000, 0x0000000709e00000| Untracked 
|  57|0x000000070a000000, 0x000000070a000000, 0x000000070a200000|  0%| F|  |TAMS 0x000000070a000000, 0x000000070a000000| Untracked 
|  58|0x000000070a200000, 0x000000070a200000, 0x000000070a400000|  0%| F|  |TAMS 0x000000070a200000, 0x000000070a200000| Untracked 
|  59|0x000000070a400000, 0x000000070a400000, 0x000000070a600000|  0%| F|  |TAMS 0x000000070a400000, 0x000000070a400000| Untracked 
|  60|0x000000070a600000, 0x000000070a600000, 0x000000070a800000|  0%| F|  |TAMS 0x000000070a600000, 0x000000070a600000| Untracked 
|  61|0x000000070a800000, 0x000000070a800000, 0x000000070aa00000|  0%| F|  |TAMS 0x000000070a800000, 0x000000070a800000| Untracked 
|  62|0x000000070aa00000, 0x000000070aa00000, 0x000000070ac00000|  0%| F|  |TAMS 0x000000070aa00000, 0x000000070aa00000| Untracked 
|  63|0x000000070ac00000, 0x000000070ac00000, 0x000000070ae00000|  0%| F|  |TAMS 0x000000070ac00000, 0x000000070ac00000| Untracked 
|  64|0x000000070ae00000, 0x000000070ae00000, 0x000000070b000000|  0%| F|  |TAMS 0x000000070ae00000, 0x000000070ae00000| Untracked 
|  65|0x000000070b000000, 0x000000070b000000, 0x000000070b200000|  0%| F|  |TAMS 0x000000070b000000, 0x000000070b000000| Untracked 
|  66|0x000000070b200000, 0x000000070b200000, 0x000000070b400000|  0%| F|  |TAMS 0x000000070b200000, 0x000000070b200000| Untracked 
|  67|0x000000070b400000, 0x000000070b400000, 0x000000070b600000|  0%| F|  |TAMS 0x000000070b400000, 0x000000070b400000| Untracked 
|  68|0x000000070b600000, 0x000000070b600000, 0x000000070b800000|  0%| F|  |TAMS 0x000000070b600000, 0x000000070b600000| Untracked 
|  69|0x000000070b800000, 0x000000070b800000, 0x000000070ba00000|  0%| F|  |TAMS 0x000000070b800000, 0x000000070b800000| Untracked 
|  70|0x000000070ba00000, 0x000000070ba00000, 0x000000070bc00000|  0%| F|  |TAMS 0x000000070ba00000, 0x000000070ba00000| Untracked 
|  71|0x000000070bc00000, 0x000000070bc00000, 0x000000070be00000|  0%| F|  |TAMS 0x000000070bc00000, 0x000000070bc00000| Untracked 
|  72|0x000000070be00000, 0x000000070be00000, 0x000000070c000000|  0%| F|  |TAMS 0x000000070be00000, 0x000000070be00000| Untracked 
|  73|0x000000070c000000, 0x000000070c000000, 0x000000070c200000|  0%| F|  |TAMS 0x000000070c000000, 0x000000070c000000| Untracked 
|  74|0x000000070c200000, 0x000000070c200000, 0x000000070c400000|  0%| F|  |TAMS 0x000000070c200000, 0x000000070c200000| Untracked 
|  75|0x000000070c400000, 0x000000070c400000, 0x000000070c600000|  0%| F|  |TAMS 0x000000070c400000, 0x000000070c400000| Untracked 
|  76|0x000000070c600000, 0x000000070c600000, 0x000000070c800000|  0%| F|  |TAMS 0x000000070c600000, 0x000000070c600000| Untracked 
|  77|0x000000070c800000, 0x000000070c800000, 0x000000070ca00000|  0%| F|  |TAMS 0x000000070c800000, 0x000000070c800000| Untracked 
|  78|0x000000070ca00000, 0x000000070ca00000, 0x000000070cc00000|  0%| F|  |TAMS 0x000000070ca00000, 0x000000070ca00000| Untracked 
|  79|0x000000070cc00000, 0x000000070cc00000, 0x000000070ce00000|  0%| F|  |TAMS 0x000000070cc00000, 0x000000070cc00000| Untracked 
|  80|0x000000070ce00000, 0x000000070ce00000, 0x000000070d000000|  0%| F|  |TAMS 0x000000070ce00000, 0x000000070ce00000| Untracked 
|  81|0x000000070d000000, 0x000000070d000000, 0x000000070d200000|  0%| F|  |TAMS 0x000000070d000000, 0x000000070d000000| Untracked 
|  82|0x000000070d200000, 0x000000070d200000, 0x000000070d400000|  0%| F|  |TAMS 0x000000070d200000, 0x000000070d200000| Untracked 
|  83|0x000000070d400000, 0x000000070d400000, 0x000000070d600000|  0%| F|  |TAMS 0x000000070d400000, 0x000000070d400000| Untracked 
|  84|0x000000070d600000, 0x000000070d600000, 0x000000070d800000|  0%| F|  |TAMS 0x000000070d600000, 0x000000070d600000| Untracked 
|  85|0x000000070d800000, 0x000000070d800000, 0x000000070da00000|  0%| F|  |TAMS 0x000000070d800000, 0x000000070d800000| Untracked 
|  86|0x000000070da00000, 0x000000070da00000, 0x000000070dc00000|  0%| F|  |TAMS 0x000000070da00000, 0x000000070da00000| Untracked 
|  87|0x000000070dc00000, 0x000000070dc00000, 0x000000070de00000|  0%| F|  |TAMS 0x000000070dc00000, 0x000000070dc00000| Untracked 
|  88|0x000000070de00000, 0x000000070de00000, 0x000000070e000000|  0%| F|  |TAMS 0x000000070de00000, 0x000000070de00000| Untracked 
|  89|0x000000070e000000, 0x000000070e000000, 0x000000070e200000|  0%| F|  |TAMS 0x000000070e000000, 0x000000070e000000| Untracked 
|  90|0x000000070e200000, 0x000000070e200000, 0x000000070e400000|  0%| F|  |TAMS 0x000000070e200000, 0x000000070e200000| Untracked 
|  91|0x000000070e400000, 0x000000070e400000, 0x000000070e600000|  0%| F|  |TAMS 0x000000070e400000, 0x000000070e400000| Untracked 
|  92|0x000000070e600000, 0x000000070e600000, 0x000000070e800000|  0%| F|  |TAMS 0x000000070e600000, 0x000000070e600000| Untracked 
|  93|0x000000070e800000, 0x000000070e800000, 0x000000070ea00000|  0%| F|  |TAMS 0x000000070e800000, 0x000000070e800000| Untracked 
|  94|0x000000070ea00000, 0x000000070ea00000, 0x000000070ec00000|  0%| F|  |TAMS 0x000000070ea00000, 0x000000070ea00000| Untracked 
|  95|0x000000070ec00000, 0x000000070ec00000, 0x000000070ee00000|  0%| F|  |TAMS 0x000000070ec00000, 0x000000070ec00000| Untracked 
|  96|0x000000070ee00000, 0x000000070ee00000, 0x000000070f000000|  0%| F|  |TAMS 0x000000070ee00000, 0x000000070ee00000| Untracked 
|  97|0x000000070f000000, 0x000000070f000000, 0x000000070f200000|  0%| F|  |TAMS 0x000000070f000000, 0x000000070f000000| Untracked 
|  98|0x000000070f200000, 0x000000070f200000, 0x000000070f400000|  0%| F|  |TAMS 0x000000070f200000, 0x000000070f200000| Untracked 
|  99|0x000000070f400000, 0x000000070f400000, 0x000000070f600000|  0%| F|  |TAMS 0x000000070f400000, 0x000000070f400000| Untracked 
| 100|0x000000070f600000, 0x000000070f600000, 0x000000070f800000|  0%| F|  |TAMS 0x000000070f600000, 0x000000070f600000| Untracked 
| 101|0x000000070f800000, 0x000000070f800000, 0x000000070fa00000|  0%| F|  |TAMS 0x000000070f800000, 0x000000070f800000| Untracked 
| 102|0x000000070fa00000, 0x000000070fa00000, 0x000000070fc00000|  0%| F|  |TAMS 0x000000070fa00000, 0x000000070fa00000| Untracked 
| 103|0x000000070fc00000, 0x000000070fc00000, 0x000000070fe00000|  0%| F|  |TAMS 0x000000070fc00000, 0x000000070fc00000| Untracked 
| 104|0x000000070fe00000, 0x000000070fe00000, 0x0000000710000000|  0%| F|  |TAMS 0x000000070fe00000, 0x000000070fe00000| Untracked 
| 105|0x0000000710000000, 0x0000000710000000, 0x0000000710200000|  0%| F|  |TAMS 0x0000000710000000, 0x0000000710000000| Untracked 
| 106|0x0000000710200000, 0x0000000710200000, 0x0000000710400000|  0%| F|  |TAMS 0x0000000710200000, 0x0000000710200000| Untracked 
| 107|0x0000000710400000, 0x0000000710400000, 0x0000000710600000|  0%| F|  |TAMS 0x0000000710400000, 0x0000000710400000| Untracked 
| 108|0x0000000710600000, 0x0000000710600000, 0x0000000710800000|  0%| F|  |TAMS 0x0000000710600000, 0x0000000710600000| Untracked 
| 109|0x0000000710800000, 0x0000000710800000, 0x0000000710a00000|  0%| F|  |TAMS 0x0000000710800000, 0x0000000710800000| Untracked 
| 110|0x0000000710a00000, 0x0000000710a205c0, 0x0000000710c00000|  6%| S|CS|TAMS 0x0000000710a00000, 0x0000000710a00000| Complete 
| 111|0x0000000710c00000, 0x0000000710c00000, 0x0000000710e00000|  0%| F|  |TAMS 0x0000000710c00000, 0x0000000710c00000| Untracked 
| 112|0x0000000710e00000, 0x0000000710e00000, 0x0000000711000000|  0%| F|  |TAMS 0x0000000710e00000, 0x0000000710e00000| Untracked 
| 113|0x0000000711000000, 0x0000000711000000, 0x0000000711200000|  0%| F|  |TAMS 0x0000000711000000, 0x0000000711000000| Untracked 
| 114|0x0000000711200000, 0x0000000711200000, 0x0000000711400000|  0%| F|  |TAMS 0x0000000711200000, 0x0000000711200000| Untracked 
| 115|0x0000000711400000, 0x0000000711600000, 0x0000000711600000|100%| E|  |TAMS 0x0000000711400000, 0x0000000711400000| Complete 
| 116|0x0000000711600000, 0x0000000711800000, 0x0000000711800000|100%| E|CS|TAMS 0x0000000711600000, 0x0000000711600000| Complete 
| 117|0x0000000711800000, 0x0000000711a00000, 0x0000000711a00000|100%| E|CS|TAMS 0x0000000711800000, 0x0000000711800000| Complete 
| 118|0x0000000711a00000, 0x0000000711c00000, 0x0000000711c00000|100%| E|CS|TAMS 0x0000000711a00000, 0x0000000711a00000| Complete 
| 119|0x0000000711c00000, 0x0000000711e00000, 0x0000000711e00000|100%| E|CS|TAMS 0x0000000711c00000, 0x0000000711c00000| Complete 
| 120|0x0000000711e00000, 0x0000000712000000, 0x0000000712000000|100%| E|CS|TAMS 0x0000000711e00000, 0x0000000711e00000| Complete 
| 121|0x0000000712000000, 0x0000000712200000, 0x0000000712200000|100%| E|CS|TAMS 0x0000000712000000, 0x0000000712000000| Complete 
| 122|0x0000000712200000, 0x0000000712400000, 0x0000000712400000|100%| E|CS|TAMS 0x0000000712200000, 0x0000000712200000| Complete 
| 123|0x0000000712400000, 0x0000000712600000, 0x0000000712600000|100%| E|CS|TAMS 0x0000000712400000, 0x0000000712400000| Complete 
| 124|0x0000000712600000, 0x0000000712800000, 0x0000000712800000|100%| E|CS|TAMS 0x0000000712600000, 0x0000000712600000| Complete 
| 125|0x0000000712800000, 0x0000000712a00000, 0x0000000712a00000|100%| E|CS|TAMS 0x0000000712800000, 0x0000000712800000| Complete 
| 126|0x0000000712a00000, 0x0000000712c00000, 0x0000000712c00000|100%| E|CS|TAMS 0x0000000712a00000, 0x0000000712a00000| Complete 

Card table byte_map: [0x000001cbf4100000,0x000001cbf48f0000] _byte_map_base: 0x000001cbf08e9000

Marking Bits (Prev, Next): (CMBitMap*) 0x000001cbee017240, (CMBitMap*) 0x000001cbee017280
 Prev Bits: [0x000001cbf50e0000, 0x000001cbf9028000)
 Next Bits: [0x000001cbf9030000, 0x000001cbfcf78000)

Polling page: 0x000001cbee070000

Metaspace:

Usage:
  Non-class:     12.41 MB used.
      Class:      1.30 MB used.
       Both:     13.71 MB used.

Virtual space:
  Non-class space:       64.00 MB reserved,      12.50 MB ( 20%) committed,  1 nodes.
      Class space:        1.00 GB reserved,       1.44 MB ( <1%) committed,  1 nodes.
             Both:        1.06 GB reserved,      13.94 MB (  1%) committed. 

Chunk freelists:
   Non-Class:  2.98 MB
       Class:  14.61 MB
        Both:  17.59 MB

MaxMetaspaceSize: unlimited
CompressedClassSpaceSize: 1.00 GB
Initial GC threshold: 21.00 MB
Current GC threshold: 21.00 MB
CDS: off
MetaspaceReclaimPolicy: balanced
 - commit_granule_bytes: 65536.
 - commit_granule_words: 8192.
 - virtual_space_node_default_size: 8388608.
 - enlarge_chunks_in_place: 1.
 - new_chunks_are_fully_committed: 0.
 - uncommit_free_chunks: 1.
 - use_allocation_guard: 0.
 - handle_deallocations: 1.


Internal statistics:

num_allocs_failed_limit: 0.
num_arena_births: 118.
num_arena_deaths: 0.
num_vsnodes_births: 2.
num_vsnodes_deaths: 0.
num_space_committed: 223.
num_space_uncommitted: 0.
num_chunks_returned_to_freelist: 0.
num_chunks_taken_from_freelist: 191.
num_chunk_merges: 0.
num_chunk_splits: 96.
num_chunks_enlarged: 27.
num_inconsistent_stats: 0.

CodeHeap 'non-profiled nmethods': size=120000Kb used=683Kb max_used=683Kb free=119316Kb
 bounds [0x000001cb87ad0000, 0x000001cb87d40000, 0x000001cb8f000000]
CodeHeap 'profiled nmethods': size=120000Kb used=2534Kb max_used=2534Kb free=117466Kb
 bounds [0x000001cb80000000, 0x000001cb80280000, 0x000001cb87530000]
CodeHeap 'non-nmethods': size=5760Kb used=1253Kb max_used=1297Kb free=4506Kb
 bounds [0x000001cb87530000, 0x000001cb877a0000, 0x000001cb87ad0000]
 total_blobs=2007 nmethods=1434 adapters=486
 compilation: enabled
              stopped_count=0, restarted_count=0
 full_count=0

Compilation events (20 events):
Event: 3205.486 Thread 0x000001cbffb384c0 nmethod 1425 0x000001cb87b6f290 code [0x000001cb87b6f420, 0x000001cb87b6f4f8]
Event: 3206.729 Thread 0x000001cbffb384c0 1426   !   3       sun.awt.PostEventQueue::flush (168 bytes)
Event: 3206.730 Thread 0x000001cbffb384c0 nmethod 1426 0x000001cb80275c90 code [0x000001cb80275f40, 0x000001cb80276cc8]
Event: 3209.111 Thread 0x000001cbffb34ad0 1427   !   4       java.util.concurrent.locks.AbstractQueuedSynchronizer$ConditionObject::await (183 bytes)
Event: 3209.131 Thread 0x000001cbffb34ad0 nmethod 1427 0x000001cb87b6f590 code [0x000001cb87b6f780, 0x000001cb87b70188]
Event: 3209.151 Thread 0x000001cbffb384c0 1428   !   3       java.awt.EventQueue::getNextEvent (84 bytes)
Event: 3209.155 Thread 0x000001cbffb384c0 nmethod 1428 0x000001cb80277310 code [0x000001cb80277560, 0x000001cb80277e28]
Event: 3209.979 Thread 0x000001cbffb384c0 1429   !   3       java.awt.EventQueue::postEventPrivate (104 bytes)
Event: 3209.979 Thread 0x000001cbffb384c0 nmethod 1429 0x000001cb80278210 code [0x000001cb80278460, 0x000001cb80278cc8]
Event: 3209.979 Thread 0x000001cbffb384c0 1430       3       java.awt.EventQueue::eventToCacheIndex (80 bytes)
Event: 3209.979 Thread 0x000001cbffb384c0 nmethod 1430 0x000001cb80278f90 code [0x000001cb80279160, 0x000001cb80279758]
Event: 3210.568 Thread 0x000001cbffb34ad0 1431       4       java.awt.EventQueue::cacheEQItem (60 bytes)
Event: 3210.576 Thread 0x000001cbffb34ad0 nmethod 1431 0x000001cb87b70990 code [0x000001cb87b70b20, 0x000001cb87b70f78]
Event: 3211.422 Thread 0x000001cbffb34ad0 1432   !   4       sun.awt.AWTAutoShutdown::notifyThreadBusy (88 bytes)
Event: 3211.435 Thread 0x000001cbffb34ad0 nmethod 1432 0x000001cb87b71190 code [0x000001cb87b71380, 0x000001cb87b722e8]
Event: 3212.709 Thread 0x000001cbffb34ad0 1433       4       java.util.concurrent.locks.AbstractQueuedSynchronizer$ConditionObject::doSignal (54 bytes)
Event: 3212.714 Thread 0x000001cbffb34ad0 nmethod 1433 0x000001cb87b72c10 code [0x000001cb87b72da0, 0x000001cb87b73358]
Event: 3255.528 Thread 0x000001cbffb34ad0 1434   !   4       sun.awt.PostEventQueue::flush (168 bytes)
Event: 3255.803 Thread 0x000001cbffb34ad0 nmethod 1434 0x000001cb87b73510 code [0x000001cb87b73940, 0x000001cb87b78c50]
Event: 3355.444 Thread 0x000001cbffb34ad0 1435   !   4       java.awt.EventQueue::getNextEvent (84 bytes)

GC Heap History (4 events):
Event: 531.168 GC heap before
{Heap before GC invocations=0 (full 0):
 garbage-first heap   total 260096K, used 20480K [0x0000000702e00000, 0x0000000800000000)
  region size 2048K, 11 young (22528K), 0 survivors (0K)
 Metaspace       used 14017K, committed 14272K, reserved 1114112K
  class space    used 1327K, committed 1472K, reserved 1048576K
}
Event: 531.174 GC heap after
{Heap after GC invocations=1 (full 0):
 garbage-first heap   total 260096K, used 4751K [0x0000000702e00000, 0x0000000800000000)
  region size 2048K, 2 young (4096K), 2 survivors (4096K)
 Metaspace       used 14017K, committed 14272K, reserved 1114112K
  class space    used 1327K, committed 1472K, reserved 1048576K
}
Event: 2140.456 GC heap before
{Heap before GC invocations=1 (full 0):
 garbage-first heap   total 260096K, used 33423K [0x0000000702e00000, 0x0000000800000000)
  region size 2048K, 16 young (32768K), 2 survivors (4096K)
 Metaspace       used 14026K, committed 14272K, reserved 1114112K
  class space    used 1327K, committed 1472K, reserved 1048576K
}
Event: 2140.460 GC heap after
{Heap after GC invocations=2 (full 0):
 garbage-first heap   total 260096K, used 4093K [0x0000000702e00000, 0x0000000800000000)
  region size 2048K, 1 young (2048K), 1 survivors (2048K)
 Metaspace       used 14026K, committed 14272K, reserved 1114112K
  class space    used 1327K, committed 1472K, reserved 1048576K
}

Dll operation events (6 events):
Event: 0.011 Loaded shared library C:\Users\Najila\.p2\pool\plugins\org.eclipse.justj.openjdk.hotspot.jre.full.win32.x86_64_17.0.10.v20240120-1143\jre\bin\java.dll
Event: 0.177 Loaded shared library C:\Users\Najila\.p2\pool\plugins\org.eclipse.justj.openjdk.hotspot.jre.full.win32.x86_64_17.0.10.v20240120-1143\jre\bin\jimage.dll
Event: 0.229 Loaded shared library C:\Users\Najila\.p2\pool\plugins\org.eclipse.justj.openjdk.hotspot.jre.full.win32.x86_64_17.0.10.v20240120-1143\jre\bin\awt.dll
Event: 0.486 Loaded shared library C:\Users\Najila\.p2\pool\plugins\org.eclipse.justj.openjdk.hotspot.jre.full.win32.x86_64_17.0.10.v20240120-1143\jre\bin\freetype.dll
Event: 0.487 Loaded shared library C:\Users\Najila\.p2\pool\plugins\org.eclipse.justj.openjdk.hotspot.jre.full.win32.x86_64_17.0.10.v20240120-1143\jre\bin\fontmanager.dll
Event: 0.606 Loaded shared library C:\Users\Najila\.p2\pool\plugins\org.eclipse.justj.openjdk.hotspot.jre.full.win32.x86_64_17.0.10.v20240120-1143\jre\bin\zip.dll

Deoptimization events (20 events):
Event: 3205.486 Thread 0x000001cb934d5500 Uncommon trap: trap_request=0xffffff45 fr.pc=0x000001cb87b48444 relative=0x00000000000022c4
Event: 3205.486 Thread 0x000001cb934d5500 Uncommon trap: reason=unstable_if action=reinterpret pc=0x000001cb87b48444 method=java.awt.EventQueue.getPriority(Ljava/awt/AWTEvent;)I @ 71 c2
Event: 3205.486 Thread 0x000001cb934d5500 DEOPT PACKING pc=0x000001cb87b48444 sp=0x000000827bafed30
Event: 3205.486 Thread 0x000001cb934d5500 DEOPT UNPACKING pc=0x000001cb875869a3 sp=0x000000827bafecd8 mode 2
Event: 3205.486 Thread 0x000001cb934d5500 Uncommon trap: trap_request=0xffffff45 fr.pc=0x000001cb87b40e84 relative=0x0000000000000084
Event: 3205.486 Thread 0x000001cb934d5500 Uncommon trap: reason=unstable_if action=reinterpret pc=0x000001cb87b40e84 method=java.awt.EventQueue.eventToCacheIndex(Ljava/awt/AWTEvent;)I @ 4 c2
Event: 3205.486 Thread 0x000001cb934d5500 DEOPT PACKING pc=0x000001cb87b40e84 sp=0x000000827bafeb70
Event: 3205.486 Thread 0x000001cb934d5500 DEOPT UNPACKING pc=0x000001cb875869a3 sp=0x000000827bafeb10 mode 2
Event: 3205.487 Thread 0x000001cb934d5500 Uncommon trap: trap_request=0xffffffde fr.pc=0x000001cb87b43c84 relative=0x0000000000000524
Event: 3205.487 Thread 0x000001cb934d5500 Uncommon trap: reason=class_check action=maybe_recompile pc=0x000001cb87b43c84 method=javax.swing.RepaintManager.addDirtyRegion0(Ljava/awt/Container;IIII)V @ 16 c2
Event: 3205.487 Thread 0x000001cb934d5500 DEOPT PACKING pc=0x000001cb87b43c84 sp=0x000000827bafed10
Event: 3205.487 Thread 0x000001cb934d5500 DEOPT UNPACKING pc=0x000001cb875869a3 sp=0x000000827bafecf8 mode 2
Event: 3205.487 Thread 0x000001cb934d5500 Uncommon trap: trap_request=0xffffff45 fr.pc=0x000001cb87b62f64 relative=0x00000000000018a4
Event: 3205.487 Thread 0x000001cb934d5500 Uncommon trap: reason=unstable_if action=reinterpret pc=0x000001cb87b62f64 method=java.awt.EventQueue.eventToCacheIndex(Ljava/awt/AWTEvent;)I @ 4 c2
Event: 3205.487 Thread 0x000001cb934d5500 DEOPT PACKING pc=0x000001cb87b62f64 sp=0x000000827bafef30
Event: 3205.487 Thread 0x000001cb934d5500 DEOPT UNPACKING pc=0x000001cb875869a3 sp=0x000000827bafedf8 mode 2
Event: 3205.844 Thread 0x000001cb93347fe0 Uncommon trap: trap_request=0xffffff45 fr.pc=0x000001cb87b68e14 relative=0x00000000000003f4
Event: 3205.844 Thread 0x000001cb93347fe0 Uncommon trap: reason=unstable_if action=reinterpret pc=0x000001cb87b68e14 method=java.util.ArrayList.toArray([Ljava/lang/Object;)[Ljava/lang/Object; @ 6 c2
Event: 3205.844 Thread 0x000001cb93347fe0 DEOPT PACKING pc=0x000001cb87b68e14 sp=0x000000827bbff210
Event: 3205.845 Thread 0x000001cb93347fe0 DEOPT UNPACKING pc=0x000001cb875869a3 sp=0x000000827bbff1f8 mode 2

Classes unloaded (0 events):
No events

Classes redefined (0 events):
No events

Internal exceptions (13 events):
Event: 0.215 Thread 0x000001cbedfac630 Exception <a 'java/lang/ClassNotFoundException'{0x0000000712b9bb18}: sun/awt/resources/spi/awtProvider> (0x0000000712b9bb18) 
thrown [s\src\hotspot\share\classfile\systemDictionary.cpp, line 256]
Event: 0.250 Thread 0x000001cbedfac630 Exception <a 'java/io/FileNotFoundException'{0x0000000712bf5830}> (0x0000000712bf5830) 
thrown [s\src\hotspot\share\prims\jni.cpp, line 516]
Event: 0.258 Thread 0x000001cbedfac630 Exception <a 'java/io/FileNotFoundException'{0x0000000712822c60}> (0x0000000712822c60) 
thrown [s\src\hotspot\share\prims\jni.cpp, line 516]
Event: 0.307 Thread 0x000001cbedfac630 Exception <a 'java/lang/NoSuchMethodError'{0x00000007128634f8}: 'java.lang.Object java.lang.invoke.DirectMethodHandle$Holder.invokeStaticInit(java.lang.Object)'> (0x00000007128634f8) 
thrown [s\src\hotspot\share\interpreter\linkResolver.cpp, line 759]
Event: 0.408 Thread 0x000001cbedfac630 Exception <a 'java/lang/NoSuchMethodError'{0x00000007128b0f18}: 'void java.lang.invoke.DirectMethodHandle$Holder.invokeSpecial(java.lang.Object, java.lang.Object, java.lang.Object)'> (0x00000007128b0f18) 
thrown [s\src\hotspot\share\interpreter\linkResolver.cpp, line 759]
Event: 0.417 Thread 0x000001cbedfac630 Exception <a 'java/lang/NoSuchMethodError'{0x00000007128daf30}: 'java.lang.Object java.lang.invoke.DirectMethodHandle$Holder.newInvokeSpecial(java.lang.Object, java.lang.Object, java.lang.Object, java.lang.Object, java.lang.Object)'> (0x00000007128daf30) 
thrown [s\src\hotspot\share\interpreter\linkResolver.cpp, line 759]
Event: 0.419 Thread 0x000001cbedfac630 Exception <a 'java/lang/NoSuchMethodError'{0x0000000712957588}: 'java.lang.Object java.lang.invoke.DirectMethodHandle$Holder.invokeStatic(java.lang.Object, int, java.lang.Object, java.lang.Object, java.lang.Object, java.lang.Object)'> (0x0000000712957588) 
thrown [s\src\hotspot\share\interpreter\linkResolver.cpp, line 759]
Event: 0.422 Thread 0x000001cbedfac630 Exception <a 'java/lang/NoSuchMethodError'{0x000000071297cd48}: 'java.lang.Object java.lang.invoke.DirectMethodHandle$Holder.invokeStatic(java.lang.Object, int, java.lang.Object)'> (0x000000071297cd48) 
thrown [s\src\hotspot\share\interpreter\linkResolver.cpp, line 759]
Event: 0.442 Thread 0x000001cbedfac630 Exception <a 'java/lang/ClassNotFoundException'{0x0000000712634d80}: com/sun/swing/internal/plaf/metal/resources/spi/metalProvider> (0x0000000712634d80) 
thrown [s\src\hotspot\share\classfile\systemDictionary.cpp, line 256]
Event: 0.443 Thread 0x000001cbedfac630 Exception <a 'java/lang/ClassNotFoundException'{0x0000000712638960}: com/sun/swing/internal/plaf/basic/resources/spi/basicProvider> (0x0000000712638960) 
thrown [s\src\hotspot\share\classfile\systemDictionary.cpp, line 256]
Event: 0.465 Thread 0x000001cb93237de0 Exception <a 'java/lang/NoSuchMethodError'{0x00000007128f1de0}: 'void java.lang.invoke.DirectMethodHandle$Holder.invokeVirtual(java.lang.Object, java.lang.Object)'> (0x00000007128f1de0) 
thrown [s\src\hotspot\share\interpreter\linkResolver.cpp, line 759]
Event: 0.481 Thread 0x000001cbedfac630 Exception <a 'java/lang/NoSuchMethodError'{0x00000007126e7710}: 'void java.lang.invoke.DirectMethodHandle$Holder.invokeStaticInit(java.lang.Object)'> (0x00000007126e7710) 
thrown [s\src\hotspot\share\interpreter\linkResolver.cpp, line 759]
Event: 0.667 Thread 0x000001cb93552870 Exception <a 'java/lang/NoSuchMethodError'{0x00000007122155c0}: 'java.lang.Object java.lang.invoke.DirectMethodHandle$Holder.newInvokeSpecial(java.lang.Object, java.lang.Object, java.lang.Object, int, int, int, int, int)'> (0x00000007122155c0) 
thrown [s\src\hotspot\share\interpreter\linkResolver.cpp, line 759]

VM Operations (20 events):
Event: 128.671 Executing VM operation: Cleanup
Event: 128.671 Executing VM operation: Cleanup done
Event: 147.822 Executing VM operation: Cleanup
Event: 147.822 Executing VM operation: Cleanup done
Event: 156.876 Executing VM operation: Cleanup
Event: 156.876 Executing VM operation: Cleanup done
Event: 180.571 Executing VM operation: HandshakeAllThreads
Event: 180.571 Executing VM operation: HandshakeAllThreads done
Event: 405.167 Executing VM operation: Cleanup
Event: 405.167 Executing VM operation: Cleanup done
Event: 531.168 Executing VM operation: G1CollectForAllocation
Event: 531.174 Executing VM operation: G1CollectForAllocation done
Event: 532.178 Executing VM operation: Cleanup
Event: 532.178 Executing VM operation: Cleanup done
Event: 2140.456 Executing VM operation: G1CollectForAllocation
Event: 2140.460 Executing VM operation: G1CollectForAllocation done
Event: 3204.865 Executing VM operation: Cleanup
Event: 3204.865 Executing VM operation: Cleanup done
Event: 3205.868 Executing VM operation: Cleanup
Event: 3205.868 Executing VM operation: Cleanup done

Events (20 events):
Event: 0.725 loading class java/text/AttributedCharacterIterator
Event: 0.725 loading class java/text/CharacterIterator
Event: 0.725 loading class java/text/CharacterIterator done
Event: 0.725 loading class java/text/AttributedCharacterIterator done
Event: 0.725 loading class java/text/AttributedString$AttributedStringIterator done
Event: 0.730 Thread 0x000001cb934ada60 Thread added: 0x000001cb934ada60
Event: 0.945 Thread 0x000001cb934ada60 Thread exited: 0x000001cb934ada60
Event: 4.814 loading class java/awt/KeyboardFocusManager$2
Event: 4.814 loading class java/awt/KeyboardFocusManager$2 done
Event: 4.814 loading class sun/awt/SunToolkit$1
Event: 4.814 loading class sun/awt/SunToolkit$1 done
Event: 5.718 Thread 0x000001cb93552870 Thread exited: 0x000001cb93552870
Event: 170.233 loading class java/security/DomainCombiner
Event: 170.233 loading class java/security/DomainCombiner done
Event: 3203.994 loading class java/util/WeakHashMap$KeyIterator
Event: 3203.997 loading class java/util/WeakHashMap$HashIterator
Event: 3203.998 loading class java/util/WeakHashMap$HashIterator done
Event: 3203.998 loading class java/util/WeakHashMap$KeyIterator done
Event: 3205.423 loading class javax/swing/RepaintManager$DisplayChangedRunnable
Event: 3205.424 loading class javax/swing/RepaintManager$DisplayChangedRunnable done


Dynamic libraries:
0x00007ff65a1b0000 - 0x00007ff65a1be000 	C:\Users\Najila\.p2\pool\plugins\org.eclipse.justj.openjdk.hotspot.jre.full.win32.x86_64_17.0.10.v20240120-1143\jre\bin\javaw.exe
0x00007ffd71fb0000 - 0x00007ffd721a8000 	C:\Windows\SYSTEM32\ntdll.dll
0x00007ffd71080000 - 0x00007ffd7113d000 	C:\Windows\System32\KERNEL32.DLL
0x00007ffd6fbd0000 - 0x00007ffd6fec6000 	C:\Windows\System32\KERNELBASE.dll
0x00007ffd6f670000 - 0x00007ffd6f770000 	C:\Windows\System32\ucrtbase.dll
0x00007ffd5c580000 - 0x00007ffd5c59b000 	C:\Users\Najila\.p2\pool\plugins\org.eclipse.justj.openjdk.hotspot.jre.full.win32.x86_64_17.0.10.v20240120-1143\jre\bin\VCRUNTIME140.dll
0x00007ffd44300000 - 0x00007ffd44317000 	C:\Users\Najila\.p2\pool\plugins\org.eclipse.justj.openjdk.hotspot.jre.full.win32.x86_64_17.0.10.v20240120-1143\jre\bin\jli.dll
0x00007ffd707a0000 - 0x00007ffd7093f000 	C:\Windows\System32\USER32.dll
0x00007ffd5ef30000 - 0x00007ffd5f1ca000 	C:\Windows\WinSxS\amd64_microsoft.windows.common-controls_6595b64144ccf1df_6.0.19041.4355_none_60b8b9eb71f62e16\COMCTL32.dll
0x00007ffd6f920000 - 0x00007ffd6f942000 	C:\Windows\System32\win32u.dll
0x00007ffd709c0000 - 0x00007ffd70a5e000 	C:\Windows\System32\msvcrt.dll
0x00007ffd70b80000 - 0x00007ffd70bab000 	C:\Windows\System32\GDI32.dll
0x00007ffd6fab0000 - 0x00007ffd6fbc7000 	C:\Windows\System32\gdi32full.dll
0x00007ffd6ff50000 - 0x00007ffd6ffed000 	C:\Windows\System32\msvcp_win.dll
0x00007ffd70d50000 - 0x00007ffd70d7f000 	C:\Windows\System32\IMM32.DLL
0x00007ffd5dbc0000 - 0x00007ffd5dbcc000 	C:\Users\Najila\.p2\pool\plugins\org.eclipse.justj.openjdk.hotspot.jre.full.win32.x86_64_17.0.10.v20240120-1143\jre\bin\vcruntime140_1.dll
0x00007ffd3e5e0000 - 0x00007ffd3e66d000 	C:\Users\Najila\.p2\pool\plugins\org.eclipse.justj.openjdk.hotspot.jre.full.win32.x86_64_17.0.10.v20240120-1143\jre\bin\msvcp140.dll
0x00007ffcefc50000 - 0x00007ffcf08b2000 	C:\Users\Najila\.p2\pool\plugins\org.eclipse.justj.openjdk.hotspot.jre.full.win32.x86_64_17.0.10.v20240120-1143\jre\bin\server\jvm.dll
0x00007ffd70c20000 - 0x00007ffd70cd0000 	C:\Windows\System32\ADVAPI32.dll
0x00007ffd6fff0000 - 0x00007ffd70090000 	C:\Windows\System32\sechost.dll
0x00007ffd70f50000 - 0x00007ffd71073000 	C:\Windows\System32\RPCRT4.dll
0x00007ffd6ff20000 - 0x00007ffd6ff47000 	C:\Windows\System32\bcrypt.dll
0x00007ffd232b0000 - 0x00007ffd232b9000 	C:\Windows\SYSTEM32\WSOCK32.dll
0x00007ffd6ebf0000 - 0x00007ffd6ec3b000 	C:\Windows\SYSTEM32\POWRPROF.dll
0x00007ffd65f50000 - 0x00007ffd65f77000 	C:\Windows\SYSTEM32\WINMM.dll
0x00007ffd67760000 - 0x00007ffd6776a000 	C:\Windows\SYSTEM32\VERSION.dll
0x00007ffd70bb0000 - 0x00007ffd70c1b000 	C:\Windows\System32\WS2_32.dll
0x00007ffd6ea60000 - 0x00007ffd6ea72000 	C:\Windows\SYSTEM32\UMPDC.dll
0x00007ffd6d4f0000 - 0x00007ffd6d502000 	C:\Windows\SYSTEM32\kernel.appcore.dll
0x00007ffd6a900000 - 0x00007ffd6a90a000 	C:\Users\Najila\.p2\pool\plugins\org.eclipse.justj.openjdk.hotspot.jre.full.win32.x86_64_17.0.10.v20240120-1143\jre\bin\jimage.dll
0x00007ffd66940000 - 0x00007ffd66b24000 	C:\Windows\SYSTEM32\DBGHELP.DLL
0x00007ffd4f0c0000 - 0x00007ffd4f0f4000 	C:\Windows\SYSTEM32\dbgcore.DLL
0x00007ffd6f890000 - 0x00007ffd6f912000 	C:\Windows\System32\bcryptPrimitives.dll
0x00007ffd55220000 - 0x00007ffd55245000 	C:\Users\Najila\.p2\pool\plugins\org.eclipse.justj.openjdk.hotspot.jre.full.win32.x86_64_17.0.10.v20240120-1143\jre\bin\java.dll
0x00007ffd4dce0000 - 0x00007ffd4dcf8000 	C:\Users\Najila\.p2\pool\plugins\org.eclipse.justj.openjdk.hotspot.jre.full.win32.x86_64_17.0.10.v20240120-1143\jre\bin\zip.dll
0x00007ffd71390000 - 0x00007ffd71afc000 	C:\Windows\System32\SHELL32.dll
0x00007ffd6d6f0000 - 0x00007ffd6de8d000 	C:\Windows\SYSTEM32\windows.storage.dll
0x00007ffd70430000 - 0x00007ffd70783000 	C:\Windows\System32\combase.dll
0x00007ffd6f090000 - 0x00007ffd6f0be000 	C:\Windows\SYSTEM32\Wldp.dll
0x00007ffd701b0000 - 0x00007ffd7027d000 	C:\Windows\System32\OLEAUT32.dll
0x00007ffd712e0000 - 0x00007ffd7138d000 	C:\Windows\System32\SHCORE.dll
0x00007ffd70d80000 - 0x00007ffd70dd5000 	C:\Windows\System32\shlwapi.dll
0x00007ffd6f5a0000 - 0x00007ffd6f5c4000 	C:\Windows\SYSTEM32\profapi.dll
0x00007ffd198b0000 - 0x00007ffd19a40000 	C:\Users\Najila\.p2\pool\plugins\org.eclipse.justj.openjdk.hotspot.jre.full.win32.x86_64_17.0.10.v20240120-1143\jre\bin\awt.dll
0x00007ffd69770000 - 0x00007ffd69800000 	C:\Windows\SYSTEM32\apphelp.dll
0x00007ffd6d200000 - 0x00007ffd6d22f000 	C:\Windows\system32\DWMAPI.DLL
0x00007ffd6cf70000 - 0x00007ffd6d00e000 	C:\Windows\system32\uxtheme.dll
0x00007ffd37270000 - 0x00007ffd37395000 	C:\Windows\system32\opengl32.dll
0x00007ffd40970000 - 0x00007ffd4099c000 	C:\Windows\SYSTEM32\GLU32.dll
0x00007ffd70a60000 - 0x00007ffd70b74000 	C:\Windows\System32\MSCTF.dll
0x00007ffd71150000 - 0x00007ffd7127b000 	C:\Windows\System32\ole32.dll
0x00007ffd3cd00000 - 0x00007ffd3cece000 	C:\Windows\system32\d3d9.dll
0x00007ffd63530000 - 0x00007ffd636f3000 	C:\Windows\System32\DriverStore\FileRepository\u0374485.inf_amd64_abfb7dc77f8ab6ca\B374507\aticfx64.dll
0x00007ffd01fc0000 - 0x00007ffd01ff3000 	C:\Windows\System32\DriverStore\FileRepository\u0374485.inf_amd64_abfb7dc77f8ab6ca\B374507\atiu9p64.dll
0x00007ffd01270000 - 0x00007ffd01fbc000 	C:\Windows\System32\DriverStore\FileRepository\u0374485.inf_amd64_abfb7dc77f8ab6ca\B374507\atiumd64.dll
0x0000000059eb0000 - 0x000000005ad7c000 	C:\Windows\System32\DriverStore\FileRepository\u0374485.inf_amd64_abfb7dc77f8ab6ca\B374507\atiumd6a.dll
0x00007ffd60360000 - 0x00007ffd60390000 	C:\Windows\SYSTEM32\amdihk64.dll
0x00007ffd63790000 - 0x00007ffd637cb000 	C:\Windows\SYSTEM32\dxcore.dll
0x00007ffd6fed0000 - 0x00007ffd6ff1e000 	C:\Windows\System32\cfgmgr32.dll
0x00007ffd23e80000 - 0x00007ffd23f07000 	C:\Users\Najila\.p2\pool\plugins\org.eclipse.justj.openjdk.hotspot.jre.full.win32.x86_64_17.0.10.v20240120-1143\jre\bin\freetype.dll
0x00007ffd23a00000 - 0x00007ffd23ad3000 	C:\Users\Najila\.p2\pool\plugins\org.eclipse.justj.openjdk.hotspot.jre.full.win32.x86_64_17.0.10.v20240120-1143\jre\bin\fontmanager.dll
0x00007ffd3b590000 - 0x00007ffd3b689000 	C:\Windows\SYSTEM32\textinputframework.dll
0x00007ffd689e0000 - 0x00007ffd68d3b000 	C:\Windows\System32\CoreUIComponents.dll
0x00007ffd6a690000 - 0x00007ffd6a782000 	C:\Windows\System32\CoreMessaging.dll
0x00007ffd6e7c0000 - 0x00007ffd6e7f3000 	C:\Windows\SYSTEM32\ntmarta.dll
0x00007ffd6c1a0000 - 0x00007ffd6c2f7000 	C:\Windows\SYSTEM32\wintypes.dll
0x00007ffd45980000 - 0x00007ffd45a2c000 	C:\Windows\SYSTEM32\TextShaping.dll

dbghelp: loaded successfully - version: 4.0.5 - missing functions: none
symbol engine: initialized successfully - sym options: 0x614 - pdb path: .;C:\Users\Najila\.p2\pool\plugins\org.eclipse.justj.openjdk.hotspot.jre.full.win32.x86_64_17.0.10.v20240120-1143\jre\bin;C:\Windows\SYSTEM32;C:\Windows\WinSxS\amd64_microsoft.windows.common-controls_6595b64144ccf1df_6.0.19041.4355_none_60b8b9eb71f62e16;C:\Users\Najila\.p2\pool\plugins\org.eclipse.justj.openjdk.hotspot.jre.full.win32.x86_64_17.0.10.v20240120-1143\jre\bin\server;C:\Windows\System32\DriverStore\FileRepository\u0374485.inf_amd64_abfb7dc77f8ab6ca\B374507

VM Arguments:
jvm_args: -Dfile.encoding=UTF-8 -Dstdout.encoding=UTF-8 -Dstderr.encoding=UTF-8 -XX:+ShowCodeDetailsInExceptionMessages 
java_command: Home
java_class_path (initial): C:\Users\Najila\eclipse-workspace\Animation\bin
Launcher Type: SUN_STANDARD

[Global flags]
     intx CICompilerCount                          = 4                                         {product} {ergonomic}
     uint ConcGCThreads                            = 2                                         {product} {ergonomic}
     uint G1ConcRefinementThreads                  = 8                                         {product} {ergonomic}
   size_t G1HeapRegionSize                         = 2097152                                   {product} {ergonomic}
    uintx GCDrainStackTargetSize                   = 64                                        {product} {ergonomic}
   size_t InitialHeapSize                          = 266338304                                 {product} {ergonomic}
   size_t MarkStackSize                            = 4194304                                   {product} {ergonomic}
   size_t MaxHeapSize                              = 4246732800                                {product} {ergonomic}
   size_t MaxNewSize                               = 2548039680                                {product} {ergonomic}
   size_t MinHeapDeltaBytes                        = 2097152                                   {product} {ergonomic}
   size_t MinHeapSize                              = 8388608                                   {product} {ergonomic}
    uintx NonNMethodCodeHeapSize                   = 5839372                                {pd product} {ergonomic}
    uintx NonProfiledCodeHeapSize                  = 122909434                              {pd product} {ergonomic}
    uintx ProfiledCodeHeapSize                     = 122909434                              {pd product} {ergonomic}
    uintx ReservedCodeCacheSize                    = 251658240                              {pd product} {ergonomic}
     bool SegmentedCodeCache                       = true                                      {product} {ergonomic}
     bool ShowCodeDetailsInExceptionMessages       = true                                   {manageable} {command line}
   size_t SoftMaxHeapSize                          = 4246732800                             {manageable} {ergonomic}
     bool UseCompressedClassPointers               = true                           {product lp64_product} {ergonomic}
     bool UseCompressedOops                        = true                           {product lp64_product} {ergonomic}
     bool UseG1GC                                  = true                                      {product} {ergonomic}
     bool UseLargePagesIndividualAllocation        = false                                  {pd product} {ergonomic}

Logging:
Log output configuration:
 #0: stdout all=warning uptime,level,tags
 #1: stderr all=off uptime,level,tags

Environment Variables:
PATH=C:/Users/Najila/.p2/pool/plugins/org.eclipse.justj.openjdk.hotspot.jre.full.win32.x86_64_17.0.10.v20240120-1143/jre/bin/server;C:/Users/Najila/.p2/pool/plugins/org.eclipse.justj.openjdk.hotspot.jre.full.win32.x86_64_17.0.10.v20240120-1143/jre/bin;C:\Program Files (x86)\Common Files\Oracle\Java\javapath;C:\Windows\system32;C:\Windows;C:\Windows\System32\Wbem;C:\Windows\System32\WindowsPowerShell\v1.0\;C:\Windows\System32\OpenSSH\;C:\Program Files (x86)\NVIDIA Corporation\PhysX\Common;C:\Program Files\NVIDIA Corporation\NVIDIA NvDLISR;C:\Program Files\Microsoft SQL Server\150\Tools\Binn\;C:\Program Files\Microsoft SQL Server\Client SDK\ODBC\170\Tools\Binn\;C:\Program Files\dotnet\;C:\yt-dlp;C:\Program Files\get_iplayer;C:\Program Files\MySQL\MySQL Server 8.0\bin;C:\Program Files\MySQL\MySQL Shell 8.0\bin;C:\Program Files\MySQL\MySQL Shell 8.0\bin\;C:\Users\Najila\AppData\Local\Programs\Python\Python312\Scripts\;C:\Users\Najila\AppData\Local\Programs\Python\Python312\;C:\Users\Najila\AppData\Local\Microsoft\WindowsApps;C:\Users\Najila\.dotnet\tools;C:\Users\Najila\AppData\Local\Programs\Microsoft VS Code\bin;C:\Windows\system32;
USERNAME=Najila
OS=Windows_NT
PROCESSOR_IDENTIFIER=AMD64 Family 23 Model 24 Stepping 1, AuthenticAMD
TMP=C:\Users\Najila\AppData\Local\Temp
TEMP=C:\Users\Najila\AppData\Local\Temp



Periodic native trim disabled


---------------  S Y S T E M  ---------------

OS:
 Windows 10 , 64 bit Build 19041 (10.0.19041.3636)
OS uptime: 1 days 14:40 hours

CPU: total 8 (initial active 8) (8 cores per cpu, 2 threads per core) family 23 model 24 stepping 1 microcode 0x0, cx8, cmov, fxsr, ht, mmx, 3dnowpref, sse, sse2, sse3, ssse3, sse4a, sse4.1, sse4.2, popcnt, lzcnt, tsc, tscinvbit, avx, avx2, aes, clmul, bmi1, bmi2, adx, sha, fma, vzeroupper, clflush, clflushopt
Processor Information for all 8 processors :
  Max Mhz: 2100, Current Mhz: 2100, Mhz Limit: 2100

Memory: 4k page, system-wide physical 16192M (510M free)
TotalPageFile size 65344M (AvailPageFile size 0M)
current process WorkingSet (physical memory assigned to process): 66M, peak: 116M
current process commit charge ("private bytes"): 389M, peak: 402M

vm_info: OpenJDK 64-Bit Server VM (17.0.10+7) for windows-amd64 JRE (17.0.10+7), built on Jan 16 2024 23:25:11 by "admin" with MS VC++ 16.10 / 16.11 (VS2019)

END.
