#
# There is insufficient memory for the Java Runtime Environment to continue.
# Native memory allocation (malloc) failed to allocate 32744 bytes for ChunkPool::allocate
# Possible reasons:
#   The system is out of physical RAM or swap space
#   The process is running with CompressedOops enabled, and the Java Heap may be blocking the growth of the native heap
# Possible solutions:
#   Reduce memory load on the system
#   Increase physical memory or swap space
#   Check if swap backing store is full
#   Decrease Java heap size (-Xmx/-Xms)
#   Decrease number of Java threads
#   Decrease Java thread stack sizes (-Xss)
#   Set larger code cache with -XX:ReservedCodeCacheSize=
#   JVM is running with Zero Based Compressed Oops mode in which the Java heap is
#     placed in the first 32GB address space. The Java Heap base address is the
#     maximum limit for the native heap growth. Please use -XX:HeapBaseMinAddress
#     to set the Java Heap base and to place the Java Heap above 32GB virtual address.
# This output file may be truncated or incomplete.
#
#  Out of Memory Error (arena.cpp:79), pid=27448, tid=22552
#
# JRE version: OpenJDK Runtime Environment Temurin-17.0.10+7 (17.0.10+7) (build 17.0.10+7)
# Java VM: OpenJDK 64-Bit Server VM Temurin-17.0.10+7 (17.0.10+7, mixed mode, tiered, compressed oops, compressed class ptrs, g1 gc, windows-amd64)
# No core dump will be written. Minidumps are not enabled by default on client versions of Windows
#

---------------  S U M M A R Y ------------

Command Line: -Dfile.encoding=UTF-8 -Dstdout.encoding=UTF-8 -Dstderr.encoding=UTF-8 -XX:+ShowCodeDetailsInExceptionMessages Home

Host: AMD Ryzen 5 3550H with Radeon Vega Mobile Gfx  , 8 cores, 15G,  Windows 10 , 64 bit Build 19041 (10.0.19041.3636)
Time: Thu Jun 20 23:06:25 2024 Taipei Standard Time elapsed time: 7694.318081 seconds (0d 2h 8m 14s)

---------------  T H R E A D  ---------------

Current thread (0x000001f9749c7420):  JavaThread "C2 CompilerThread0" daemon [_thread_in_native, id=22552, stack(0x0000007dcde00000,0x0000007dcdf00000)]


Current CompileTask:
C2:7694318 1471   !   4       java.awt.EventQueue::getNextEvent (84 bytes)

Stack: [0x0000007dcde00000,0x0000007dcdf00000]
Native frames: (J=compiled Java code, j=interpreted, Vv=VM code, C=native code)
V  [jvm.dll+0x67d2c9]
V  [jvm.dll+0x834afa]
V  [jvm.dll+0x8365be]
V  [jvm.dll+0x836c23]
V  [jvm.dll+0x2477ff]
V  [jvm.dll+0xac711]
V  [jvm.dll+0xacb5c]
V  [jvm.dll+0x68b31a]
V  [jvm.dll+0x68a8f4]
V  [jvm.dll+0x1a828c]
V  [jvm.dll+0x1a8e56]
V  [jvm.dll+0x2adf34]
V  [jvm.dll+0x695755]
V  [jvm.dll+0x68d71b]
V  [jvm.dll+0x68cd57]
V  [jvm.dll+0x68ac42]
V  [jvm.dll+0x1a828c]
V  [jvm.dll+0x1a8e56]
V  [jvm.dll+0x2adf34]
V  [jvm.dll+0x695755]
V  [jvm.dll+0x68d71b]
V  [jvm.dll+0x68cd57]
V  [jvm.dll+0x68ac42]
V  [jvm.dll+0x1a828c]
V  [jvm.dll+0x1a8e56]
V  [jvm.dll+0x2adf34]
V  [jvm.dll+0x695755]
V  [jvm.dll+0x68d71b]
V  [jvm.dll+0x68cd57]
V  [jvm.dll+0x68ac42]
V  [jvm.dll+0x1a828c]
V  [jvm.dll+0x1a8e56]
V  [jvm.dll+0x2adf34]
V  [jvm.dll+0x695755]
V  [jvm.dll+0x68d71b]
V  [jvm.dll+0x68cd57]
V  [jvm.dll+0x68ac42]
V  [jvm.dll+0x1a828c]
V  [jvm.dll+0x1a8e56]
V  [jvm.dll+0x1a8e56]
V  [jvm.dll+0x2adf34]
V  [jvm.dll+0x695755]
V  [jvm.dll+0x68d71b]
V  [jvm.dll+0x68cd57]
V  [jvm.dll+0x68ac42]
V  [jvm.dll+0x1a828c]
V  [jvm.dll+0x218ec8]
V  [jvm.dll+0x1a502d]
V  [jvm.dll+0x2290de]
V  [jvm.dll+0x2272ac]
V  [jvm.dll+0x7e9bb7]
V  [jvm.dll+0x7e3fba]
V  [jvm.dll+0x67c1b5]
C  [ucrtbase.dll+0x21bb2]
C  [KERNEL32.DLL+0x17344]
C  [ntdll.dll+0x4cc91]


---------------  P R O C E S S  ---------------

Threads class SMR info:
_java_thread_list=0x000001f9004a7b70, length=18, elements={
0x000001f974960f70, 0x000001f974962870, 0x000001f9749bd290, 0x000001f9749bed70,
0x000001f9749c2870, 0x000001f9749c6730, 0x000001f9749c7420, 0x000001f9749c7ed0,
0x000001f9749d3ce0, 0x000001f974b2f650, 0x000001f974b56830, 0x000001f9790d4c50,
0x000001f9790e9ad0, 0x000001f9790ea4c0, 0x000001f979364ec0, 0x000001f9793e00d0,
0x000001f9793e15e0, 0x000001f955e2ce10
}

Java Threads: ( => current thread )
  0x000001f974960f70 JavaThread "Reference Handler" daemon [_thread_blocked, id=21632, stack(0x0000007dcd800000,0x0000007dcd900000)]
  0x000001f974962870 JavaThread "Finalizer" daemon [_thread_blocked, id=19320, stack(0x0000007dcd900000,0x0000007dcda00000)]
  0x000001f9749bd290 JavaThread "Signal Dispatcher" daemon [_thread_blocked, id=22628, stack(0x0000007dcda00000,0x0000007dcdb00000)]
  0x000001f9749bed70 JavaThread "Attach Listener" daemon [_thread_blocked, id=14372, stack(0x0000007dcdb00000,0x0000007dcdc00000)]
  0x000001f9749c2870 JavaThread "Service Thread" daemon [_thread_blocked, id=21112, stack(0x0000007dcdc00000,0x0000007dcdd00000)]
  0x000001f9749c6730 JavaThread "Monitor Deflation Thread" daemon [_thread_blocked, id=10260, stack(0x0000007dcdd00000,0x0000007dcde00000)]
=>0x000001f9749c7420 JavaThread "C2 CompilerThread0" daemon [_thread_in_native, id=22552, stack(0x0000007dcde00000,0x0000007dcdf00000)]
  0x000001f9749c7ed0 JavaThread "C1 CompilerThread0" daemon [_thread_blocked, id=22200, stack(0x0000007dcdf00000,0x0000007dce000000)]
  0x000001f9749d3ce0 JavaThread "Sweeper thread" daemon [_thread_blocked, id=24800, stack(0x0000007dce000000,0x0000007dce100000)]
  0x000001f974b2f650 JavaThread "Notification Thread" daemon [_thread_blocked, id=21608, stack(0x0000007dce100000,0x0000007dce200000)]
  0x000001f974b56830 JavaThread "Common-Cleaner" daemon [_thread_blocked, id=19680, stack(0x0000007dce300000,0x0000007dce400000)]
  0x000001f9790d4c50 JavaThread "Java2D Disposer" daemon [_thread_blocked, id=26076, stack(0x0000007dce400000,0x0000007dce500000)]
  0x000001f9790e9ad0 JavaThread "AWT-Shutdown" [_thread_blocked, id=24524, stack(0x0000007dce500000,0x0000007dce600000)]
  0x000001f9790ea4c0 JavaThread "AWT-Windows" daemon [_thread_in_native, id=27616, stack(0x0000007dce600000,0x0000007dce700000)]
  0x000001f979364ec0 JavaThread "AWT-EventQueue-0" [_thread_blocked, id=27036, stack(0x0000007dcef00000,0x0000007dcf000000)]
  0x000001f9793e00d0 JavaThread "D3D Screen Updater" daemon [_thread_blocked, id=12152, stack(0x0000007dcf000000,0x0000007dcf100000)]
  0x000001f9793e15e0 JavaThread "TimerQueue" daemon [_thread_blocked, id=20688, stack(0x0000007dcf100000,0x0000007dcf200000)]
  0x000001f955e2ce10 JavaThread "DestroyJavaVM" [_thread_blocked, id=26848, stack(0x0000007dcd100000,0x0000007dcd200000)]

Other Threads:
  0x000001f97495e020 VMThread "VM Thread" [stack: 0x0000007dcd700000,0x0000007dcd800000] [id=3552]
  0x000001f974b39b50 WatcherThread [stack: 0x0000007dce200000,0x0000007dce300000] [id=6916]
  0x000001f955e97660 GCTaskThread "GC Thread#0" [stack: 0x0000007dcd200000,0x0000007dcd300000] [id=4412]
  0x000001f979156850 GCTaskThread "GC Thread#1" [stack: 0x0000007dcce00000,0x0000007dccf00000] [id=15780]
  0x000001f974998220 GCTaskThread "GC Thread#2" [stack: 0x0000007dccf00000,0x0000007dcd000000] [id=28000]
  0x000001f979153810 GCTaskThread "GC Thread#3" [stack: 0x0000007dcd000000,0x0000007dcd100000] [id=28008]
  0x000001f979161420 GCTaskThread "GC Thread#4" [stack: 0x0000007dce700000,0x0000007dce800000] [id=29184]
  0x000001f979160920 GCTaskThread "GC Thread#5" [stack: 0x0000007dce800000,0x0000007dce900000] [id=29200]
  0x000001f979160660 GCTaskThread "GC Thread#6" [stack: 0x0000007dcf200000,0x0000007dcf300000] [id=29208]
  0x000001f979160be0 GCTaskThread "GC Thread#7" [stack: 0x0000007dcf500000,0x0000007dcf600000] [id=29216]
  0x000001f955ea8a60 ConcurrentGCThread "G1 Main Marker" [stack: 0x0000007dcd300000,0x0000007dcd400000] [id=5640]
  0x000001f955ea9480 ConcurrentGCThread "G1 Conc#0" [stack: 0x0000007dcd400000,0x0000007dcd500000] [id=20920]
  0x000001f9747b40f0 ConcurrentGCThread "G1 Refine#0" [stack: 0x0000007dcd500000,0x0000007dcd600000] [id=4684]
  0x000001f9747b4b20 ConcurrentGCThread "G1 Service" [stack: 0x0000007dcd600000,0x0000007dcd700000] [id=23400]

Threads with active compile tasks:
C2 CompilerThread0  7694367 1471   !   4       java.awt.EventQueue::getNextEvent (84 bytes)

VM state: not at safepoint (normal execution)

VM Mutex/Monitor currently owned by a thread: None

Heap address: 0x0000000702e00000, size: 4050 MB, Compressed Oops mode: Zero based, Oop shift amount: 3

CDS archive(s) not mapped
Compressed class space mapped at: 0x0000000800000000-0x0000000840000000, reserved size: 1073741824
Narrow klass base: 0x0000000800000000, Narrow klass shift: 0, Narrow klass range: 0x40000000

GC Precious Log:
 CPUs: 8 total, 8 available
 Memory: 16192M
 Large Page Support: Disabled
 NUMA Support: Disabled
 Compressed Oops: Enabled (Zero based)
 Heap Region Size: 2M
 Heap Min Capacity: 8M
 Heap Initial Capacity: 254M
 Heap Max Capacity: 4050M
 Pre-touch: Disabled
 Parallel Workers: 8
 Concurrent Workers: 2
 Concurrent Refinement Workers: 8
 Periodic GC: Disabled

Heap:
 garbage-first heap   total 260096K, used 6000K [0x0000000702e00000, 0x0000000800000000)
  region size 2048K, 2 young (4096K), 1 survivors (2048K)
 Metaspace       used 14064K, committed 14272K, reserved 1114112K
  class space    used 1325K, committed 1472K, reserved 1048576K

Heap Regions: E=young(eden), S=young(survivor), O=old, HS=humongous(starts), HC=humongous(continues), CS=collection set, F=free, OA=open archive, CA=closed archive, TAMS=top-at-mark-start (previous, next)
|   0|0x0000000702e00000, 0x0000000703000000, 0x0000000703000000|100%| O|  |TAMS 0x0000000702e00000, 0x0000000702e00000| Untracked 
|   1|0x0000000703000000, 0x0000000703200000, 0x0000000703200000|100%| O|  |TAMS 0x0000000703000000, 0x0000000703000000| Untracked 
|   2|0x0000000703200000, 0x00000007033d9800, 0x0000000703400000| 92%| O|  |TAMS 0x0000000703200000, 0x0000000703200000| Untracked 
|   3|0x0000000703400000, 0x0000000703400000, 0x0000000703600000|  0%| F|  |TAMS 0x0000000703400000, 0x0000000703400000| Untracked 
|   4|0x0000000703600000, 0x0000000703600000, 0x0000000703800000|  0%| F|  |TAMS 0x0000000703600000, 0x0000000703600000| Untracked 
|   5|0x0000000703800000, 0x0000000703800000, 0x0000000703a00000|  0%| F|  |TAMS 0x0000000703800000, 0x0000000703800000| Untracked 
|   6|0x0000000703a00000, 0x0000000703a00000, 0x0000000703c00000|  0%| F|  |TAMS 0x0000000703a00000, 0x0000000703a00000| Untracked 
|   7|0x0000000703c00000, 0x0000000703c00000, 0x0000000703e00000|  0%| F|  |TAMS 0x0000000703c00000, 0x0000000703c00000| Untracked 
|   8|0x0000000703e00000, 0x0000000703e00000, 0x0000000704000000|  0%| F|  |TAMS 0x0000000703e00000, 0x0000000703e00000| Untracked 
|   9|0x0000000704000000, 0x0000000704000000, 0x0000000704200000|  0%| F|  |TAMS 0x0000000704000000, 0x0000000704000000| Untracked 
|  10|0x0000000704200000, 0x0000000704200000, 0x0000000704400000|  0%| F|  |TAMS 0x0000000704200000, 0x0000000704200000| Untracked 
|  11|0x0000000704400000, 0x0000000704400000, 0x0000000704600000|  0%| F|  |TAMS 0x0000000704400000, 0x0000000704400000| Untracked 
|  12|0x0000000704600000, 0x0000000704600000, 0x0000000704800000|  0%| F|  |TAMS 0x0000000704600000, 0x0000000704600000| Untracked 
|  13|0x0000000704800000, 0x0000000704800000, 0x0000000704a00000|  0%| F|  |TAMS 0x0000000704800000, 0x0000000704800000| Untracked 
|  14|0x0000000704a00000, 0x0000000704a00000, 0x0000000704c00000|  0%| F|  |TAMS 0x0000000704a00000, 0x0000000704a00000| Untracked 
|  15|0x0000000704c00000, 0x0000000704c00000, 0x0000000704e00000|  0%| F|  |TAMS 0x0000000704c00000, 0x0000000704c00000| Untracked 
|  16|0x0000000704e00000, 0x0000000704e00000, 0x0000000705000000|  0%| F|  |TAMS 0x0000000704e00000, 0x0000000704e00000| Untracked 
|  17|0x0000000705000000, 0x0000000705000000, 0x0000000705200000|  0%| F|  |TAMS 0x0000000705000000, 0x0000000705000000| Untracked 
|  18|0x0000000705200000, 0x0000000705200000, 0x0000000705400000|  0%| F|  |TAMS 0x0000000705200000, 0x0000000705200000| Untracked 
|  19|0x0000000705400000, 0x0000000705400000, 0x0000000705600000|  0%| F|  |TAMS 0x0000000705400000, 0x0000000705400000| Untracked 
|  20|0x0000000705600000, 0x0000000705600000, 0x0000000705800000|  0%| F|  |TAMS 0x0000000705600000, 0x0000000705600000| Untracked 
|  21|0x0000000705800000, 0x0000000705800000, 0x0000000705a00000|  0%| F|  |TAMS 0x0000000705800000, 0x0000000705800000| Untracked 
|  22|0x0000000705a00000, 0x0000000705a00000, 0x0000000705c00000|  0%| F|  |TAMS 0x0000000705a00000, 0x0000000705a00000| Untracked 
|  23|0x0000000705c00000, 0x0000000705c00000, 0x0000000705e00000|  0%| F|  |TAMS 0x0000000705c00000, 0x0000000705c00000| Untracked 
|  24|0x0000000705e00000, 0x0000000705e00000, 0x0000000706000000|  0%| F|  |TAMS 0x0000000705e00000, 0x0000000705e00000| Untracked 
|  25|0x0000000706000000, 0x0000000706000000, 0x0000000706200000|  0%| F|  |TAMS 0x0000000706000000, 0x0000000706000000| Untracked 
|  26|0x0000000706200000, 0x0000000706200000, 0x0000000706400000|  0%| F|  |TAMS 0x0000000706200000, 0x0000000706200000| Untracked 
|  27|0x0000000706400000, 0x0000000706400000, 0x0000000706600000|  0%| F|  |TAMS 0x0000000706400000, 0x0000000706400000| Untracked 
|  28|0x0000000706600000, 0x0000000706600000, 0x0000000706800000|  0%| F|  |TAMS 0x0000000706600000, 0x0000000706600000| Untracked 
|  29|0x0000000706800000, 0x0000000706800000, 0x0000000706a00000|  0%| F|  |TAMS 0x0000000706800000, 0x0000000706800000| Untracked 
|  30|0x0000000706a00000, 0x0000000706a00000, 0x0000000706c00000|  0%| F|  |TAMS 0x0000000706a00000, 0x0000000706a00000| Untracked 
|  31|0x0000000706c00000, 0x0000000706c00000, 0x0000000706e00000|  0%| F|  |TAMS 0x0000000706c00000, 0x0000000706c00000| Untracked 
|  32|0x0000000706e00000, 0x0000000706e00000, 0x0000000707000000|  0%| F|  |TAMS 0x0000000706e00000, 0x0000000706e00000| Untracked 
|  33|0x0000000707000000, 0x0000000707000000, 0x0000000707200000|  0%| F|  |TAMS 0x0000000707000000, 0x0000000707000000| Untracked 
|  34|0x0000000707200000, 0x0000000707200000, 0x0000000707400000|  0%| F|  |TAMS 0x0000000707200000, 0x0000000707200000| Untracked 
|  35|0x0000000707400000, 0x0000000707400000, 0x0000000707600000|  0%| F|  |TAMS 0x0000000707400000, 0x0000000707400000| Untracked 
|  36|0x0000000707600000, 0x0000000707600000, 0x0000000707800000|  0%| F|  |TAMS 0x0000000707600000, 0x0000000707600000| Untracked 
|  37|0x0000000707800000, 0x0000000707800000, 0x0000000707a00000|  0%| F|  |TAMS 0x0000000707800000, 0x0000000707800000| Untracked 
|  38|0x0000000707a00000, 0x0000000707a00000, 0x0000000707c00000|  0%| F|  |TAMS 0x0000000707a00000, 0x0000000707a00000| Untracked 
|  39|0x0000000707c00000, 0x0000000707c00000, 0x0000000707e00000|  0%| F|  |TAMS 0x0000000707c00000, 0x0000000707c00000| Untracked 
|  40|0x0000000707e00000, 0x0000000707e00000, 0x0000000708000000|  0%| F|  |TAMS 0x0000000707e00000, 0x0000000707e00000| Untracked 
|  41|0x0000000708000000, 0x0000000708000000, 0x0000000708200000|  0%| F|  |TAMS 0x0000000708000000, 0x0000000708000000| Untracked 
|  42|0x0000000708200000, 0x0000000708200000, 0x0000000708400000|  0%| F|  |TAMS 0x0000000708200000, 0x0000000708200000| Untracked 
|  43|0x0000000708400000, 0x0000000708400000, 0x0000000708600000|  0%| F|  |TAMS 0x0000000708400000, 0x0000000708400000| Untracked 
|  44|0x0000000708600000, 0x0000000708600000, 0x0000000708800000|  0%| F|  |TAMS 0x0000000708600000, 0x0000000708600000| Untracked 
|  45|0x0000000708800000, 0x0000000708800000, 0x0000000708a00000|  0%| F|  |TAMS 0x0000000708800000, 0x0000000708800000| Untracked 
|  46|0x0000000708a00000, 0x0000000708a00000, 0x0000000708c00000|  0%| F|  |TAMS 0x0000000708a00000, 0x0000000708a00000| Untracked 
|  47|0x0000000708c00000, 0x0000000708c00000, 0x0000000708e00000|  0%| F|  |TAMS 0x0000000708c00000, 0x0000000708c00000| Untracked 
|  48|0x0000000708e00000, 0x0000000708e00000, 0x0000000709000000|  0%| F|  |TAMS 0x0000000708e00000, 0x0000000708e00000| Untracked 
|  49|0x0000000709000000, 0x0000000709000000, 0x0000000709200000|  0%| F|  |TAMS 0x0000000709000000, 0x0000000709000000| Untracked 
|  50|0x0000000709200000, 0x0000000709200000, 0x0000000709400000|  0%| F|  |TAMS 0x0000000709200000, 0x0000000709200000| Untracked 
|  51|0x0000000709400000, 0x0000000709400000, 0x0000000709600000|  0%| F|  |TAMS 0x0000000709400000, 0x0000000709400000| Untracked 
|  52|0x0000000709600000, 0x0000000709600000, 0x0000000709800000|  0%| F|  |TAMS 0x0000000709600000, 0x0000000709600000| Untracked 
|  53|0x0000000709800000, 0x0000000709800000, 0x0000000709a00000|  0%| F|  |TAMS 0x0000000709800000, 0x0000000709800000| Untracked 
|  54|0x0000000709a00000, 0x0000000709a00000, 0x0000000709c00000|  0%| F|  |TAMS 0x0000000709a00000, 0x0000000709a00000| Untracked 
|  55|0x0000000709c00000, 0x0000000709c00000, 0x0000000709e00000|  0%| F|  |TAMS 0x0000000709c00000, 0x0000000709c00000| Untracked 
|  56|0x0000000709e00000, 0x0000000709e00000, 0x000000070a000000|  0%| F|  |TAMS 0x0000000709e00000, 0x0000000709e00000| Untracked 
|  57|0x000000070a000000, 0x000000070a000000, 0x000000070a200000|  0%| F|  |TAMS 0x000000070a000000, 0x000000070a000000| Untracked 
|  58|0x000000070a200000, 0x000000070a200000, 0x000000070a400000|  0%| F|  |TAMS 0x000000070a200000, 0x000000070a200000| Untracked 
|  59|0x000000070a400000, 0x000000070a400000, 0x000000070a600000|  0%| F|  |TAMS 0x000000070a400000, 0x000000070a400000| Untracked 
|  60|0x000000070a600000, 0x000000070a600000, 0x000000070a800000|  0%| F|  |TAMS 0x000000070a600000, 0x000000070a600000| Untracked 
|  61|0x000000070a800000, 0x000000070a800000, 0x000000070aa00000|  0%| F|  |TAMS 0x000000070a800000, 0x000000070a800000| Untracked 
|  62|0x000000070aa00000, 0x000000070aa00000, 0x000000070ac00000|  0%| F|  |TAMS 0x000000070aa00000, 0x000000070aa00000| Untracked 
|  63|0x000000070ac00000, 0x000000070ac00000, 0x000000070ae00000|  0%| F|  |TAMS 0x000000070ac00000, 0x000000070ac00000| Untracked 
|  64|0x000000070ae00000, 0x000000070ae00000, 0x000000070b000000|  0%| F|  |TAMS 0x000000070ae00000, 0x000000070ae00000| Untracked 
|  65|0x000000070b000000, 0x000000070b000000, 0x000000070b200000|  0%| F|  |TAMS 0x000000070b000000, 0x000000070b000000| Untracked 
|  66|0x000000070b200000, 0x000000070b200000, 0x000000070b400000|  0%| F|  |TAMS 0x000000070b200000, 0x000000070b200000| Untracked 
|  67|0x000000070b400000, 0x000000070b400000, 0x000000070b600000|  0%| F|  |TAMS 0x000000070b400000, 0x000000070b400000| Untracked 
|  68|0x000000070b600000, 0x000000070b600000, 0x000000070b800000|  0%| F|  |TAMS 0x000000070b600000, 0x000000070b600000| Untracked 
|  69|0x000000070b800000, 0x000000070b800000, 0x000000070ba00000|  0%| F|  |TAMS 0x000000070b800000, 0x000000070b800000| Untracked 
|  70|0x000000070ba00000, 0x000000070ba00000, 0x000000070bc00000|  0%| F|  |TAMS 0x000000070ba00000, 0x000000070ba00000| Untracked 
|  71|0x000000070bc00000, 0x000000070bc00000, 0x000000070be00000|  0%| F|  |TAMS 0x000000070bc00000, 0x000000070bc00000| Untracked 
|  72|0x000000070be00000, 0x000000070be00000, 0x000000070c000000|  0%| F|  |TAMS 0x000000070be00000, 0x000000070be00000| Untracked 
|  73|0x000000070c000000, 0x000000070c000000, 0x000000070c200000|  0%| F|  |TAMS 0x000000070c000000, 0x000000070c000000| Untracked 
|  74|0x000000070c200000, 0x000000070c200000, 0x000000070c400000|  0%| F|  |TAMS 0x000000070c200000, 0x000000070c200000| Untracked 
|  75|0x000000070c400000, 0x000000070c400000, 0x000000070c600000|  0%| F|  |TAMS 0x000000070c400000, 0x000000070c400000| Untracked 
|  76|0x000000070c600000, 0x000000070c600000, 0x000000070c800000|  0%| F|  |TAMS 0x000000070c600000, 0x000000070c600000| Untracked 
|  77|0x000000070c800000, 0x000000070c800000, 0x000000070ca00000|  0%| F|  |TAMS 0x000000070c800000, 0x000000070c800000| Untracked 
|  78|0x000000070ca00000, 0x000000070ca00000, 0x000000070cc00000|  0%| F|  |TAMS 0x000000070ca00000, 0x000000070ca00000| Untracked 
|  79|0x000000070cc00000, 0x000000070cc00000, 0x000000070ce00000|  0%| F|  |TAMS 0x000000070cc00000, 0x000000070cc00000| Untracked 
|  80|0x000000070ce00000, 0x000000070ce00000, 0x000000070d000000|  0%| F|  |TAMS 0x000000070ce00000, 0x000000070ce00000| Untracked 
|  81|0x000000070d000000, 0x000000070d000000, 0x000000070d200000|  0%| F|  |TAMS 0x000000070d000000, 0x000000070d000000| Untracked 
|  82|0x000000070d200000, 0x000000070d200000, 0x000000070d400000|  0%| F|  |TAMS 0x000000070d200000, 0x000000070d200000| Untracked 
|  83|0x000000070d400000, 0x000000070d400000, 0x000000070d600000|  0%| F|  |TAMS 0x000000070d400000, 0x000000070d400000| Untracked 
|  84|0x000000070d600000, 0x000000070d600000, 0x000000070d800000|  0%| F|  |TAMS 0x000000070d600000, 0x000000070d600000| Untracked 
|  85|0x000000070d800000, 0x000000070d800000, 0x000000070da00000|  0%| F|  |TAMS 0x000000070d800000, 0x000000070d800000| Untracked 
|  86|0x000000070da00000, 0x000000070da00000, 0x000000070dc00000|  0%| F|  |TAMS 0x000000070da00000, 0x000000070da00000| Untracked 
|  87|0x000000070dc00000, 0x000000070dc00000, 0x000000070de00000|  0%| F|  |TAMS 0x000000070dc00000, 0x000000070dc00000| Untracked 
|  88|0x000000070de00000, 0x000000070de00000, 0x000000070e000000|  0%| F|  |TAMS 0x000000070de00000, 0x000000070de00000| Untracked 
|  89|0x000000070e000000, 0x000000070e000000, 0x000000070e200000|  0%| F|  |TAMS 0x000000070e000000, 0x000000070e000000| Untracked 
|  90|0x000000070e200000, 0x000000070e200000, 0x000000070e400000|  0%| F|  |TAMS 0x000000070e200000, 0x000000070e200000| Untracked 
|  91|0x000000070e400000, 0x000000070e400000, 0x000000070e600000|  0%| F|  |TAMS 0x000000070e400000, 0x000000070e400000| Untracked 
|  92|0x000000070e600000, 0x000000070e600000, 0x000000070e800000|  0%| F|  |TAMS 0x000000070e600000, 0x000000070e600000| Untracked 
|  93|0x000000070e800000, 0x000000070e800000, 0x000000070ea00000|  0%| F|  |TAMS 0x000000070e800000, 0x000000070e800000| Untracked 
|  94|0x000000070ea00000, 0x000000070ea00000, 0x000000070ec00000|  0%| F|  |TAMS 0x000000070ea00000, 0x000000070ea00000| Untracked 
|  95|0x000000070ec00000, 0x000000070ec00000, 0x000000070ee00000|  0%| F|  |TAMS 0x000000070ec00000, 0x000000070ec00000| Untracked 
|  96|0x000000070ee00000, 0x000000070ee00000, 0x000000070f000000|  0%| F|  |TAMS 0x000000070ee00000, 0x000000070ee00000| Untracked 
|  97|0x000000070f000000, 0x000000070f000000, 0x000000070f200000|  0%| F|  |TAMS 0x000000070f000000, 0x000000070f000000| Untracked 
|  98|0x000000070f200000, 0x000000070f200000, 0x000000070f400000|  0%| F|  |TAMS 0x000000070f200000, 0x000000070f200000| Untracked 
|  99|0x000000070f400000, 0x000000070f400000, 0x000000070f600000|  0%| F|  |TAMS 0x000000070f400000, 0x000000070f400000| Untracked 
| 100|0x000000070f600000, 0x000000070f600000, 0x000000070f800000|  0%| F|  |TAMS 0x000000070f600000, 0x000000070f600000| Untracked 
| 101|0x000000070f800000, 0x000000070f800000, 0x000000070fa00000|  0%| F|  |TAMS 0x000000070f800000, 0x000000070f800000| Untracked 
| 102|0x000000070fa00000, 0x000000070fa00000, 0x000000070fc00000|  0%| F|  |TAMS 0x000000070fa00000, 0x000000070fa00000| Untracked 
| 103|0x000000070fc00000, 0x000000070fc00000, 0x000000070fe00000|  0%| F|  |TAMS 0x000000070fc00000, 0x000000070fc00000| Untracked 
| 104|0x000000070fe00000, 0x000000070fe00000, 0x0000000710000000|  0%| F|  |TAMS 0x000000070fe00000, 0x000000070fe00000| Untracked 
| 105|0x0000000710000000, 0x0000000710000000, 0x0000000710200000|  0%| F|  |TAMS 0x0000000710000000, 0x0000000710000000| Untracked 
| 106|0x0000000710200000, 0x0000000710200000, 0x0000000710400000|  0%| F|  |TAMS 0x0000000710200000, 0x0000000710200000| Untracked 
| 107|0x0000000710400000, 0x0000000710400000, 0x0000000710600000|  0%| F|  |TAMS 0x0000000710400000, 0x0000000710400000| Untracked 
| 108|0x0000000710600000, 0x0000000710600000, 0x0000000710800000|  0%| F|  |TAMS 0x0000000710600000, 0x0000000710600000| Untracked 
| 109|0x0000000710800000, 0x0000000710800000, 0x0000000710a00000|  0%| F|  |TAMS 0x0000000710800000, 0x0000000710800000| Untracked 
| 110|0x0000000710a00000, 0x0000000710a00000, 0x0000000710c00000|  0%| F|  |TAMS 0x0000000710a00000, 0x0000000710a00000| Untracked 
| 111|0x0000000710c00000, 0x0000000710c00000, 0x0000000710e00000|  0%| F|  |TAMS 0x0000000710c00000, 0x0000000710c00000| Untracked 
| 112|0x0000000710e00000, 0x0000000710e00000, 0x0000000711000000|  0%| F|  |TAMS 0x0000000710e00000, 0x0000000710e00000| Untracked 
| 113|0x0000000711000000, 0x0000000711000000, 0x0000000711200000|  0%| F|  |TAMS 0x0000000711000000, 0x0000000711000000| Untracked 
| 114|0x0000000711200000, 0x0000000711200000, 0x0000000711400000|  0%| F|  |TAMS 0x0000000711200000, 0x0000000711200000| Untracked 
| 115|0x0000000711400000, 0x0000000711400000, 0x0000000711600000|  0%| F|  |TAMS 0x0000000711400000, 0x0000000711400000| Untracked 
| 116|0x0000000711600000, 0x0000000711600000, 0x0000000711800000|  0%| F|  |TAMS 0x0000000711600000, 0x0000000711600000| Untracked 
| 117|0x0000000711800000, 0x0000000711800000, 0x0000000711a00000|  0%| F|  |TAMS 0x0000000711800000, 0x0000000711800000| Untracked 
| 118|0x0000000711a00000, 0x0000000711a00000, 0x0000000711c00000|  0%| F|  |TAMS 0x0000000711a00000, 0x0000000711a00000| Untracked 
| 119|0x0000000711c00000, 0x0000000711c00000, 0x0000000711e00000|  0%| F|  |TAMS 0x0000000711c00000, 0x0000000711c00000| Untracked 
| 120|0x0000000711e00000, 0x0000000711e02850, 0x0000000712000000|  0%| S|CS|TAMS 0x0000000711e00000, 0x0000000711e00000| Complete 
| 121|0x0000000712000000, 0x0000000712000000, 0x0000000712200000|  0%| F|  |TAMS 0x0000000712000000, 0x0000000712000000| Untracked 
| 122|0x0000000712200000, 0x0000000712200000, 0x0000000712400000|  0%| F|  |TAMS 0x0000000712200000, 0x0000000712200000| Untracked 
| 123|0x0000000712400000, 0x0000000712400000, 0x0000000712600000|  0%| F|  |TAMS 0x0000000712400000, 0x0000000712400000| Untracked 
| 124|0x0000000712600000, 0x0000000712600000, 0x0000000712800000|  0%| F|  |TAMS 0x0000000712600000, 0x0000000712600000| Untracked 
| 125|0x0000000712800000, 0x0000000712800000, 0x0000000712a00000|  0%| F|  |TAMS 0x0000000712800000, 0x0000000712800000| Untracked 
| 126|0x0000000712a00000, 0x0000000712a35a78, 0x0000000712c00000| 10%| E|  |TAMS 0x0000000712a00000, 0x0000000712a00000| Complete 

Card table byte_map: [0x000001f969020000,0x000001f969810000] _byte_map_base: 0x000001f965809000

Marking Bits (Prev, Next): (CMBitMap*) 0x000001f955e97c80, (CMBitMap*) 0x000001f955e97cc0
 Prev Bits: [0x000001f96a000000, 0x000001f96df48000)
 Next Bits: [0x000001f96df50000, 0x000001f971e98000)

Polling page: 0x000001f9555f0000

Metaspace:

Usage:
  Non-class:     12.44 MB used.
      Class:      1.29 MB used.
       Both:     13.74 MB used.

Virtual space:
  Non-class space:       64.00 MB reserved,      12.50 MB ( 20%) committed,  1 nodes.
      Class space:        1.00 GB reserved,       1.44 MB ( <1%) committed,  1 nodes.
             Both:        1.06 GB reserved,      13.94 MB (  1%) committed. 

Chunk freelists:
   Non-Class:  3.00 MB
       Class:  14.61 MB
        Both:  17.61 MB

MaxMetaspaceSize: unlimited
CompressedClassSpaceSize: 1.00 GB
Initial GC threshold: 21.00 MB
Current GC threshold: 21.00 MB
CDS: off
MetaspaceReclaimPolicy: balanced
 - commit_granule_bytes: 65536.
 - commit_granule_words: 8192.
 - virtual_space_node_default_size: 8388608.
 - enlarge_chunks_in_place: 1.
 - new_chunks_are_fully_committed: 0.
 - uncommit_free_chunks: 1.
 - use_allocation_guard: 0.
 - handle_deallocations: 1.


Internal statistics:

num_allocs_failed_limit: 0.
num_arena_births: 118.
num_arena_deaths: 0.
num_vsnodes_births: 2.
num_vsnodes_deaths: 0.
num_space_committed: 223.
num_space_uncommitted: 0.
num_chunks_returned_to_freelist: 0.
num_chunks_taken_from_freelist: 168.
num_chunk_merges: 0.
num_chunk_splits: 98.
num_chunks_enlarged: 56.
num_inconsistent_stats: 0.

CodeHeap 'non-profiled nmethods': size=120000Kb used=660Kb max_used=660Kb free=119339Kb
 bounds [0x000001f960fd0000, 0x000001f961240000, 0x000001f968500000]
CodeHeap 'profiled nmethods': size=120000Kb used=2635Kb max_used=2635Kb free=117364Kb
 bounds [0x000001f959500000, 0x000001f9597a0000, 0x000001f960a30000]
CodeHeap 'non-nmethods': size=5760Kb used=1251Kb max_used=1294Kb free=4508Kb
 bounds [0x000001f960a30000, 0x000001f960ca0000, 0x000001f960fd0000]
 total_blobs=2041 nmethods=1470 adapters=484
 compilation: enabled
              stopped_count=0, restarted_count=0
 full_count=0

Compilation events (20 events):
Event: 3284.167 Thread 0x000001f9749c7ed0 nmethod 1461 0x000001f95978b890 code [0x000001f95978bce0, 0x000001f95978e488]
Event: 4293.446 Thread 0x000001f9749c7ed0 1462   !   3       java.lang.ref.ReferenceQueue::remove (125 bytes)
Event: 4293.449 Thread 0x000001f9749c7ed0 nmethod 1462 0x000001f95978f410 code [0x000001f95978f620, 0x000001f95978fdd8]
Event: 4653.495 Thread 0x000001f9749c7ed0 1463   !   3       jdk.internal.ref.PhantomCleanable::isListEmpty (34 bytes)
Event: 4653.496 Thread 0x000001f9749c7ed0 nmethod 1463 0x000001f959790110 code [0x000001f9597902a0, 0x000001f9597904f8]
Event: 4653.496 Thread 0x000001f9749c7ed0 1464       3       jdk.internal.misc.InnocuousThread::eraseThreadLocals (23 bytes)
Event: 4653.497 Thread 0x000001f9749c7ed0 nmethod 1464 0x000001f959790610 code [0x000001f9597907a0, 0x000001f959790998]
Event: 5438.535 Thread 0x000001f9749c7420 1465 % !   4       sun.java2d.d3d.D3DScreenUpdateManager::run @ 0 (267 bytes)
Event: 5438.546 Thread 0x000001f9749c7420 nmethod 1465% 0x000001f96106e910 code [0x000001f96106eae0, 0x000001f96106f878]
Event: 5934.812 Thread 0x000001f9749c7420 1466 % !   4       sun.java2d.d3d.D3DScreenUpdateManager::run @ 105 (267 bytes)
Event: 5934.831 Thread 0x000001f9749c7420 nmethod 1466% 0x000001f961070010 code [0x000001f961070200, 0x000001f9610711f8]
Event: 7545.333 Thread 0x000001f9749c7ed0 1467   !   3       sun.awt.PostEventQueue::flush (168 bytes)
Event: 7545.395 Thread 0x000001f9749c7ed0 nmethod 1467 0x000001f959790a10 code [0x000001f959790cc0, 0x000001f959791a48]
Event: 7548.316 Thread 0x000001f9749c7ed0 1468   !   3       java.awt.EventQueue::getNextEvent (84 bytes)
Event: 7548.321 Thread 0x000001f9749c7ed0 nmethod 1468 0x000001f959792090 code [0x000001f9597922e0, 0x000001f959792ba8]
Event: 7549.184 Thread 0x000001f9749c7420 1469   !   4       java.util.concurrent.locks.AbstractQueuedSynchronizer$ConditionObject::await (183 bytes)
Event: 7549.225 Thread 0x000001f9749c7420 nmethod 1469 0x000001f961071990 code [0x000001f961071b80, 0x000001f961072588]
Event: 7594.004 Thread 0x000001f9749c7420 1470   !   4       sun.awt.PostEventQueue::flush (168 bytes)
Event: 7594.063 Thread 0x000001f9749c7420 nmethod 1470 0x000001f961072d90 code [0x000001f961072fc0, 0x000001f961074780]
Event: 7694.311 Thread 0x000001f9749c7420 1471   !   4       java.awt.EventQueue::getNextEvent (84 bytes)

GC Heap History (14 events):
Event: 272.920 GC heap before
{Heap before GC invocations=0 (full 0):
 garbage-first heap   total 260096K, used 22528K [0x0000000702e00000, 0x0000000800000000)
  region size 2048K, 11 young (22528K), 0 survivors (0K)
 Metaspace       used 14050K, committed 14272K, reserved 1114112K
  class space    used 1325K, committed 1472K, reserved 1048576K
}
Event: 272.924 GC heap after
{Heap after GC invocations=1 (full 0):
 garbage-first heap   total 260096K, used 5201K [0x0000000702e00000, 0x0000000800000000)
  region size 2048K, 2 young (4096K), 2 survivors (4096K)
 Metaspace       used 14050K, committed 14272K, reserved 1114112K
  class space    used 1325K, committed 1472K, reserved 1048576K
}
Event: 1562.859 GC heap before
{Heap before GC invocations=1 (full 0):
 garbage-first heap   total 260096K, used 27729K [0x0000000702e00000, 0x0000000800000000)
  region size 2048K, 13 young (26624K), 2 survivors (4096K)
 Metaspace       used 14052K, committed 14272K, reserved 1114112K
  class space    used 1325K, committed 1472K, reserved 1048576K
}
Event: 1562.863 GC heap after
{Heap after GC invocations=2 (full 0):
 garbage-first heap   total 260096K, used 6173K [0x0000000702e00000, 0x0000000800000000)
  region size 2048K, 1 young (2048K), 1 survivors (2048K)
 Metaspace       used 14052K, committed 14272K, reserved 1114112K
  class space    used 1325K, committed 1472K, reserved 1048576K
}
Event: 5318.935 GC heap before
{Heap before GC invocations=2 (full 0):
 garbage-first heap   total 260096K, used 71709K [0x0000000702e00000, 0x0000000800000000)
  region size 2048K, 33 young (67584K), 1 survivors (2048K)
 Metaspace       used 14064K, committed 14272K, reserved 1114112K
  class space    used 1325K, committed 1472K, reserved 1048576K
}
Event: 5318.940 GC heap after
{Heap after GC invocations=3 (full 0):
 garbage-first heap   total 260096K, used 6047K [0x0000000702e00000, 0x0000000800000000)
  region size 2048K, 1 young (2048K), 1 survivors (2048K)
 Metaspace       used 14064K, committed 14272K, reserved 1114112K
  class space    used 1325K, committed 1472K, reserved 1048576K
}
Event: 5910.818 GC heap before
{Heap before GC invocations=3 (full 0):
 garbage-first heap   total 260096K, used 16287K [0x0000000702e00000, 0x0000000800000000)
  region size 2048K, 6 young (12288K), 1 survivors (2048K)
 Metaspace       used 14064K, committed 14272K, reserved 1114112K
  class space    used 1325K, committed 1472K, reserved 1048576K
}
Event: 5910.820 GC heap after
{Heap after GC invocations=4 (full 0):
 garbage-first heap   total 260096K, used 6001K [0x0000000702e00000, 0x0000000800000000)
  region size 2048K, 1 young (2048K), 1 survivors (2048K)
 Metaspace       used 14064K, committed 14272K, reserved 1114112K
  class space    used 1325K, committed 1472K, reserved 1048576K
}
Event: 6504.166 GC heap before
{Heap before GC invocations=4 (full 0):
 garbage-first heap   total 260096K, used 16241K [0x0000000702e00000, 0x0000000800000000)
  region size 2048K, 6 young (12288K), 1 survivors (2048K)
 Metaspace       used 14064K, committed 14272K, reserved 1114112K
  class space    used 1325K, committed 1472K, reserved 1048576K
}
Event: 6504.168 GC heap after
{Heap after GC invocations=5 (full 0):
 garbage-first heap   total 260096K, used 6002K [0x0000000702e00000, 0x0000000800000000)
  region size 2048K, 1 young (2048K), 1 survivors (2048K)
 Metaspace       used 14064K, committed 14272K, reserved 1114112K
  class space    used 1325K, committed 1472K, reserved 1048576K
}
Event: 7096.261 GC heap before
{Heap before GC invocations=5 (full 0):
 garbage-first heap   total 260096K, used 16242K [0x0000000702e00000, 0x0000000800000000)
  region size 2048K, 6 young (12288K), 1 survivors (2048K)
 Metaspace       used 14064K, committed 14272K, reserved 1114112K
  class space    used 1325K, committed 1472K, reserved 1048576K
}
Event: 7096.262 GC heap after
{Heap after GC invocations=6 (full 0):
 garbage-first heap   total 260096K, used 5998K [0x0000000702e00000, 0x0000000800000000)
  region size 2048K, 1 young (2048K), 1 survivors (2048K)
 Metaspace       used 14064K, committed 14272K, reserved 1114112K
  class space    used 1325K, committed 1472K, reserved 1048576K
}
Event: 7687.091 GC heap before
{Heap before GC invocations=6 (full 0):
 garbage-first heap   total 260096K, used 16238K [0x0000000702e00000, 0x0000000800000000)
  region size 2048K, 6 young (12288K), 1 survivors (2048K)
 Metaspace       used 14064K, committed 14272K, reserved 1114112K
  class space    used 1325K, committed 1472K, reserved 1048576K
}
Event: 7687.095 GC heap after
{Heap after GC invocations=7 (full 0):
 garbage-first heap   total 260096K, used 6000K [0x0000000702e00000, 0x0000000800000000)
  region size 2048K, 1 young (2048K), 1 survivors (2048K)
 Metaspace       used 14064K, committed 14272K, reserved 1114112K
  class space    used 1325K, committed 1472K, reserved 1048576K
}

Dll operation events (6 events):
Event: 0.009 Loaded shared library C:\Users\Najila\.p2\pool\plugins\org.eclipse.justj.openjdk.hotspot.jre.full.win32.x86_64_17.0.10.v20240120-1143\jre\bin\java.dll
Event: 0.142 Loaded shared library C:\Users\Najila\.p2\pool\plugins\org.eclipse.justj.openjdk.hotspot.jre.full.win32.x86_64_17.0.10.v20240120-1143\jre\bin\jimage.dll
Event: 0.185 Loaded shared library C:\Users\Najila\.p2\pool\plugins\org.eclipse.justj.openjdk.hotspot.jre.full.win32.x86_64_17.0.10.v20240120-1143\jre\bin\awt.dll
Event: 0.476 Loaded shared library C:\Users\Najila\.p2\pool\plugins\org.eclipse.justj.openjdk.hotspot.jre.full.win32.x86_64_17.0.10.v20240120-1143\jre\bin\freetype.dll
Event: 0.477 Loaded shared library C:\Users\Najila\.p2\pool\plugins\org.eclipse.justj.openjdk.hotspot.jre.full.win32.x86_64_17.0.10.v20240120-1143\jre\bin\fontmanager.dll
Event: 0.582 Loaded shared library C:\Users\Najila\.p2\pool\plugins\org.eclipse.justj.openjdk.hotspot.jre.full.win32.x86_64_17.0.10.v20240120-1143\jre\bin\zip.dll

Deoptimization events (20 events):
Event: 533.494 Thread 0x000001f9793e00d0 DEOPT PACKING pc=0x000001f961068b30 sp=0x0000007dcf0fef30
Event: 533.494 Thread 0x000001f9793e00d0 DEOPT UNPACKING pc=0x000001f960a869a3 sp=0x0000007dcf0feef0 mode 2
Event: 1190.957 Thread 0x000001f9793e15e0 Uncommon trap: trap_request=0xffffff45 fr.pc=0x000001f96105f834 relative=0x0000000000000594
Event: 1190.957 Thread 0x000001f9793e15e0 Uncommon trap: reason=unstable_if action=reinterpret pc=0x000001f96105f834 method=javax.swing.Timer.post()V @ 9 c2
Event: 1190.957 Thread 0x000001f9793e15e0 DEOPT PACKING pc=0x000001f96105f834 sp=0x0000007dcf1ff6a0
Event: 1190.957 Thread 0x000001f9793e15e0 DEOPT UNPACKING pc=0x000001f960a869a3 sp=0x0000007dcf1ff680 mode 2
Event: 3177.122 Thread 0x000001f979364ec0 DEOPT PACKING pc=0x000001f95977f854 sp=0x0000007dcefff1a0
Event: 3177.122 Thread 0x000001f979364ec0 DEOPT UNPACKING pc=0x000001f960a87143 sp=0x0000007dceffe6b8 mode 0
Event: 3186.209 Thread 0x000001f9793e15e0 DEOPT PACKING pc=0x000001f959781bf2 sp=0x0000007dcf1ff640
Event: 3186.209 Thread 0x000001f9793e15e0 DEOPT UNPACKING pc=0x000001f960a87143 sp=0x0000007dcf1febe0 mode 0
Event: 5879.649 Thread 0x000001f9793e00d0 DEOPT PACKING pc=0x000001f95978a5ff sp=0x0000007dcf0feef0
Event: 5879.650 Thread 0x000001f9793e00d0 DEOPT UNPACKING pc=0x000001f960a87143 sp=0x0000007dcf0fe480 mode 0
Event: 7543.871 Thread 0x000001f979364ec0 Uncommon trap: trap_request=0xffffff45 fr.pc=0x000001f961035e04 relative=0x0000000000004164
Event: 7543.872 Thread 0x000001f979364ec0 Uncommon trap: reason=unstable_if action=reinterpret pc=0x000001f961035e04 method=java.awt.EventQueue.postEvent(Ljava/awt/AWTEvent;I)V @ 51 c2
Event: 7543.873 Thread 0x000001f979364ec0 DEOPT PACKING pc=0x000001f961035e04 sp=0x0000007dceffef90
Event: 7543.873 Thread 0x000001f979364ec0 DEOPT UNPACKING pc=0x000001f960a869a3 sp=0x0000007dceffee68 mode 2
Event: 7543.873 Thread 0x000001f979364ec0 Uncommon trap: trap_request=0xffffff45 fr.pc=0x000001f96106301c relative=0x00000000000013dc
Event: 7543.874 Thread 0x000001f979364ec0 Uncommon trap: reason=unstable_if action=reinterpret pc=0x000001f96106301c method=java.awt.EventQueue.getNextEventPrivate()Ljava/awt/AWTEvent; @ 45 c2
Event: 7543.876 Thread 0x000001f979364ec0 DEOPT PACKING pc=0x000001f96106301c sp=0x0000007dcefff0a0
Event: 7543.877 Thread 0x000001f979364ec0 DEOPT UNPACKING pc=0x000001f960a869a3 sp=0x0000007dcefff040 mode 2

Classes unloaded (0 events):
No events

Classes redefined (0 events):
No events

Internal exceptions (13 events):
Event: 0.172 Thread 0x000001f955e2ce10 Exception <a 'java/lang/ClassNotFoundException'{0x0000000712b9ae60}: sun/awt/resources/spi/awtProvider> (0x0000000712b9ae60) 
thrown [s\src\hotspot\share\classfile\systemDictionary.cpp, line 256]
Event: 0.208 Thread 0x000001f955e2ce10 Exception <a 'java/io/FileNotFoundException'{0x0000000712bf4b70}> (0x0000000712bf4b70) 
thrown [s\src\hotspot\share\prims\jni.cpp, line 516]
Event: 0.216 Thread 0x000001f955e2ce10 Exception <a 'java/io/FileNotFoundException'{0x0000000712822338}> (0x0000000712822338) 
thrown [s\src\hotspot\share\prims\jni.cpp, line 516]
Event: 0.270 Thread 0x000001f955e2ce10 Exception <a 'java/lang/NoSuchMethodError'{0x0000000712862b68}: 'java.lang.Object java.lang.invoke.DirectMethodHandle$Holder.invokeStaticInit(java.lang.Object)'> (0x0000000712862b68) 
thrown [s\src\hotspot\share\interpreter\linkResolver.cpp, line 759]
Event: 0.394 Thread 0x000001f955e2ce10 Exception <a 'java/lang/NoSuchMethodError'{0x0000000712921038}: 'void java.lang.invoke.DirectMethodHandle$Holder.invokeSpecial(java.lang.Object, java.lang.Object, java.lang.Object)'> (0x0000000712921038) 
thrown [s\src\hotspot\share\interpreter\linkResolver.cpp, line 759]
Event: 0.402 Thread 0x000001f955e2ce10 Exception <a 'java/lang/NoSuchMethodError'{0x000000071294b050}: 'java.lang.Object java.lang.invoke.DirectMethodHandle$Holder.newInvokeSpecial(java.lang.Object, java.lang.Object, java.lang.Object, java.lang.Object, java.lang.Object)'> (0x000000071294b050) 
thrown [s\src\hotspot\share\interpreter\linkResolver.cpp, line 759]
Event: 0.404 Thread 0x000001f955e2ce10 Exception <a 'java/lang/NoSuchMethodError'{0x0000000712956c68}: 'java.lang.Object java.lang.invoke.DirectMethodHandle$Holder.invokeStatic(java.lang.Object, int, java.lang.Object, java.lang.Object, java.lang.Object, java.lang.Object)'> (0x0000000712956c68) 
thrown [s\src\hotspot\share\interpreter\linkResolver.cpp, line 759]
Event: 0.410 Thread 0x000001f955e2ce10 Exception <a 'java/lang/NoSuchMethodError'{0x000000071297c518}: 'java.lang.Object java.lang.invoke.DirectMethodHandle$Holder.invokeStatic(java.lang.Object, int, java.lang.Object)'> (0x000000071297c518) 
thrown [s\src\hotspot\share\interpreter\linkResolver.cpp, line 759]
Event: 0.434 Thread 0x000001f955e2ce10 Exception <a 'java/lang/ClassNotFoundException'{0x0000000712634310}: com/sun/swing/internal/plaf/metal/resources/spi/metalProvider> (0x0000000712634310) 
thrown [s\src\hotspot\share\classfile\systemDictionary.cpp, line 256]
Event: 0.435 Thread 0x000001f955e2ce10 Exception <a 'java/lang/ClassNotFoundException'{0x0000000712637ef0}: com/sun/swing/internal/plaf/basic/resources/spi/basicProvider> (0x0000000712637ef0) 
thrown [s\src\hotspot\share\classfile\systemDictionary.cpp, line 256]
Event: 0.454 Thread 0x000001f9790ea4c0 Exception <a 'java/lang/NoSuchMethodError'{0x0000000712881370}: 'void java.lang.invoke.DirectMethodHandle$Holder.invokeVirtual(java.lang.Object, java.lang.Object)'> (0x0000000712881370) 
thrown [s\src\hotspot\share\interpreter\linkResolver.cpp, line 759]
Event: 0.471 Thread 0x000001f955e2ce10 Exception <a 'java/lang/NoSuchMethodError'{0x00000007126e6e88}: 'void java.lang.invoke.DirectMethodHandle$Holder.invokeStaticInit(java.lang.Object)'> (0x00000007126e6e88) 
thrown [s\src\hotspot\share\interpreter\linkResolver.cpp, line 759]
Event: 0.639 Thread 0x000001f97936d090 Exception <a 'java/lang/NoSuchMethodError'{0x0000000712290268}: 'java.lang.Object java.lang.invoke.DirectMethodHandle$Holder.newInvokeSpecial(java.lang.Object, java.lang.Object, java.lang.Object, int, int, int, int, int)'> (0x0000000712290268) 
thrown [s\src\hotspot\share\interpreter\linkResolver.cpp, line 759]

VM Operations (20 events):
Event: 180.151 Executing VM operation: HandshakeAllThreads
Event: 180.151 Executing VM operation: HandshakeAllThreads done
Event: 262.771 Executing VM operation: Cleanup
Event: 262.771 Executing VM operation: Cleanup done
Event: 272.920 Executing VM operation: G1CollectForAllocation
Event: 272.924 Executing VM operation: G1CollectForAllocation done
Event: 1562.859 Executing VM operation: G1CollectForAllocation
Event: 1562.863 Executing VM operation: G1CollectForAllocation done
Event: 5318.935 Executing VM operation: G1CollectForAllocation
Event: 5318.941 Executing VM operation: G1CollectForAllocation done
Event: 5910.818 Executing VM operation: G1CollectForAllocation
Event: 5910.820 Executing VM operation: G1CollectForAllocation done
Event: 6504.166 Executing VM operation: G1CollectForAllocation
Event: 6504.168 Executing VM operation: G1CollectForAllocation done
Event: 7096.260 Executing VM operation: G1CollectForAllocation
Event: 7096.262 Executing VM operation: G1CollectForAllocation done
Event: 7544.730 Executing VM operation: Cleanup
Event: 7544.730 Executing VM operation: Cleanup done
Event: 7687.091 Executing VM operation: G1CollectForAllocation
Event: 7687.095 Executing VM operation: G1CollectForAllocation done

Events (20 events):
Event: 0.738 loading class java/lang/invoke/VarHandleInts$FieldStaticReadWrite done
Event: 0.738 loading class java/util/concurrent/ForkJoinPool$DefaultForkJoinWorkerThreadFactory
Event: 0.738 loading class java/util/concurrent/ForkJoinPool$ForkJoinWorkerThreadFactory
Event: 0.738 loading class java/util/concurrent/ForkJoinPool$ForkJoinWorkerThreadFactory done
Event: 0.738 loading class java/util/concurrent/ForkJoinPool$DefaultForkJoinWorkerThreadFactory done
Event: 0.738 loading class java/util/concurrent/ForkJoinPool$1
Event: 0.738 loading class java/util/concurrent/ForkJoinPool$1 done
Event: 0.738 loading class java/util/concurrent/ForkJoinPool$DefaultCommonPoolForkJoinWorkerThreadFactory
Event: 0.739 loading class java/util/concurrent/ForkJoinPool$DefaultCommonPoolForkJoinWorkerThreadFactory done
Event: 0.739 loading class java/util/concurrent/ForkJoinPool$WorkQueue
Event: 0.739 loading class java/util/concurrent/ForkJoinPool$WorkQueue done
Event: 0.739 loading class java/util/concurrent/ForkJoinWorkerThread
Event: 0.739 loading class java/util/concurrent/ForkJoinWorkerThread done
Event: 5.715 Thread 0x000001f97936d090 Thread exited: 0x000001f97936d090
Event: 8.351 loading class java/awt/KeyboardFocusManager$2
Event: 8.351 loading class java/awt/KeyboardFocusManager$2 done
Event: 8.351 loading class sun/awt/SunToolkit$1
Event: 8.351 loading class sun/awt/SunToolkit$1 done
Event: 145.542 loading class java/security/DomainCombiner
Event: 145.542 loading class java/security/DomainCombiner done


Dynamic libraries:
0x00007ff65a1b0000 - 0x00007ff65a1be000 	C:\Users\Najila\.p2\pool\plugins\org.eclipse.justj.openjdk.hotspot.jre.full.win32.x86_64_17.0.10.v20240120-1143\jre\bin\javaw.exe
0x00007ffd71fb0000 - 0x00007ffd721a8000 	C:\Windows\SYSTEM32\ntdll.dll
0x00007ffd71080000 - 0x00007ffd7113d000 	C:\Windows\System32\KERNEL32.DLL
0x00007ffd6fbd0000 - 0x00007ffd6fec6000 	C:\Windows\System32\KERNELBASE.dll
0x00007ffd6f670000 - 0x00007ffd6f770000 	C:\Windows\System32\ucrtbase.dll
0x00007ffd5c580000 - 0x00007ffd5c59b000 	C:\Users\Najila\.p2\pool\plugins\org.eclipse.justj.openjdk.hotspot.jre.full.win32.x86_64_17.0.10.v20240120-1143\jre\bin\VCRUNTIME140.dll
0x00007ffd44300000 - 0x00007ffd44317000 	C:\Users\Najila\.p2\pool\plugins\org.eclipse.justj.openjdk.hotspot.jre.full.win32.x86_64_17.0.10.v20240120-1143\jre\bin\jli.dll
0x00007ffd707a0000 - 0x00007ffd7093f000 	C:\Windows\System32\USER32.dll
0x00007ffd6f920000 - 0x00007ffd6f942000 	C:\Windows\System32\win32u.dll
0x00007ffd5ef30000 - 0x00007ffd5f1ca000 	C:\Windows\WinSxS\amd64_microsoft.windows.common-controls_6595b64144ccf1df_6.0.19041.4355_none_60b8b9eb71f62e16\COMCTL32.dll
0x00007ffd709c0000 - 0x00007ffd70a5e000 	C:\Windows\System32\msvcrt.dll
0x00007ffd70b80000 - 0x00007ffd70bab000 	C:\Windows\System32\GDI32.dll
0x00007ffd6fab0000 - 0x00007ffd6fbc7000 	C:\Windows\System32\gdi32full.dll
0x00007ffd6ff50000 - 0x00007ffd6ffed000 	C:\Windows\System32\msvcp_win.dll
0x00007ffd70d50000 - 0x00007ffd70d7f000 	C:\Windows\System32\IMM32.DLL
0x00007ffd5dbc0000 - 0x00007ffd5dbcc000 	C:\Users\Najila\.p2\pool\plugins\org.eclipse.justj.openjdk.hotspot.jre.full.win32.x86_64_17.0.10.v20240120-1143\jre\bin\vcruntime140_1.dll
0x00007ffd3e5e0000 - 0x00007ffd3e66d000 	C:\Users\Najila\.p2\pool\plugins\org.eclipse.justj.openjdk.hotspot.jre.full.win32.x86_64_17.0.10.v20240120-1143\jre\bin\msvcp140.dll
0x00007ffcefc50000 - 0x00007ffcf08b2000 	C:\Users\Najila\.p2\pool\plugins\org.eclipse.justj.openjdk.hotspot.jre.full.win32.x86_64_17.0.10.v20240120-1143\jre\bin\server\jvm.dll
0x00007ffd70c20000 - 0x00007ffd70cd0000 	C:\Windows\System32\ADVAPI32.dll
0x00007ffd6fff0000 - 0x00007ffd70090000 	C:\Windows\System32\sechost.dll
0x00007ffd70f50000 - 0x00007ffd71073000 	C:\Windows\System32\RPCRT4.dll
0x00007ffd6ff20000 - 0x00007ffd6ff47000 	C:\Windows\System32\bcrypt.dll
0x00007ffd232b0000 - 0x00007ffd232b9000 	C:\Windows\SYSTEM32\WSOCK32.dll
0x00007ffd6ebf0000 - 0x00007ffd6ec3b000 	C:\Windows\SYSTEM32\POWRPROF.dll
0x00007ffd70bb0000 - 0x00007ffd70c1b000 	C:\Windows\System32\WS2_32.dll
0x00007ffd65f50000 - 0x00007ffd65f77000 	C:\Windows\SYSTEM32\WINMM.dll
0x00007ffd67760000 - 0x00007ffd6776a000 	C:\Windows\SYSTEM32\VERSION.dll
0x00007ffd6ea60000 - 0x00007ffd6ea72000 	C:\Windows\SYSTEM32\UMPDC.dll
0x00007ffd6d4f0000 - 0x00007ffd6d502000 	C:\Windows\SYSTEM32\kernel.appcore.dll
0x00007ffd6a900000 - 0x00007ffd6a90a000 	C:\Users\Najila\.p2\pool\plugins\org.eclipse.justj.openjdk.hotspot.jre.full.win32.x86_64_17.0.10.v20240120-1143\jre\bin\jimage.dll
0x00007ffd66940000 - 0x00007ffd66b24000 	C:\Windows\SYSTEM32\DBGHELP.DLL
0x00007ffd4f0c0000 - 0x00007ffd4f0f4000 	C:\Windows\SYSTEM32\dbgcore.DLL
0x00007ffd6f890000 - 0x00007ffd6f912000 	C:\Windows\System32\bcryptPrimitives.dll
0x00007ffd55220000 - 0x00007ffd55245000 	C:\Users\Najila\.p2\pool\plugins\org.eclipse.justj.openjdk.hotspot.jre.full.win32.x86_64_17.0.10.v20240120-1143\jre\bin\java.dll
0x00007ffd4dce0000 - 0x00007ffd4dcf8000 	C:\Users\Najila\.p2\pool\plugins\org.eclipse.justj.openjdk.hotspot.jre.full.win32.x86_64_17.0.10.v20240120-1143\jre\bin\zip.dll
0x00007ffd71390000 - 0x00007ffd71afc000 	C:\Windows\System32\SHELL32.dll
0x00007ffd6d6f0000 - 0x00007ffd6de8d000 	C:\Windows\SYSTEM32\windows.storage.dll
0x00007ffd70430000 - 0x00007ffd70783000 	C:\Windows\System32\combase.dll
0x00007ffd6f090000 - 0x00007ffd6f0be000 	C:\Windows\SYSTEM32\Wldp.dll
0x00007ffd701b0000 - 0x00007ffd7027d000 	C:\Windows\System32\OLEAUT32.dll
0x00007ffd712e0000 - 0x00007ffd7138d000 	C:\Windows\System32\SHCORE.dll
0x00007ffd70d80000 - 0x00007ffd70dd5000 	C:\Windows\System32\shlwapi.dll
0x00007ffd6f5a0000 - 0x00007ffd6f5c4000 	C:\Windows\SYSTEM32\profapi.dll
0x00007ffd198b0000 - 0x00007ffd19a40000 	C:\Users\Najila\.p2\pool\plugins\org.eclipse.justj.openjdk.hotspot.jre.full.win32.x86_64_17.0.10.v20240120-1143\jre\bin\awt.dll
0x00007ffd69770000 - 0x00007ffd69800000 	C:\Windows\SYSTEM32\apphelp.dll
0x00007ffd6d200000 - 0x00007ffd6d22f000 	C:\Windows\system32\DWMAPI.DLL
0x00007ffd6cf70000 - 0x00007ffd6d00e000 	C:\Windows\system32\uxtheme.dll
0x00007ffd37270000 - 0x00007ffd37395000 	C:\Windows\system32\opengl32.dll
0x00007ffd40970000 - 0x00007ffd4099c000 	C:\Windows\SYSTEM32\GLU32.dll
0x00007ffd70a60000 - 0x00007ffd70b74000 	C:\Windows\System32\MSCTF.dll
0x00007ffd71150000 - 0x00007ffd7127b000 	C:\Windows\System32\ole32.dll
0x00007ffd3cd00000 - 0x00007ffd3cece000 	C:\Windows\system32\d3d9.dll
0x00007ffd63530000 - 0x00007ffd636f3000 	C:\Windows\System32\DriverStore\FileRepository\u0374485.inf_amd64_abfb7dc77f8ab6ca\B374507\aticfx64.dll
0x00007ffd01fc0000 - 0x00007ffd01ff3000 	C:\Windows\System32\DriverStore\FileRepository\u0374485.inf_amd64_abfb7dc77f8ab6ca\B374507\atiu9p64.dll
0x00007ffd01270000 - 0x00007ffd01fbc000 	C:\Windows\System32\DriverStore\FileRepository\u0374485.inf_amd64_abfb7dc77f8ab6ca\B374507\atiumd64.dll
0x0000000059eb0000 - 0x000000005ad7c000 	C:\Windows\System32\DriverStore\FileRepository\u0374485.inf_amd64_abfb7dc77f8ab6ca\B374507\atiumd6a.dll
0x00007ffd60360000 - 0x00007ffd60390000 	C:\Windows\SYSTEM32\amdihk64.dll
0x00007ffd63790000 - 0x00007ffd637cb000 	C:\Windows\SYSTEM32\dxcore.dll
0x00007ffd6fed0000 - 0x00007ffd6ff1e000 	C:\Windows\System32\cfgmgr32.dll
0x00007ffd23e80000 - 0x00007ffd23f07000 	C:\Users\Najila\.p2\pool\plugins\org.eclipse.justj.openjdk.hotspot.jre.full.win32.x86_64_17.0.10.v20240120-1143\jre\bin\freetype.dll
0x00007ffd23a00000 - 0x00007ffd23ad3000 	C:\Users\Najila\.p2\pool\plugins\org.eclipse.justj.openjdk.hotspot.jre.full.win32.x86_64_17.0.10.v20240120-1143\jre\bin\fontmanager.dll
0x00007ffd3b590000 - 0x00007ffd3b689000 	C:\Windows\SYSTEM32\textinputframework.dll
0x00007ffd689e0000 - 0x00007ffd68d3b000 	C:\Windows\System32\CoreUIComponents.dll
0x00007ffd6a690000 - 0x00007ffd6a782000 	C:\Windows\System32\CoreMessaging.dll
0x00007ffd6e7c0000 - 0x00007ffd6e7f3000 	C:\Windows\SYSTEM32\ntmarta.dll
0x00007ffd6c1a0000 - 0x00007ffd6c2f7000 	C:\Windows\SYSTEM32\wintypes.dll
0x00007ffd45980000 - 0x00007ffd45a2c000 	C:\Windows\SYSTEM32\TextShaping.dll

dbghelp: loaded successfully - version: 4.0.5 - missing functions: none
symbol engine: initialized successfully - sym options: 0x614 - pdb path: .;C:\Users\Najila\.p2\pool\plugins\org.eclipse.justj.openjdk.hotspot.jre.full.win32.x86_64_17.0.10.v20240120-1143\jre\bin;C:\Windows\SYSTEM32;C:\Windows\WinSxS\amd64_microsoft.windows.common-controls_6595b64144ccf1df_6.0.19041.4355_none_60b8b9eb71f62e16;C:\Users\Najila\.p2\pool\plugins\org.eclipse.justj.openjdk.hotspot.jre.full.win32.x86_64_17.0.10.v20240120-1143\jre\bin\server;C:\Windows\System32\DriverStore\FileRepository\u0374485.inf_amd64_abfb7dc77f8ab6ca\B374507

VM Arguments:
jvm_args: -Dfile.encoding=UTF-8 -Dstdout.encoding=UTF-8 -Dstderr.encoding=UTF-8 -XX:+ShowCodeDetailsInExceptionMessages 
java_command: Home
java_class_path (initial): C:\Users\Najila\eclipse-workspace\Animation\bin
Launcher Type: SUN_STANDARD

[Global flags]
     intx CICompilerCount                          = 4                                         {product} {ergonomic}
     uint ConcGCThreads                            = 2                                         {product} {ergonomic}
     uint G1ConcRefinementThreads                  = 8                                         {product} {ergonomic}
   size_t G1HeapRegionSize                         = 2097152                                   {product} {ergonomic}
    uintx GCDrainStackTargetSize                   = 64                                        {product} {ergonomic}
   size_t InitialHeapSize                          = 266338304                                 {product} {ergonomic}
   size_t MarkStackSize                            = 4194304                                   {product} {ergonomic}
   size_t MaxHeapSize                              = 4246732800                                {product} {ergonomic}
   size_t MaxNewSize                               = 2548039680                                {product} {ergonomic}
   size_t MinHeapDeltaBytes                        = 2097152                                   {product} {ergonomic}
   size_t MinHeapSize                              = 8388608                                   {product} {ergonomic}
    uintx NonNMethodCodeHeapSize                   = 5839372                                {pd product} {ergonomic}
    uintx NonProfiledCodeHeapSize                  = 122909434                              {pd product} {ergonomic}
    uintx ProfiledCodeHeapSize                     = 122909434                              {pd product} {ergonomic}
    uintx ReservedCodeCacheSize                    = 251658240                              {pd product} {ergonomic}
     bool SegmentedCodeCache                       = true                                      {product} {ergonomic}
     bool ShowCodeDetailsInExceptionMessages       = true                                   {manageable} {command line}
   size_t SoftMaxHeapSize                          = 4246732800                             {manageable} {ergonomic}
     bool UseCompressedClassPointers               = true                           {product lp64_product} {ergonomic}
     bool UseCompressedOops                        = true                           {product lp64_product} {ergonomic}
     bool UseG1GC                                  = true                                      {product} {ergonomic}
     bool UseLargePagesIndividualAllocation        = false                                  {pd product} {ergonomic}

Logging:
Log output configuration:
 #0: stdout all=warning uptime,level,tags
 #1: stderr all=off uptime,level,tags

Environment Variables:
PATH=C:/Users/Najila/.p2/pool/plugins/org.eclipse.justj.openjdk.hotspot.jre.full.win32.x86_64_17.0.10.v20240120-1143/jre/bin/server;C:/Users/Najila/.p2/pool/plugins/org.eclipse.justj.openjdk.hotspot.jre.full.win32.x86_64_17.0.10.v20240120-1143/jre/bin;C:\Program Files (x86)\Common Files\Oracle\Java\javapath;C:\Windows\system32;C:\Windows;C:\Windows\System32\Wbem;C:\Windows\System32\WindowsPowerShell\v1.0\;C:\Windows\System32\OpenSSH\;C:\Program Files (x86)\NVIDIA Corporation\PhysX\Common;C:\Program Files\NVIDIA Corporation\NVIDIA NvDLISR;C:\Program Files\Microsoft SQL Server\150\Tools\Binn\;C:\Program Files\Microsoft SQL Server\Client SDK\ODBC\170\Tools\Binn\;C:\Program Files\dotnet\;C:\yt-dlp;C:\Program Files\get_iplayer;C:\Program Files\MySQL\MySQL Server 8.0\bin;C:\Program Files\MySQL\MySQL Shell 8.0\bin;C:\Program Files\MySQL\MySQL Shell 8.0\bin\;C:\Users\Najila\AppData\Local\Programs\Python\Python312\Scripts\;C:\Users\Najila\AppData\Local\Programs\Python\Python312\;C:\Users\Najila\AppData\Local\Microsoft\WindowsApps;C:\Users\Najila\.dotnet\tools;C:\Users\Najila\AppData\Local\Programs\Microsoft VS Code\bin;C:\Windows\system32;
USERNAME=Najila
OS=Windows_NT
PROCESSOR_IDENTIFIER=AMD64 Family 23 Model 24 Stepping 1, AuthenticAMD
TMP=C:\Users\Najila\AppData\Local\Temp
TEMP=C:\Users\Najila\AppData\Local\Temp



Periodic native trim disabled


---------------  S Y S T E M  ---------------

OS:
 Windows 10 , 64 bit Build 19041 (10.0.19041.3636)
OS uptime: 1 days 14:40 hours

CPU: total 8 (initial active 8) (8 cores per cpu, 2 threads per core) family 23 model 24 stepping 1 microcode 0x0, cx8, cmov, fxsr, ht, mmx, 3dnowpref, sse, sse2, sse3, ssse3, sse4a, sse4.1, sse4.2, popcnt, lzcnt, tsc, tscinvbit, avx, avx2, aes, clmul, bmi1, bmi2, adx, sha, fma, vzeroupper, clflush, clflushopt
Processor Information for all 8 processors :
  Max Mhz: 2100, Current Mhz: 2100, Mhz Limit: 2100

Memory: 4k page, system-wide physical 16192M (559M free)
TotalPageFile size 65344M (AvailPageFile size 405M)
current process WorkingSet (physical memory assigned to process): 28M, peak: 128M
current process commit charge ("private bytes"): 394M, peak: 409M

vm_info: OpenJDK 64-Bit Server VM (17.0.10+7) for windows-amd64 JRE (17.0.10+7), built on Jan 16 2024 23:25:11 by "admin" with MS VC++ 16.10 / 16.11 (VS2019)

END.
